2021-01-30 21:08:10 |ERROR |JavaFX Application Thread |SqlController.java:284 |com.zlimbo.zcat.controller.SqlController |You have an error in your SQL syntax; check the manual that corresponds to your MySQL server version for the right syntax to use near 'fad' at line 1
2021-01-30 22:18:46 |ERROR |JavaFX Application Thread |SqlController.java:153 |com.zlimbo.zcat.controller.SqlController |database connect fail: Access denied for user 'citauser'@'%' to database 'ouyeel'
2021-01-30 22:18:46 |ERROR |JavaFX Application Thread |SqlController.java:181 |com.zlimbo.zcat.controller.SqlController |null
2021-01-30 22:18:49 |ERROR |JavaFX Application Thread |SqlController.java:181 |com.zlimbo.zcat.controller.SqlController |null
2021-01-30 22:19:07 |ERROR |JavaFX Application Thread |SqlController.java:153 |com.zlimbo.zcat.controller.SqlController |database connect fail: Access denied for user 'citauser'@'%' to database 'ouyeel'
2021-01-30 22:19:07 |ERROR |JavaFX Application Thread |SqlController.java:181 |com.zlimbo.zcat.controller.SqlController |null
2021-01-30 22:20:01 |ERROR |JavaFX Application Thread |SqlController.java:153 |com.zlimbo.zcat.controller.SqlController |database connect fail: Communications link failure

The last packet sent successfully to the server was 0 milliseconds ago. The driver has not received any packets from the server.
2021-01-30 22:20:01 |ERROR |JavaFX Application Thread |SqlController.java:181 |com.zlimbo.zcat.controller.SqlController |null
2021-01-30 22:20:08 |ERROR |JavaFX Application Thread |SqlController.java:181 |com.zlimbo.zcat.controller.SqlController |null
2021-01-30 22:20:39 |ERROR |JavaFX Application Thread |SqlController.java:153 |com.zlimbo.zcat.controller.SqlController |database connect fail: Communications link failure

The last packet sent successfully to the server was 0 milliseconds ago. The driver has not received any packets from the server.
2021-01-30 22:20:39 |ERROR |JavaFX Application Thread |SqlController.java:181 |com.zlimbo.zcat.controller.SqlController |null
2021-01-30 22:22:44 |ERROR |JavaFX Application Thread |SqlController.java:153 |com.zlimbo.zcat.controller.SqlController |database connect fail: Access denied for user 'citauser'@'%' to database 'ouyeel'
2021-01-30 22:23:03 |ERROR |JavaFX Application Thread |SqlController.java:153 |com.zlimbo.zcat.controller.SqlController |database connect fail: Access denied for user 'citauser'@'%' to database 'ouyeel'
2021-01-30 22:23:03 |ERROR |JavaFX Application Thread |SqlController.java:181 |com.zlimbo.zcat.controller.SqlController |null
2021-01-30 22:26:21 |ERROR |JavaFX Application Thread |SqlController.java:153 |com.zlimbo.zcat.controller.SqlController |database connect fail: Communications link failure

The last packet sent successfully to the server was 0 milliseconds ago. The driver has not received any packets from the server.
2021-01-30 22:26:21 |ERROR |JavaFX Application Thread |SqlController.java:181 |com.zlimbo.zcat.controller.SqlController |null
2021-01-30 22:26:25 |ERROR |JavaFX Application Thread |SqlController.java:181 |com.zlimbo.zcat.controller.SqlController |null
2021-01-30 22:29:16 |ERROR |JavaFX Application Thread |SqlController.java:153 |com.zlimbo.zcat.controller.SqlController |database connect fail: Communications link failure

The last packet successfully received from the server was 123,222 milliseconds ago.  The last packet sent successfully to the server was 123,216 milliseconds ago.
2021-01-30 22:29:16 |ERROR |JavaFX Application Thread |SqlController.java:181 |com.zlimbo.zcat.controller.SqlController |null
2021-01-30 22:37:26 |ERROR |JavaFX Application Thread |SqlController.java:284 |com.zlimbo.zcat.controller.SqlController |Communications link failure

The last packet successfully received from the server was 103,827 milliseconds ago.  The last packet sent successfully to the server was 76,786 milliseconds ago.
2021-01-30 23:32:42 |ERROR |JavaFX Application Thread |SqlController.java:153 |com.zlimbo.zcat.controller.SqlController |database connect fail: Communications link failure

The last packet sent successfully to the server was 0 milliseconds ago. The driver has not received any packets from the server.
2021-01-30 23:32:42 |ERROR |JavaFX Application Thread |SqlController.java:181 |com.zlimbo.zcat.controller.SqlController |null
2021-01-30 23:41:03 |ERROR |JavaFX Application Thread |SqlController.java:153 |com.zlimbo.zcat.controller.SqlController |database connect fail: Communications link failure

The last packet sent successfully to the server was 0 milliseconds ago. The driver has not received any packets from the server.
2021-01-30 23:41:03 |ERROR |JavaFX Application Thread |SqlController.java:181 |com.zlimbo.zcat.controller.SqlController |null
