2021-03-20 16:12:08 |DEBUG |main |ConnectionLog.java:70 |com.zlimbo.zcat.connect.ConnectionLog |load connectionParams...
2021-03-20 16:12:08 |DEBUG |JavaFX Application Thread |Main.java:29 |com.zlimbo.zcat.Main |[start] start
2021-03-20 16:12:08 |DEBUG |JavaFX Application Thread |SqlConnector.java:82 |com.zlimbo.zcat.connect.SqlConnector |[SqlControl] start
2021-03-20 16:12:08 |DEBUG |JavaFX Application Thread |SqlConnector.java:86 |com.zlimbo.zcat.connect.SqlConnector |[SqlConnector] end
2021-03-20 16:12:08 |DEBUG |JavaFX Application Thread |SqlConnector.java:82 |com.zlimbo.zcat.connect.SqlConnector |[SqlControl] start
2021-03-20 16:12:08 |DEBUG |JavaFX Application Thread |SqlConnector.java:86 |com.zlimbo.zcat.connect.SqlConnector |[SqlConnector] end
2021-03-20 16:12:08 |DEBUG |JavaFX Application Thread |SqlConnector.java:82 |com.zlimbo.zcat.connect.SqlConnector |[SqlControl] start
2021-03-20 16:12:08 |DEBUG |JavaFX Application Thread |SqlConnector.java:86 |com.zlimbo.zcat.connect.SqlConnector |[SqlConnector] end
2021-03-20 16:12:08 |DEBUG |JavaFX Application Thread |Main.java:45 |com.zlimbo.zcat.Main |[start] end
2021-03-20 16:12:11 |DEBUG |JavaFX Application Thread |MainWindow.java:175 |com.zlimbo.zcat.window.MainWindow |[handle] start

2021-03-20 16:12:11 |DEBUG |JavaFX Application Thread |MainWindow.java:212 |com.zlimbo.zcat.window.MainWindow |[handle] end
2021-03-20 16:12:11 |DEBUG |JavaFX Application Thread |MainWindow.java:175 |com.zlimbo.zcat.window.MainWindow |[handle] start

2021-03-20 16:12:11 |DEBUG |JavaFX Application Thread |MainWindow.java:180 |com.zlimbo.zcat.window.MainWindow |item name: ouyeel [localhost:3306]
2021-03-20 16:12:11 |DEBUG |JavaFX Application Thread |SqlConnector.java:99 |com.zlimbo.zcat.connect.SqlConnector |database url: jdbc:mysql://localhost:3306/ouyeel?useSSL=false&useUnicode=true&characterEncoding=UTF8&serverTimezone=GMT&allowPublicKeyRetrieval=true
2021-03-20 16:12:11 |DEBUG |JavaFX Application Thread |MainWindow.java:620 |com.zlimbo.zcat.window.MainWindow |[showDatabaseTableTree] start
2021-03-20 16:12:11 |DEBUG |JavaFX Application Thread |SqlConnector.java:134 |com.zlimbo.zcat.connect.SqlConnector |[sqlShowTables] start
2021-03-20 16:12:11 |DEBUG |JavaFX Application Thread |SqlConnector.java:142 |com.zlimbo.zcat.connect.SqlConnector |table: invoice
2021-03-20 16:12:11 |DEBUG |JavaFX Application Thread |SqlConnector.java:142 |com.zlimbo.zcat.connect.SqlConnector |table: person
2021-03-20 16:12:11 |DEBUG |JavaFX Application Thread |SqlConnector.java:142 |com.zlimbo.zcat.connect.SqlConnector |table: privatekey
2021-03-20 16:12:11 |DEBUG |JavaFX Application Thread |SqlConnector.java:142 |com.zlimbo.zcat.connect.SqlConnector |table: resinfo
2021-03-20 16:12:11 |DEBUG |JavaFX Application Thread |SqlConnector.java:142 |com.zlimbo.zcat.connect.SqlConnector |table: resinfo2
2021-03-20 16:12:11 |DEBUG |JavaFX Application Thread |SqlConnector.java:142 |com.zlimbo.zcat.connect.SqlConnector |table: resinfo3
2021-03-20 16:12:11 |DEBUG |JavaFX Application Thread |SqlConnector.java:142 |com.zlimbo.zcat.connect.SqlConnector |table: resinfo4
2021-03-20 16:12:11 |DEBUG |JavaFX Application Thread |SqlConnector.java:142 |com.zlimbo.zcat.connect.SqlConnector |table: saleresource
2021-03-20 16:12:11 |DEBUG |JavaFX Application Thread |SqlConnector.java:142 |com.zlimbo.zcat.connect.SqlConnector |table: sc
2021-03-20 16:12:11 |DEBUG |JavaFX Application Thread |SqlConnector.java:142 |com.zlimbo.zcat.connect.SqlConnector |table: stu
2021-03-20 16:12:11 |DEBUG |JavaFX Application Thread |SqlConnector.java:142 |com.zlimbo.zcat.connect.SqlConnector |table: userkey
2021-03-20 16:12:11 |DEBUG |JavaFX Application Thread |SqlConnector.java:160 |com.zlimbo.zcat.connect.SqlConnector |[sqlShowTables] end
2021-03-20 16:12:11 |DEBUG |JavaFX Application Thread |MainWindow.java:645 |com.zlimbo.zcat.window.MainWindow |[showDatabaseTableTree] end
2021-03-20 16:12:11 |DEBUG |JavaFX Application Thread |MainWindow.java:212 |com.zlimbo.zcat.window.MainWindow |[handle] end
2021-03-20 16:12:12 |DEBUG |JavaFX Application Thread |MainWindow.java:175 |com.zlimbo.zcat.window.MainWindow |[handle] start

2021-03-20 16:12:12 |DEBUG |JavaFX Application Thread |MainWindow.java:212 |com.zlimbo.zcat.window.MainWindow |[handle] end
2021-03-20 16:12:13 |DEBUG |JavaFX Application Thread |MainWindow.java:175 |com.zlimbo.zcat.window.MainWindow |[handle] start

2021-03-20 16:12:13 |DEBUG |JavaFX Application Thread |MainWindow.java:180 |com.zlimbo.zcat.window.MainWindow |item name: invoice
2021-03-20 16:12:13 |DEBUG |JavaFX Application Thread |MainWindow.java:558 |com.zlimbo.zcat.window.MainWindow |[showTable] start
2021-03-20 16:12:13 |DEBUG |JavaFX Application Thread |MainWindow.java:242 |com.zlimbo.zcat.window.MainWindow |[addTab] start [tabName = invoice]
2021-03-20 16:12:13 |DEBUG |JavaFX Application Thread |MainWindow.java:246 |com.zlimbo.zcat.window.MainWindow |[addTab] end
2021-03-20 16:12:13 |DEBUG |JavaFX Application Thread |MainWindow.java:225 |com.zlimbo.zcat.window.MainWindow |[tabAddContextMenu] start [tabName = invoice]
2021-03-20 16:12:13 |DEBUG |JavaFX Application Thread |MainWindow.java:231 |com.zlimbo.zcat.window.MainWindow |[tabAddContextMenu] end
2021-03-20 16:12:13 |DEBUG |JavaFX Application Thread |MainWindow.java:397 |com.zlimbo.zcat.window.MainWindow |[executeSqlAndShowTableView] start
2021-03-20 16:12:13 |DEBUG |JavaFX Application Thread |MainWindow.java:398 |com.zlimbo.zcat.window.MainWindow |sql: SELECT * FROM invoice
2021-03-20 16:12:13 |DEBUG |JavaFX Application Thread |MainWindow.java:437 |com.zlimbo.zcat.window.MainWindow |SELECT
2021-03-20 16:12:13 |DEBUG |JavaFX Application Thread |SqlConnector.java:213 |com.zlimbo.zcat.connect.SqlConnector |[sqlQuery] start
2021-03-20 16:12:13 |DEBUG |JavaFX Application Thread |SqlConnector.java:214 |com.zlimbo.zcat.connect.SqlConnector |sql:SELECT * FROM invoice
2021-03-20 16:12:13 |DEBUG |JavaFX Application Thread |SqlConnector.java:227 |com.zlimbo.zcat.connect.SqlConnector |com.mysql.jdbc.JDBC42PreparedStatement@34ed9a8f: SELECT * FROM invoice
2021-03-20 16:12:13 |DEBUG |JavaFX Application Thread |SqlConnector.java:231 |com.zlimbo.zcat.connect.SqlConnector |jdbc query spend: 0.013s
2021-03-20 16:12:13 |DEBUG |JavaFX Application Thread |SqlConnector.java:269 |com.zlimbo.zcat.connect.SqlConnector |[sqlQuery] end
2021-03-20 16:12:13 |DEBUG |JavaFX Application Thread |MainWindow.java:346 |com.zlimbo.zcat.window.MainWindow |[showQuerySingle] start
2021-03-20 16:12:13 |DEBUG |JavaFX Application Thread |MainWindow.java:384 |com.zlimbo.zcat.window.MainWindow |[showQuerySingle] end
2021-03-20 16:12:13 |DEBUG |JavaFX Application Thread |MainWindow.java:486 |com.zlimbo.zcat.window.MainWindow |[executeSqlAndShowTableView] end
2021-03-20 16:12:13 |DEBUG |JavaFX Application Thread |MainWindow.java:612 |com.zlimbo.zcat.window.MainWindow |[showTable] end
2021-03-20 16:12:13 |DEBUG |JavaFX Application Thread |MainWindow.java:212 |com.zlimbo.zcat.window.MainWindow |[handle] end
2021-03-20 16:12:15 |DEBUG |JavaFX Application Thread |MainWindow.java:496 |com.zlimbo.zcat.window.MainWindow |[newQuery] start
2021-03-20 16:12:15 |DEBUG |JavaFX Application Thread |MainWindow.java:242 |com.zlimbo.zcat.window.MainWindow |[addTab] start [tabName = 查询[1]]
2021-03-20 16:12:15 |DEBUG |JavaFX Application Thread |MainWindow.java:246 |com.zlimbo.zcat.window.MainWindow |[addTab] end
2021-03-20 16:12:15 |DEBUG |JavaFX Application Thread |MainWindow.java:225 |com.zlimbo.zcat.window.MainWindow |[tabAddContextMenu] start [tabName = 查询[1]]
2021-03-20 16:12:15 |DEBUG |JavaFX Application Thread |MainWindow.java:231 |com.zlimbo.zcat.window.MainWindow |[tabAddContextMenu] end
2021-03-20 16:12:15 |DEBUG |JavaFX Application Thread |MainWindow.java:548 |com.zlimbo.zcat.window.MainWindow |[newQuery] end
2021-03-20 16:12:42 |DEBUG |JavaFX Application Thread |MainWindow.java:397 |com.zlimbo.zcat.window.MainWindow |[executeSqlAndShowTableView] start
2021-03-20 16:12:42 |DEBUG |JavaFX Application Thread |MainWindow.java:398 |com.zlimbo.zcat.window.MainWindow |sql: DROP FROM invoice;
2021-03-20 16:12:42 |DEBUG |JavaFX Application Thread |MainWindow.java:426 |com.zlimbo.zcat.window.MainWindow |UPDATE
2021-03-20 16:12:42 |DEBUG |JavaFX Application Thread |SqlConnector.java:387 |com.zlimbo.zcat.connect.SqlConnector |[sqlUpdate] start
2021-03-20 16:12:42 |DEBUG |JavaFX Application Thread |SqlConnector.java:388 |com.zlimbo.zcat.connect.SqlConnector |sql:DROP FROM invoice;
2021-03-20 16:12:42 |ERROR |JavaFX Application Thread |SqlConnector.java:397 |com.zlimbo.zcat.connect.SqlConnector |You have an error in your SQL syntax; check the manual that corresponds to your MySQL server version for the right syntax to use near 'FROM invoice' at line 1
2021-03-20 16:12:42 |DEBUG |JavaFX Application Thread |SqlConnector.java:415 |com.zlimbo.zcat.connect.SqlConnector |[sqlUpdate] end
2021-03-20 16:12:42 |DEBUG |JavaFX Application Thread |MainWindow.java:486 |com.zlimbo.zcat.window.MainWindow |[executeSqlAndShowTableView] end
2021-03-20 16:12:42 |DEBUG |JavaFX Application Thread |MainWindow.java:537 |com.zlimbo.zcat.window.MainWindow |flag: 0
2021-03-20 22:05:26 |DEBUG |main |ConnectionLog.java:70 |com.zlimbo.zcat.connect.ConnectionLog |load connectionParams...
2021-03-20 22:05:26 |DEBUG |JavaFX Application Thread |Main.java:29 |com.zlimbo.zcat.Main |[start] start
2021-03-20 22:05:26 |DEBUG |JavaFX Application Thread |SqlConnector.java:82 |com.zlimbo.zcat.connect.SqlConnector |[SqlControl] start
2021-03-20 22:05:26 |DEBUG |JavaFX Application Thread |SqlConnector.java:86 |com.zlimbo.zcat.connect.SqlConnector |[SqlConnector] end
2021-03-20 22:05:26 |DEBUG |JavaFX Application Thread |SqlConnector.java:82 |com.zlimbo.zcat.connect.SqlConnector |[SqlControl] start
2021-03-20 22:05:26 |DEBUG |JavaFX Application Thread |SqlConnector.java:86 |com.zlimbo.zcat.connect.SqlConnector |[SqlConnector] end
2021-03-20 22:05:26 |DEBUG |JavaFX Application Thread |SqlConnector.java:82 |com.zlimbo.zcat.connect.SqlConnector |[SqlControl] start
2021-03-20 22:05:26 |DEBUG |JavaFX Application Thread |SqlConnector.java:86 |com.zlimbo.zcat.connect.SqlConnector |[SqlConnector] end
2021-03-20 22:05:26 |DEBUG |JavaFX Application Thread |Main.java:45 |com.zlimbo.zcat.Main |[start] end
2021-03-20 22:06:17 |DEBUG |main |ConnectionLog.java:39 |com.zlimbo.zcat.connect.ConnectionLog |save connectionParams...
2021-03-20 22:06:53 |DEBUG |main |ConnectionLog.java:70 |com.zlimbo.zcat.connect.ConnectionLog |load connectionParams...
2021-03-20 22:06:53 |DEBUG |JavaFX Application Thread |Main.java:29 |com.zlimbo.zcat.Main |[start] start
2021-03-20 22:06:53 |DEBUG |JavaFX Application Thread |SqlConnector.java:82 |com.zlimbo.zcat.connect.SqlConnector |[SqlControl] start
2021-03-20 22:06:53 |DEBUG |JavaFX Application Thread |SqlConnector.java:86 |com.zlimbo.zcat.connect.SqlConnector |[SqlConnector] end
2021-03-20 22:06:53 |DEBUG |JavaFX Application Thread |SqlConnector.java:82 |com.zlimbo.zcat.connect.SqlConnector |[SqlControl] start
2021-03-20 22:06:53 |DEBUG |JavaFX Application Thread |SqlConnector.java:86 |com.zlimbo.zcat.connect.SqlConnector |[SqlConnector] end
2021-03-20 22:06:53 |DEBUG |JavaFX Application Thread |SqlConnector.java:82 |com.zlimbo.zcat.connect.SqlConnector |[SqlControl] start
2021-03-20 22:06:53 |DEBUG |JavaFX Application Thread |SqlConnector.java:86 |com.zlimbo.zcat.connect.SqlConnector |[SqlConnector] end
2021-03-20 22:06:54 |DEBUG |JavaFX Application Thread |Main.java:45 |com.zlimbo.zcat.Main |[start] end
2021-03-20 22:07:44 |DEBUG |main |ConnectionLog.java:39 |com.zlimbo.zcat.connect.ConnectionLog |save connectionParams...
2021-03-20 22:07:52 |DEBUG |main |ConnectionLog.java:70 |com.zlimbo.zcat.connect.ConnectionLog |load connectionParams...
2021-03-20 22:07:52 |DEBUG |JavaFX Application Thread |Main.java:29 |com.zlimbo.zcat.Main |[start] start
2021-03-20 22:07:52 |DEBUG |JavaFX Application Thread |SqlConnector.java:82 |com.zlimbo.zcat.connect.SqlConnector |[SqlControl] start
2021-03-20 22:07:52 |DEBUG |JavaFX Application Thread |SqlConnector.java:86 |com.zlimbo.zcat.connect.SqlConnector |[SqlConnector] end
2021-03-20 22:07:52 |DEBUG |JavaFX Application Thread |SqlConnector.java:82 |com.zlimbo.zcat.connect.SqlConnector |[SqlControl] start
2021-03-20 22:07:52 |DEBUG |JavaFX Application Thread |SqlConnector.java:86 |com.zlimbo.zcat.connect.SqlConnector |[SqlConnector] end
2021-03-20 22:07:52 |DEBUG |JavaFX Application Thread |SqlConnector.java:82 |com.zlimbo.zcat.connect.SqlConnector |[SqlControl] start
2021-03-20 22:07:52 |DEBUG |JavaFX Application Thread |SqlConnector.java:86 |com.zlimbo.zcat.connect.SqlConnector |[SqlConnector] end
2021-03-20 22:07:52 |DEBUG |JavaFX Application Thread |Main.java:45 |com.zlimbo.zcat.Main |[start] end
2021-03-20 22:08:20 |DEBUG |main |ConnectionLog.java:39 |com.zlimbo.zcat.connect.ConnectionLog |save connectionParams...
2021-03-20 22:08:30 |DEBUG |main |ConnectionLog.java:70 |com.zlimbo.zcat.connect.ConnectionLog |load connectionParams...
2021-03-20 22:08:30 |DEBUG |JavaFX Application Thread |Main.java:29 |com.zlimbo.zcat.Main |[start] start
2021-03-20 22:08:30 |DEBUG |JavaFX Application Thread |SqlConnector.java:82 |com.zlimbo.zcat.connect.SqlConnector |[SqlControl] start
2021-03-20 22:08:30 |DEBUG |JavaFX Application Thread |SqlConnector.java:86 |com.zlimbo.zcat.connect.SqlConnector |[SqlConnector] end
2021-03-20 22:08:30 |DEBUG |JavaFX Application Thread |SqlConnector.java:82 |com.zlimbo.zcat.connect.SqlConnector |[SqlControl] start
2021-03-20 22:08:30 |DEBUG |JavaFX Application Thread |SqlConnector.java:86 |com.zlimbo.zcat.connect.SqlConnector |[SqlConnector] end
2021-03-20 22:08:30 |DEBUG |JavaFX Application Thread |SqlConnector.java:82 |com.zlimbo.zcat.connect.SqlConnector |[SqlControl] start
2021-03-20 22:08:30 |DEBUG |JavaFX Application Thread |SqlConnector.java:86 |com.zlimbo.zcat.connect.SqlConnector |[SqlConnector] end
2021-03-20 22:08:30 |DEBUG |JavaFX Application Thread |Main.java:45 |com.zlimbo.zcat.Main |[start] end
2021-03-20 22:09:26 |DEBUG |main |ConnectionLog.java:39 |com.zlimbo.zcat.connect.ConnectionLog |save connectionParams...
