2021-03-26 09:58:56 |DEBUG |main |ConnectionLog.java:70 |com.zlimbo.zcat.connect.ConnectionLog |load connectionParams...
2021-03-26 09:58:56 |DEBUG |JavaFX Application Thread |Main.java:29 |com.zlimbo.zcat.Main |[start] start
2021-03-26 09:58:56 |DEBUG |JavaFX Application Thread |SqlConnector.java:82 |com.zlimbo.zcat.connect.SqlConnector |[SqlControl] start
2021-03-26 09:58:56 |DEBUG |JavaFX Application Thread |SqlConnector.java:86 |com.zlimbo.zcat.connect.SqlConnector |[SqlConnector] end
2021-03-26 09:58:56 |DEBUG |JavaFX Application Thread |SqlConnector.java:82 |com.zlimbo.zcat.connect.SqlConnector |[SqlControl] start
2021-03-26 09:58:56 |DEBUG |JavaFX Application Thread |SqlConnector.java:86 |com.zlimbo.zcat.connect.SqlConnector |[SqlConnector] end
2021-03-26 09:58:56 |DEBUG |JavaFX Application Thread |SqlConnector.java:82 |com.zlimbo.zcat.connect.SqlConnector |[SqlControl] start
2021-03-26 09:58:56 |DEBUG |JavaFX Application Thread |SqlConnector.java:86 |com.zlimbo.zcat.connect.SqlConnector |[SqlConnector] end
2021-03-26 09:58:56 |DEBUG |JavaFX Application Thread |SqlConnector.java:82 |com.zlimbo.zcat.connect.SqlConnector |[SqlControl] start
2021-03-26 09:58:56 |DEBUG |JavaFX Application Thread |SqlConnector.java:86 |com.zlimbo.zcat.connect.SqlConnector |[SqlConnector] end
2021-03-26 09:58:57 |DEBUG |JavaFX Application Thread |Main.java:45 |com.zlimbo.zcat.Main |[start] end
2021-03-26 09:58:58 |DEBUG |JavaFX Application Thread |MainWindow.java:174 |com.zlimbo.zcat.window.MainWindow |[handle] start

2021-03-26 09:58:58 |DEBUG |JavaFX Application Thread |MainWindow.java:211 |com.zlimbo.zcat.window.MainWindow |[handle] end
2021-03-26 09:58:58 |DEBUG |JavaFX Application Thread |MainWindow.java:174 |com.zlimbo.zcat.window.MainWindow |[handle] start

2021-03-26 09:58:58 |DEBUG |JavaFX Application Thread |MainWindow.java:179 |com.zlimbo.zcat.window.MainWindow |item name: ouyeel [192.168.6.110:3100]
2021-03-26 09:58:58 |DEBUG |JavaFX Application Thread |SqlConnector.java:99 |com.zlimbo.zcat.connect.SqlConnector |database url: jdbc:mysql://192.168.6.110:3100/ouyeel?useSSL=false&useUnicode=true&characterEncoding=UTF8&serverTimezone=GMT&allowPublicKeyRetrieval=true
2021-03-26 09:59:53 |DEBUG |main |ConnectionLog.java:70 |com.zlimbo.zcat.connect.ConnectionLog |load connectionParams...
2021-03-26 09:59:53 |DEBUG |JavaFX Application Thread |Main.java:29 |com.zlimbo.zcat.Main |[start] start
2021-03-26 09:59:53 |DEBUG |JavaFX Application Thread |SqlConnector.java:82 |com.zlimbo.zcat.connect.SqlConnector |[SqlControl] start
2021-03-26 09:59:53 |DEBUG |JavaFX Application Thread |SqlConnector.java:86 |com.zlimbo.zcat.connect.SqlConnector |[SqlConnector] end
2021-03-26 09:59:53 |DEBUG |JavaFX Application Thread |SqlConnector.java:82 |com.zlimbo.zcat.connect.SqlConnector |[SqlControl] start
2021-03-26 09:59:53 |DEBUG |JavaFX Application Thread |SqlConnector.java:86 |com.zlimbo.zcat.connect.SqlConnector |[SqlConnector] end
2021-03-26 09:59:53 |DEBUG |JavaFX Application Thread |SqlConnector.java:82 |com.zlimbo.zcat.connect.SqlConnector |[SqlControl] start
2021-03-26 09:59:53 |DEBUG |JavaFX Application Thread |SqlConnector.java:86 |com.zlimbo.zcat.connect.SqlConnector |[SqlConnector] end
2021-03-26 09:59:53 |DEBUG |JavaFX Application Thread |SqlConnector.java:82 |com.zlimbo.zcat.connect.SqlConnector |[SqlControl] start
2021-03-26 09:59:53 |DEBUG |JavaFX Application Thread |SqlConnector.java:86 |com.zlimbo.zcat.connect.SqlConnector |[SqlConnector] end
2021-03-26 09:59:54 |DEBUG |JavaFX Application Thread |Main.java:45 |com.zlimbo.zcat.Main |[start] end
2021-03-26 09:59:55 |DEBUG |JavaFX Application Thread |MainWindow.java:174 |com.zlimbo.zcat.window.MainWindow |[handle] start

2021-03-26 09:59:55 |DEBUG |JavaFX Application Thread |MainWindow.java:211 |com.zlimbo.zcat.window.MainWindow |[handle] end
2021-03-26 09:59:55 |DEBUG |JavaFX Application Thread |MainWindow.java:174 |com.zlimbo.zcat.window.MainWindow |[handle] start

2021-03-26 09:59:55 |DEBUG |JavaFX Application Thread |MainWindow.java:179 |com.zlimbo.zcat.window.MainWindow |item name: ouyeel [192.168.6.110:3100]
2021-03-26 09:59:55 |DEBUG |JavaFX Application Thread |SqlConnector.java:99 |com.zlimbo.zcat.connect.SqlConnector |database url: jdbc:mysql://192.168.6.110:3100/ouyeel?useSSL=false&useUnicode=true&characterEncoding=UTF8&serverTimezone=GMT&allowPublicKeyRetrieval=true
2021-03-26 10:00:06 |DEBUG |main |ConnectionLog.java:70 |com.zlimbo.zcat.connect.ConnectionLog |load connectionParams...
2021-03-26 10:00:06 |DEBUG |JavaFX Application Thread |Main.java:29 |com.zlimbo.zcat.Main |[start] start
2021-03-26 10:00:06 |DEBUG |JavaFX Application Thread |SqlConnector.java:82 |com.zlimbo.zcat.connect.SqlConnector |[SqlControl] start
2021-03-26 10:00:06 |DEBUG |JavaFX Application Thread |SqlConnector.java:86 |com.zlimbo.zcat.connect.SqlConnector |[SqlConnector] end
2021-03-26 10:00:06 |DEBUG |JavaFX Application Thread |SqlConnector.java:82 |com.zlimbo.zcat.connect.SqlConnector |[SqlControl] start
2021-03-26 10:00:06 |DEBUG |JavaFX Application Thread |SqlConnector.java:86 |com.zlimbo.zcat.connect.SqlConnector |[SqlConnector] end
2021-03-26 10:00:06 |DEBUG |JavaFX Application Thread |SqlConnector.java:82 |com.zlimbo.zcat.connect.SqlConnector |[SqlControl] start
2021-03-26 10:00:06 |DEBUG |JavaFX Application Thread |SqlConnector.java:86 |com.zlimbo.zcat.connect.SqlConnector |[SqlConnector] end
2021-03-26 10:00:06 |DEBUG |JavaFX Application Thread |SqlConnector.java:82 |com.zlimbo.zcat.connect.SqlConnector |[SqlControl] start
2021-03-26 10:00:06 |DEBUG |JavaFX Application Thread |SqlConnector.java:86 |com.zlimbo.zcat.connect.SqlConnector |[SqlConnector] end
2021-03-26 10:00:07 |DEBUG |JavaFX Application Thread |Main.java:45 |com.zlimbo.zcat.Main |[start] end
2021-03-26 10:00:08 |DEBUG |JavaFX Application Thread |MainWindow.java:174 |com.zlimbo.zcat.window.MainWindow |[handle] start

2021-03-26 10:00:08 |DEBUG |JavaFX Application Thread |MainWindow.java:211 |com.zlimbo.zcat.window.MainWindow |[handle] end
2021-03-26 10:00:08 |DEBUG |JavaFX Application Thread |MainWindow.java:174 |com.zlimbo.zcat.window.MainWindow |[handle] start

2021-03-26 10:00:08 |DEBUG |JavaFX Application Thread |MainWindow.java:179 |com.zlimbo.zcat.window.MainWindow |item name: ouyeel [192.168.6.110:3100]
2021-03-26 10:00:08 |DEBUG |JavaFX Application Thread |SqlConnector.java:99 |com.zlimbo.zcat.connect.SqlConnector |database url: jdbc:mysql://192.168.6.110:3100/ouyeel?useSSL=false&useUnicode=true&characterEncoding=UTF8&serverTimezone=GMT&allowPublicKeyRetrieval=true
2021-03-26 10:00:32 |DEBUG |main |ConnectionLog.java:70 |com.zlimbo.zcat.connect.ConnectionLog |load connectionParams...
2021-03-26 10:00:32 |DEBUG |JavaFX Application Thread |Main.java:29 |com.zlimbo.zcat.Main |[start] start
2021-03-26 10:00:32 |DEBUG |JavaFX Application Thread |SqlConnector.java:82 |com.zlimbo.zcat.connect.SqlConnector |[SqlControl] start
2021-03-26 10:00:32 |DEBUG |JavaFX Application Thread |SqlConnector.java:86 |com.zlimbo.zcat.connect.SqlConnector |[SqlConnector] end
2021-03-26 10:00:32 |DEBUG |JavaFX Application Thread |SqlConnector.java:82 |com.zlimbo.zcat.connect.SqlConnector |[SqlControl] start
2021-03-26 10:00:32 |DEBUG |JavaFX Application Thread |SqlConnector.java:86 |com.zlimbo.zcat.connect.SqlConnector |[SqlConnector] end
2021-03-26 10:00:32 |DEBUG |JavaFX Application Thread |SqlConnector.java:82 |com.zlimbo.zcat.connect.SqlConnector |[SqlControl] start
2021-03-26 10:00:32 |DEBUG |JavaFX Application Thread |SqlConnector.java:86 |com.zlimbo.zcat.connect.SqlConnector |[SqlConnector] end
2021-03-26 10:00:32 |DEBUG |JavaFX Application Thread |SqlConnector.java:82 |com.zlimbo.zcat.connect.SqlConnector |[SqlControl] start
2021-03-26 10:00:32 |DEBUG |JavaFX Application Thread |SqlConnector.java:86 |com.zlimbo.zcat.connect.SqlConnector |[SqlConnector] end
2021-03-26 10:00:33 |DEBUG |JavaFX Application Thread |Main.java:45 |com.zlimbo.zcat.Main |[start] end
2021-03-26 10:00:34 |DEBUG |JavaFX Application Thread |MainWindow.java:174 |com.zlimbo.zcat.window.MainWindow |[handle] start

2021-03-26 10:00:34 |DEBUG |JavaFX Application Thread |MainWindow.java:211 |com.zlimbo.zcat.window.MainWindow |[handle] end
2021-03-26 10:00:35 |DEBUG |JavaFX Application Thread |MainWindow.java:174 |com.zlimbo.zcat.window.MainWindow |[handle] start

2021-03-26 10:00:35 |DEBUG |JavaFX Application Thread |MainWindow.java:179 |com.zlimbo.zcat.window.MainWindow |item name: ouyeel [192.168.6.110:3100]
2021-03-26 10:00:35 |DEBUG |JavaFX Application Thread |SqlConnector.java:99 |com.zlimbo.zcat.connect.SqlConnector |database url: jdbc:mysql://192.168.6.110:3100/ouyeel?useSSL=false&useUnicode=true&characterEncoding=UTF8&serverTimezone=GMT&allowPublicKeyRetrieval=true
2021-03-26 10:00:56 |ERROR |JavaFX Application Thread |SqlConnector.java:106 |com.zlimbo.zcat.connect.SqlConnector |database connect fail: Communications link failure

The last packet sent successfully to the server was 0 milliseconds ago. The driver has not received any packets from the server.
2021-03-26 10:01:07 |DEBUG |JavaFX Application Thread |MainWindow.java:652 |com.zlimbo.zcat.window.MainWindow |[connectDatabase] start
2021-03-26 10:01:08 |DEBUG |JavaFX Application Thread |MainWindow.java:742 |com.zlimbo.zcat.window.MainWindow |[connectDatabase] end
2021-03-26 10:01:08 |DEBUG |JavaFX Application Thread |MainWindow.java:211 |com.zlimbo.zcat.window.MainWindow |[handle] end
2021-03-26 10:01:09 |DEBUG |JavaFX Application Thread |MainWindow.java:174 |com.zlimbo.zcat.window.MainWindow |[handle] start

2021-03-26 10:01:09 |DEBUG |JavaFX Application Thread |MainWindow.java:211 |com.zlimbo.zcat.window.MainWindow |[handle] end
2021-03-26 10:01:09 |DEBUG |JavaFX Application Thread |MainWindow.java:174 |com.zlimbo.zcat.window.MainWindow |[handle] start

2021-03-26 10:01:09 |DEBUG |JavaFX Application Thread |MainWindow.java:179 |com.zlimbo.zcat.window.MainWindow |item name: ouyeel [192.168.6.110:3100]
2021-03-26 10:01:09 |DEBUG |JavaFX Application Thread |SqlConnector.java:99 |com.zlimbo.zcat.connect.SqlConnector |database url: jdbc:mysql://192.168.6.110:3100/ouyeel?useSSL=false&useUnicode=true&characterEncoding=UTF8&serverTimezone=GMT&allowPublicKeyRetrieval=true
2021-03-26 10:01:09 |DEBUG |JavaFX Application Thread |MainWindow.java:622 |com.zlimbo.zcat.window.MainWindow |[showDatabaseTableTree] start
2021-03-26 10:01:09 |DEBUG |JavaFX Application Thread |SqlConnector.java:134 |com.zlimbo.zcat.connect.SqlConnector |[sqlShowTables] start
2021-03-26 10:01:09 |DEBUG |JavaFX Application Thread |SqlConnector.java:142 |com.zlimbo.zcat.connect.SqlConnector |table: invoice
2021-03-26 10:01:09 |DEBUG |JavaFX Application Thread |SqlConnector.java:142 |com.zlimbo.zcat.connect.SqlConnector |table: invoice1
2021-03-26 10:01:09 |DEBUG |JavaFX Application Thread |SqlConnector.java:142 |com.zlimbo.zcat.connect.SqlConnector |table: invoice111
2021-03-26 10:01:09 |DEBUG |JavaFX Application Thread |SqlConnector.java:142 |com.zlimbo.zcat.connect.SqlConnector |table: invoice2
2021-03-26 10:01:09 |DEBUG |JavaFX Application Thread |SqlConnector.java:142 |com.zlimbo.zcat.connect.SqlConnector |table: invoice3
2021-03-26 10:01:09 |DEBUG |JavaFX Application Thread |SqlConnector.java:142 |com.zlimbo.zcat.connect.SqlConnector |table: invoice4
2021-03-26 10:01:09 |DEBUG |JavaFX Application Thread |SqlConnector.java:142 |com.zlimbo.zcat.connect.SqlConnector |table: invoice5
2021-03-26 10:01:09 |DEBUG |JavaFX Application Thread |SqlConnector.java:142 |com.zlimbo.zcat.connect.SqlConnector |table: invoice6
2021-03-26 10:01:09 |DEBUG |JavaFX Application Thread |SqlConnector.java:142 |com.zlimbo.zcat.connect.SqlConnector |table: invoice8
2021-03-26 10:01:09 |DEBUG |JavaFX Application Thread |SqlConnector.java:142 |com.zlimbo.zcat.connect.SqlConnector |table: invoice9
2021-03-26 10:01:09 |DEBUG |JavaFX Application Thread |SqlConnector.java:142 |com.zlimbo.zcat.connect.SqlConnector |table: invoice_dsj
2021-03-26 10:01:09 |DEBUG |JavaFX Application Thread |SqlConnector.java:142 |com.zlimbo.zcat.connect.SqlConnector |table: invoice_dsj10
2021-03-26 10:01:09 |DEBUG |JavaFX Application Thread |SqlConnector.java:142 |com.zlimbo.zcat.connect.SqlConnector |table: invoice_dsj11
2021-03-26 10:01:09 |DEBUG |JavaFX Application Thread |SqlConnector.java:142 |com.zlimbo.zcat.connect.SqlConnector |table: invoice_dsj12
2021-03-26 10:01:09 |DEBUG |JavaFX Application Thread |SqlConnector.java:142 |com.zlimbo.zcat.connect.SqlConnector |table: invoice_dsj13
2021-03-26 10:01:09 |DEBUG |JavaFX Application Thread |SqlConnector.java:142 |com.zlimbo.zcat.connect.SqlConnector |table: invoice_dsj15
2021-03-26 10:01:09 |DEBUG |JavaFX Application Thread |SqlConnector.java:142 |com.zlimbo.zcat.connect.SqlConnector |table: invoice_dsj16
2021-03-26 10:01:09 |DEBUG |JavaFX Application Thread |SqlConnector.java:142 |com.zlimbo.zcat.connect.SqlConnector |table: invoice_dsj17
2021-03-26 10:01:09 |DEBUG |JavaFX Application Thread |SqlConnector.java:142 |com.zlimbo.zcat.connect.SqlConnector |table: invoice_dsj18
2021-03-26 10:01:09 |DEBUG |JavaFX Application Thread |SqlConnector.java:142 |com.zlimbo.zcat.connect.SqlConnector |table: invoice_dsj19
2021-03-26 10:01:09 |DEBUG |JavaFX Application Thread |SqlConnector.java:142 |com.zlimbo.zcat.connect.SqlConnector |table: invoice_dsj2
2021-03-26 10:01:09 |DEBUG |JavaFX Application Thread |SqlConnector.java:142 |com.zlimbo.zcat.connect.SqlConnector |table: invoice_dsj20
2021-03-26 10:01:09 |DEBUG |JavaFX Application Thread |SqlConnector.java:142 |com.zlimbo.zcat.connect.SqlConnector |table: invoice_dsj21
2021-03-26 10:01:09 |DEBUG |JavaFX Application Thread |SqlConnector.java:142 |com.zlimbo.zcat.connect.SqlConnector |table: invoice_dsj22
2021-03-26 10:01:09 |DEBUG |JavaFX Application Thread |SqlConnector.java:142 |com.zlimbo.zcat.connect.SqlConnector |table: invoice_dsj23
2021-03-26 10:01:09 |DEBUG |JavaFX Application Thread |SqlConnector.java:142 |com.zlimbo.zcat.connect.SqlConnector |table: invoice_dsj24
2021-03-26 10:01:09 |DEBUG |JavaFX Application Thread |SqlConnector.java:142 |com.zlimbo.zcat.connect.SqlConnector |table: invoice_dsj25
2021-03-26 10:01:09 |DEBUG |JavaFX Application Thread |SqlConnector.java:142 |com.zlimbo.zcat.connect.SqlConnector |table: invoice_dsj26
2021-03-26 10:01:09 |DEBUG |JavaFX Application Thread |SqlConnector.java:142 |com.zlimbo.zcat.connect.SqlConnector |table: invoice_dsj27
2021-03-26 10:01:09 |DEBUG |JavaFX Application Thread |SqlConnector.java:142 |com.zlimbo.zcat.connect.SqlConnector |table: invoice_dsj28
2021-03-26 10:01:09 |DEBUG |JavaFX Application Thread |SqlConnector.java:142 |com.zlimbo.zcat.connect.SqlConnector |table: invoice_dsj3
2021-03-26 10:01:09 |DEBUG |JavaFX Application Thread |SqlConnector.java:142 |com.zlimbo.zcat.connect.SqlConnector |table: invoice_dsj30
2021-03-26 10:01:09 |DEBUG |JavaFX Application Thread |SqlConnector.java:142 |com.zlimbo.zcat.connect.SqlConnector |table: invoice_dsj31
2021-03-26 10:01:09 |DEBUG |JavaFX Application Thread |SqlConnector.java:142 |com.zlimbo.zcat.connect.SqlConnector |table: invoice_dsj32
2021-03-26 10:01:09 |DEBUG |JavaFX Application Thread |SqlConnector.java:142 |com.zlimbo.zcat.connect.SqlConnector |table: invoice_dsj33
2021-03-26 10:01:09 |DEBUG |JavaFX Application Thread |SqlConnector.java:142 |com.zlimbo.zcat.connect.SqlConnector |table: invoice_dsj34
2021-03-26 10:01:09 |DEBUG |JavaFX Application Thread |SqlConnector.java:142 |com.zlimbo.zcat.connect.SqlConnector |table: invoice_dsj4
2021-03-26 10:01:09 |DEBUG |JavaFX Application Thread |SqlConnector.java:142 |com.zlimbo.zcat.connect.SqlConnector |table: invoice_dsj5
2021-03-26 10:01:09 |DEBUG |JavaFX Application Thread |SqlConnector.java:142 |com.zlimbo.zcat.connect.SqlConnector |table: invoice_dsj9
2021-03-26 10:01:09 |DEBUG |JavaFX Application Thread |SqlConnector.java:142 |com.zlimbo.zcat.connect.SqlConnector |table: invoice_new
2021-03-26 10:01:09 |DEBUG |JavaFX Application Thread |SqlConnector.java:142 |com.zlimbo.zcat.connect.SqlConnector |table: invoice_thb
2021-03-26 10:01:09 |DEBUG |JavaFX Application Thread |SqlConnector.java:142 |com.zlimbo.zcat.connect.SqlConnector |table: invoice_thb2
2021-03-26 10:01:09 |DEBUG |JavaFX Application Thread |SqlConnector.java:142 |com.zlimbo.zcat.connect.SqlConnector |table: invoice_thb3
2021-03-26 10:01:09 |DEBUG |JavaFX Application Thread |SqlConnector.java:142 |com.zlimbo.zcat.connect.SqlConnector |table: invoicedsj
2021-03-26 10:01:09 |DEBUG |JavaFX Application Thread |SqlConnector.java:142 |com.zlimbo.zcat.connect.SqlConnector |table: invoiceinvoice3
2021-03-26 10:01:09 |DEBUG |JavaFX Application Thread |SqlConnector.java:160 |com.zlimbo.zcat.connect.SqlConnector |[sqlShowTables] end
2021-03-26 10:01:09 |DEBUG |JavaFX Application Thread |MainWindow.java:647 |com.zlimbo.zcat.window.MainWindow |[showDatabaseTableTree] end
2021-03-26 10:01:09 |DEBUG |JavaFX Application Thread |MainWindow.java:211 |com.zlimbo.zcat.window.MainWindow |[handle] end
2021-03-26 10:01:13 |DEBUG |JavaFX Application Thread |MainWindow.java:495 |com.zlimbo.zcat.window.MainWindow |[newQuery] start
2021-03-26 10:01:13 |DEBUG |JavaFX Application Thread |MainWindow.java:241 |com.zlimbo.zcat.window.MainWindow |[addTab] start [tabName = 查询[1]]
2021-03-26 10:01:13 |DEBUG |JavaFX Application Thread |MainWindow.java:245 |com.zlimbo.zcat.window.MainWindow |[addTab] end
2021-03-26 10:01:13 |DEBUG |JavaFX Application Thread |MainWindow.java:224 |com.zlimbo.zcat.window.MainWindow |[tabAddContextMenu] start [tabName = 查询[1]]
2021-03-26 10:01:13 |DEBUG |JavaFX Application Thread |MainWindow.java:230 |com.zlimbo.zcat.window.MainWindow |[tabAddContextMenu] end
2021-03-26 10:01:13 |DEBUG |JavaFX Application Thread |MainWindow.java:550 |com.zlimbo.zcat.window.MainWindow |[newQuery] end
2021-03-26 10:01:32 |DEBUG |JavaFX Application Thread |MainWindow.java:396 |com.zlimbo.zcat.window.MainWindow |[executeSqlAndShowTableView] start
2021-03-26 10:01:32 |DEBUG |JavaFX Application Thread |MainWindow.java:397 |com.zlimbo.zcat.window.MainWindow |sql: select count_tx from invoice9 using state;
2021-03-26 10:01:32 |DEBUG |JavaFX Application Thread |MainWindow.java:432 |com.zlimbo.zcat.window.MainWindow |USING STATE
2021-03-26 10:01:32 |DEBUG |JavaFX Application Thread |SqlConnector.java:282 |com.zlimbo.zcat.connect.SqlConnector |[sqlQueryForState] start
2021-03-26 10:01:32 |DEBUG |JavaFX Application Thread |SqlConnector.java:283 |com.zlimbo.zcat.connect.SqlConnector |sql:select count_tx from invoice9 using state;
2021-03-26 10:01:32 |DEBUG |JavaFX Application Thread |SqlConnector.java:301 |com.zlimbo.zcat.connect.SqlConnector |jdbc query spend: 0.059s
2021-03-26 10:01:32 |DEBUG |JavaFX Application Thread |SqlConnector.java:307 |com.zlimbo.zcat.connect.SqlConnector |sql no quotation mark: select count_tx from invoice9 using state where hash = 0x1e8b0182c92acdb7ba58a9645ab4fcef820dd5f584ed680a9d5d5b47fc15964b 
2021-03-26 10:01:39 |DEBUG |JavaFX Application Thread |SqlConnector.java:282 |com.zlimbo.zcat.connect.SqlConnector |[sqlQueryForState] start
2021-03-26 10:01:39 |DEBUG |JavaFX Application Thread |SqlConnector.java:283 |com.zlimbo.zcat.connect.SqlConnector |sql:select count_tx from invoice9 using state where hash = 0x1e8b0182c92acdb7ba58a9645ab4fcef820dd5f584ed680a9d5d5b47fc15964b 
2021-03-26 10:01:39 |DEBUG |JavaFX Application Thread |SqlConnector.java:301 |com.zlimbo.zcat.connect.SqlConnector |jdbc query spend: 0.049s
2021-03-26 10:01:39 |DEBUG |JavaFX Application Thread |SqlConnector.java:355 |com.zlimbo.zcat.connect.SqlConnector |records: [[3]]
2021-03-26 10:01:39 |DEBUG |JavaFX Application Thread |SqlConnector.java:379 |com.zlimbo.zcat.connect.SqlConnector |[sqlQuery] end
2021-03-26 10:01:39 |DEBUG |JavaFX Application Thread |MainWindow.java:345 |com.zlimbo.zcat.window.MainWindow |[showQuerySingle] start
2021-03-26 10:01:39 |DEBUG |JavaFX Application Thread |MainWindow.java:383 |com.zlimbo.zcat.window.MainWindow |[showQuerySingle] end
2021-03-26 10:01:39 |DEBUG |JavaFX Application Thread |MainWindow.java:485 |com.zlimbo.zcat.window.MainWindow |[executeSqlAndShowTableView] end
2021-03-26 10:01:39 |DEBUG |JavaFX Application Thread |MainWindow.java:539 |com.zlimbo.zcat.window.MainWindow |flag: 3
2021-03-26 10:01:41 |DEBUG |JavaFX Application Thread |MainWindow.java:495 |com.zlimbo.zcat.window.MainWindow |[newQuery] start
2021-03-26 10:01:41 |DEBUG |JavaFX Application Thread |MainWindow.java:241 |com.zlimbo.zcat.window.MainWindow |[addTab] start [tabName = 查询[2]]
2021-03-26 10:01:41 |DEBUG |JavaFX Application Thread |MainWindow.java:245 |com.zlimbo.zcat.window.MainWindow |[addTab] end
2021-03-26 10:01:41 |DEBUG |JavaFX Application Thread |MainWindow.java:224 |com.zlimbo.zcat.window.MainWindow |[tabAddContextMenu] start [tabName = 查询[2]]
2021-03-26 10:01:41 |DEBUG |JavaFX Application Thread |MainWindow.java:230 |com.zlimbo.zcat.window.MainWindow |[tabAddContextMenu] end
2021-03-26 10:01:41 |DEBUG |JavaFX Application Thread |MainWindow.java:550 |com.zlimbo.zcat.window.MainWindow |[newQuery] end
