2020-12-22 19:58:43 |DEBUG |JavaFX Application Thread |Main.java:26 |com.zlimbo.zcat.Main |[start] start
2020-12-22 19:58:43 |DEBUG |JavaFX Application Thread |MainWindowController.java:82 |com.zlimbo.zcat.controller.MainWindowController |[initialize] start
2020-12-22 19:58:43 |DEBUG |JavaFX Application Thread |SqlController.java:131 |com.zlimbo.zcat.controller.SqlController |[SqlControl] start
2020-12-22 19:58:43 |DEBUG |JavaFX Application Thread |SqlController.java:144 |com.zlimbo.zcat.controller.SqlController |database url: jdbc:mysql://localhost:3306/ouyeel?useSSL=false&useUnicode=true&characterEncoding=UTF8&serverTimezone=GMT&allowPublicKeyRetrieval=true
2020-12-22 19:58:44 |DEBUG |JavaFX Application Thread |SqlController.java:156 |com.zlimbo.zcat.controller.SqlController |[SqlController] end
2020-12-22 19:58:44 |DEBUG |JavaFX Application Thread |MainWindowController.java:493 |com.zlimbo.zcat.controller.MainWindowController |[showDatabase] start
2020-12-22 19:58:44 |DEBUG |JavaFX Application Thread |SqlController.java:165 |com.zlimbo.zcat.controller.SqlController |[sqlShowTables] start
2020-12-22 19:58:44 |DEBUG |JavaFX Application Thread |SqlController.java:173 |com.zlimbo.zcat.controller.SqlController |table: invoice
2020-12-22 19:58:44 |DEBUG |JavaFX Application Thread |SqlController.java:173 |com.zlimbo.zcat.controller.SqlController |table: person
2020-12-22 19:58:44 |DEBUG |JavaFX Application Thread |SqlController.java:173 |com.zlimbo.zcat.controller.SqlController |table: privatekey
2020-12-22 19:58:44 |DEBUG |JavaFX Application Thread |SqlController.java:173 |com.zlimbo.zcat.controller.SqlController |table: sc
2020-12-22 19:58:44 |DEBUG |JavaFX Application Thread |SqlController.java:173 |com.zlimbo.zcat.controller.SqlController |table: stu
2020-12-22 19:58:44 |DEBUG |JavaFX Application Thread |SqlController.java:173 |com.zlimbo.zcat.controller.SqlController |table: test
2020-12-22 19:58:44 |DEBUG |JavaFX Application Thread |SqlController.java:173 |com.zlimbo.zcat.controller.SqlController |table: tx
2020-12-22 19:58:44 |DEBUG |JavaFX Application Thread |SqlController.java:173 |com.zlimbo.zcat.controller.SqlController |table: userkey
2020-12-22 19:58:44 |DEBUG |JavaFX Application Thread |SqlController.java:191 |com.zlimbo.zcat.controller.SqlController |[sqlShowTables] end
2020-12-22 19:58:44 |DEBUG |JavaFX Application Thread |MainWindowController.java:530 |com.zlimbo.zcat.controller.MainWindowController |[showDatabase] end
2020-12-22 19:58:44 |DEBUG |JavaFX Application Thread |MainWindowController.java:109 |com.zlimbo.zcat.controller.MainWindowController |[initialize] end
2020-12-22 19:58:44 |DEBUG |JavaFX Application Thread |Main.java:35 |com.zlimbo.zcat.Main |[start] end
2020-12-22 19:58:45 |DEBUG |JavaFX Application Thread |MainWindowController.java:539 |com.zlimbo.zcat.controller.MainWindowController |[newQuery] start
2020-12-22 19:58:45 |DEBUG |JavaFX Application Thread |MainWindowController.java:617 |com.zlimbo.zcat.controller.MainWindowController |[addTab] start [tabName = 查询[1]]
2020-12-22 19:58:45 |DEBUG |JavaFX Application Thread |MainWindowController.java:621 |com.zlimbo.zcat.controller.MainWindowController |[addTab] end
2020-12-22 19:58:45 |DEBUG |JavaFX Application Thread |MainWindowController.java:601 |com.zlimbo.zcat.controller.MainWindowController |[tabAddContextMenu] start [tabName = 查询[1]]
2020-12-22 19:58:45 |DEBUG |JavaFX Application Thread |MainWindowController.java:607 |com.zlimbo.zcat.controller.MainWindowController |[tabAddContextMenu] end
2020-12-22 19:58:45 |DEBUG |JavaFX Application Thread |MainWindowController.java:591 |com.zlimbo.zcat.controller.MainWindowController |[newQuery] end
2020-12-22 19:58:58 |DEBUG |JavaFX Application Thread |MainWindowController.java:539 |com.zlimbo.zcat.controller.MainWindowController |[newQuery] start
2020-12-22 19:58:58 |DEBUG |JavaFX Application Thread |MainWindowController.java:617 |com.zlimbo.zcat.controller.MainWindowController |[addTab] start [tabName = 查询[2]]
2020-12-22 19:58:58 |DEBUG |JavaFX Application Thread |MainWindowController.java:621 |com.zlimbo.zcat.controller.MainWindowController |[addTab] end
2020-12-22 19:58:58 |DEBUG |JavaFX Application Thread |MainWindowController.java:601 |com.zlimbo.zcat.controller.MainWindowController |[tabAddContextMenu] start [tabName = 查询[2]]
2020-12-22 19:58:58 |DEBUG |JavaFX Application Thread |MainWindowController.java:607 |com.zlimbo.zcat.controller.MainWindowController |[tabAddContextMenu] end
2020-12-22 19:58:58 |DEBUG |JavaFX Application Thread |MainWindowController.java:591 |com.zlimbo.zcat.controller.MainWindowController |[newQuery] end
2020-12-22 19:59:03 |DEBUG |JavaFX Application Thread |MainWindowController.java:184 |com.zlimbo.zcat.controller.MainWindowController |[executeSqlAndShowTableView] start
2020-12-22 19:59:03 |DEBUG |JavaFX Application Thread |MainWindowController.java:185 |com.zlimbo.zcat.controller.MainWindowController |sql: CREATE TABLE `resinfo` (
  `SYSTEM_ID` varchar(50)  DEFAULT NULL,
  `REQUEST_SN` varchar(50)  DEFAULT NULL,
  `INVOKE_TIME` datetime DEFAULT NULL,
  `BUSINESS_ID` varchar(50)  DEFAULT NULL,
  `CALLBACK_URL` varchar(50)  DEFAULT NULL,
  `KEY_ID` varchar(50)  DEFAULT NULL,
  `ACCOUNT_ID` varchar(50)  DEFAULT NULL,
  `TX_HASH` varchar(50)  NOT NULL,
  `INVOICE_NO` varchar(100)  DEFAULT NULL,
  `TIMESTAMPS` varchar(50)  DEFAULT NULL,
  `CONTRACT_ADDRESS` varchar(100)  DEFAULT NULL,
  `ON_CHAIN` int(11) DEFAULT NULL,
  `BLOCK_HEIGHT` varchar(50)  DEFAULT NULL,
  `BLOCK_TIME` varchar(50)  DEFAULT NULL,
  PRIMARY KEY (`TX_HASH`)
)
2020-12-22 19:59:03 |DEBUG |JavaFX Application Thread |MainWindowController.java:194 |com.zlimbo.zcat.controller.MainWindowController |CREATE TABLE!
2020-12-22 19:59:03 |DEBUG |JavaFX Application Thread |SqlController.java:202 |com.zlimbo.zcat.controller.SqlController |[sqlCreateTable] start
2020-12-22 19:59:03 |DEBUG |JavaFX Application Thread |SqlController.java:203 |com.zlimbo.zcat.controller.SqlController |sql:CREATE TABLE `resinfo` (
  `SYSTEM_ID` varchar(50)  DEFAULT NULL,
  `REQUEST_SN` varchar(50)  DEFAULT NULL,
  `INVOKE_TIME` datetime DEFAULT NULL,
  `BUSINESS_ID` varchar(50)  DEFAULT NULL,
  `CALLBACK_URL` varchar(50)  DEFAULT NULL,
  `KEY_ID` varchar(50)  DEFAULT NULL,
  `ACCOUNT_ID` varchar(50)  DEFAULT NULL,
  `TX_HASH` varchar(50)  NOT NULL,
  `INVOICE_NO` varchar(100)  DEFAULT NULL,
  `TIMESTAMPS` varchar(50)  DEFAULT NULL,
  `CONTRACT_ADDRESS` varchar(100)  DEFAULT NULL,
  `ON_CHAIN` int(11) DEFAULT NULL,
  `BLOCK_HEIGHT` varchar(50)  DEFAULT NULL,
  `BLOCK_TIME` varchar(50)  DEFAULT NULL,
  PRIMARY KEY (`TX_HASH`)
)
2020-12-22 19:59:03 |DEBUG |JavaFX Application Thread |SqlController.java:231 |com.zlimbo.zcat.controller.SqlController |[sqlCreateTable] end
2020-12-22 19:59:03 |DEBUG |JavaFX Application Thread |MainWindowController.java:493 |com.zlimbo.zcat.controller.MainWindowController |[showDatabase] start
2020-12-22 19:59:03 |DEBUG |JavaFX Application Thread |SqlController.java:165 |com.zlimbo.zcat.controller.SqlController |[sqlShowTables] start
2020-12-22 19:59:03 |DEBUG |JavaFX Application Thread |SqlController.java:173 |com.zlimbo.zcat.controller.SqlController |table: invoice
2020-12-22 19:59:03 |DEBUG |JavaFX Application Thread |SqlController.java:173 |com.zlimbo.zcat.controller.SqlController |table: person
2020-12-22 19:59:03 |DEBUG |JavaFX Application Thread |SqlController.java:173 |com.zlimbo.zcat.controller.SqlController |table: privatekey
2020-12-22 19:59:03 |DEBUG |JavaFX Application Thread |SqlController.java:173 |com.zlimbo.zcat.controller.SqlController |table: resinfo
2020-12-22 19:59:03 |DEBUG |JavaFX Application Thread |SqlController.java:173 |com.zlimbo.zcat.controller.SqlController |table: sc
2020-12-22 19:59:03 |DEBUG |JavaFX Application Thread |SqlController.java:173 |com.zlimbo.zcat.controller.SqlController |table: stu
2020-12-22 19:59:03 |DEBUG |JavaFX Application Thread |SqlController.java:173 |com.zlimbo.zcat.controller.SqlController |table: test
2020-12-22 19:59:03 |DEBUG |JavaFX Application Thread |SqlController.java:173 |com.zlimbo.zcat.controller.SqlController |table: tx
2020-12-22 19:59:03 |DEBUG |JavaFX Application Thread |SqlController.java:173 |com.zlimbo.zcat.controller.SqlController |table: userkey
2020-12-22 19:59:03 |DEBUG |JavaFX Application Thread |SqlController.java:191 |com.zlimbo.zcat.controller.SqlController |[sqlShowTables] end
2020-12-22 19:59:03 |DEBUG |JavaFX Application Thread |MainWindowController.java:530 |com.zlimbo.zcat.controller.MainWindowController |[showDatabase] end
2020-12-22 19:59:03 |DEBUG |JavaFX Application Thread |MainWindowController.java:273 |com.zlimbo.zcat.controller.MainWindowController |[showQuerySingle] start
2020-12-22 19:59:03 |DEBUG |JavaFX Application Thread |MainWindowController.java:311 |com.zlimbo.zcat.controller.MainWindowController |[showQuerySingle] end
2020-12-22 19:59:03 |DEBUG |JavaFX Application Thread |MainWindowController.java:260 |com.zlimbo.zcat.controller.MainWindowController |[executeSqlAndShowTableView] end
2020-12-22 19:59:03 |DEBUG |JavaFX Application Thread |MainWindowController.java:580 |com.zlimbo.zcat.controller.MainWindowController |flag: 1
2020-12-22 20:00:20 |DEBUG |JavaFX Application Thread |MainWindowController.java:184 |com.zlimbo.zcat.controller.MainWindowController |[executeSqlAndShowTableView] start
2020-12-22 20:00:20 |DEBUG |JavaFX Application Thread |MainWindowController.java:185 |com.zlimbo.zcat.controller.MainWindowController |sql: CREATE TABLE `resinfo2` (
  `SYSTEM_ID\n` varchar(50)  DEFAULT NULL,
  `REQUEST_SN` varchar(50)  DEFAULT NULL,
  `INVOKE_TIME` datetime DEFAULT NULL,
  `BUSINESS_ID` varchar(50)  DEFAULT NULL,
  `CALLBACK_URL` varchar(50)  DEFAULT NULL,
  `KEY_ID` varchar(50)  DEFAULT NULL,
  `ACCOUNT_ID` varchar(50)  DEFAULT NULL,
  `TX_HASH` varchar(50)  NOT NULL,
  `INVOICE_NO` varchar(100)  DEFAULT NULL,
  `TIMESTAMPS` varchar(50)  DEFAULT NULL,
  `CONTRACT_ADDRESS` varchar(100)  DEFAULT NULL,
  `ON_CHAIN` int(11) DEFAULT NULL,
  `BLOCK_HEIGHT` varchar(50)  DEFAULT NULL,
  `BLOCK_TIME` varchar(50)  DEFAULT NULL,
  PRIMARY KEY (`TX_HASH`)
)
2020-12-22 20:00:20 |DEBUG |JavaFX Application Thread |MainWindowController.java:194 |com.zlimbo.zcat.controller.MainWindowController |CREATE TABLE!
2020-12-22 20:00:20 |DEBUG |JavaFX Application Thread |SqlController.java:202 |com.zlimbo.zcat.controller.SqlController |[sqlCreateTable] start
2020-12-22 20:00:20 |DEBUG |JavaFX Application Thread |SqlController.java:203 |com.zlimbo.zcat.controller.SqlController |sql:CREATE TABLE `resinfo2` (
  `SYSTEM_ID\n` varchar(50)  DEFAULT NULL,
  `REQUEST_SN` varchar(50)  DEFAULT NULL,
  `INVOKE_TIME` datetime DEFAULT NULL,
  `BUSINESS_ID` varchar(50)  DEFAULT NULL,
  `CALLBACK_URL` varchar(50)  DEFAULT NULL,
  `KEY_ID` varchar(50)  DEFAULT NULL,
  `ACCOUNT_ID` varchar(50)  DEFAULT NULL,
  `TX_HASH` varchar(50)  NOT NULL,
  `INVOICE_NO` varchar(100)  DEFAULT NULL,
  `TIMESTAMPS` varchar(50)  DEFAULT NULL,
  `CONTRACT_ADDRESS` varchar(100)  DEFAULT NULL,
  `ON_CHAIN` int(11) DEFAULT NULL,
  `BLOCK_HEIGHT` varchar(50)  DEFAULT NULL,
  `BLOCK_TIME` varchar(50)  DEFAULT NULL,
  PRIMARY KEY (`TX_HASH`)
)
2020-12-22 20:00:20 |DEBUG |JavaFX Application Thread |SqlController.java:231 |com.zlimbo.zcat.controller.SqlController |[sqlCreateTable] end
2020-12-22 20:00:20 |DEBUG |JavaFX Application Thread |MainWindowController.java:493 |com.zlimbo.zcat.controller.MainWindowController |[showDatabase] start
2020-12-22 20:00:20 |DEBUG |JavaFX Application Thread |SqlController.java:165 |com.zlimbo.zcat.controller.SqlController |[sqlShowTables] start
2020-12-22 20:00:20 |DEBUG |JavaFX Application Thread |SqlController.java:173 |com.zlimbo.zcat.controller.SqlController |table: invoice
2020-12-22 20:00:20 |DEBUG |JavaFX Application Thread |SqlController.java:173 |com.zlimbo.zcat.controller.SqlController |table: person
2020-12-22 20:00:20 |DEBUG |JavaFX Application Thread |SqlController.java:173 |com.zlimbo.zcat.controller.SqlController |table: privatekey
2020-12-22 20:00:20 |DEBUG |JavaFX Application Thread |SqlController.java:173 |com.zlimbo.zcat.controller.SqlController |table: resinfo
2020-12-22 20:00:20 |DEBUG |JavaFX Application Thread |SqlController.java:173 |com.zlimbo.zcat.controller.SqlController |table: resinfo2
2020-12-22 20:00:20 |DEBUG |JavaFX Application Thread |SqlController.java:173 |com.zlimbo.zcat.controller.SqlController |table: sc
2020-12-22 20:00:20 |DEBUG |JavaFX Application Thread |SqlController.java:173 |com.zlimbo.zcat.controller.SqlController |table: stu
2020-12-22 20:00:20 |DEBUG |JavaFX Application Thread |SqlController.java:173 |com.zlimbo.zcat.controller.SqlController |table: test
2020-12-22 20:00:20 |DEBUG |JavaFX Application Thread |SqlController.java:173 |com.zlimbo.zcat.controller.SqlController |table: tx
2020-12-22 20:00:20 |DEBUG |JavaFX Application Thread |SqlController.java:173 |com.zlimbo.zcat.controller.SqlController |table: userkey
2020-12-22 20:00:20 |DEBUG |JavaFX Application Thread |SqlController.java:191 |com.zlimbo.zcat.controller.SqlController |[sqlShowTables] end
2020-12-22 20:00:20 |DEBUG |JavaFX Application Thread |MainWindowController.java:530 |com.zlimbo.zcat.controller.MainWindowController |[showDatabase] end
2020-12-22 20:00:20 |DEBUG |JavaFX Application Thread |MainWindowController.java:273 |com.zlimbo.zcat.controller.MainWindowController |[showQuerySingle] start
2020-12-22 20:00:20 |DEBUG |JavaFX Application Thread |MainWindowController.java:311 |com.zlimbo.zcat.controller.MainWindowController |[showQuerySingle] end
2020-12-22 20:00:20 |DEBUG |JavaFX Application Thread |MainWindowController.java:260 |com.zlimbo.zcat.controller.MainWindowController |[executeSqlAndShowTableView] end
2020-12-22 20:00:20 |DEBUG |JavaFX Application Thread |MainWindowController.java:580 |com.zlimbo.zcat.controller.MainWindowController |flag: 1
2020-12-22 20:08:47 |DEBUG |JavaFX Application Thread |Main.java:26 |com.zlimbo.zcat.Main |[start] start
2020-12-22 20:08:47 |DEBUG |JavaFX Application Thread |MainWindowController.java:82 |com.zlimbo.zcat.controller.MainWindowController |[initialize] start
2020-12-22 20:08:47 |DEBUG |JavaFX Application Thread |SqlController.java:131 |com.zlimbo.zcat.controller.SqlController |[SqlControl] start
2020-12-22 20:08:47 |DEBUG |JavaFX Application Thread |SqlController.java:144 |com.zlimbo.zcat.controller.SqlController |database url: jdbc:mysql://localhost:3306/ouyeel?useSSL=false&useUnicode=true&characterEncoding=UTF8&serverTimezone=GMT&allowPublicKeyRetrieval=true
2020-12-22 20:08:47 |DEBUG |JavaFX Application Thread |SqlController.java:156 |com.zlimbo.zcat.controller.SqlController |[SqlController] end
2020-12-22 20:08:47 |DEBUG |JavaFX Application Thread |MainWindowController.java:494 |com.zlimbo.zcat.controller.MainWindowController |[showDatabase] start
2020-12-22 20:08:47 |DEBUG |JavaFX Application Thread |SqlController.java:165 |com.zlimbo.zcat.controller.SqlController |[sqlShowTables] start
2020-12-22 20:08:47 |DEBUG |JavaFX Application Thread |SqlController.java:173 |com.zlimbo.zcat.controller.SqlController |table: invoice
2020-12-22 20:08:47 |DEBUG |JavaFX Application Thread |SqlController.java:173 |com.zlimbo.zcat.controller.SqlController |table: person
2020-12-22 20:08:47 |DEBUG |JavaFX Application Thread |SqlController.java:173 |com.zlimbo.zcat.controller.SqlController |table: privatekey
2020-12-22 20:08:47 |DEBUG |JavaFX Application Thread |SqlController.java:173 |com.zlimbo.zcat.controller.SqlController |table: resinfo
2020-12-22 20:08:47 |DEBUG |JavaFX Application Thread |SqlController.java:173 |com.zlimbo.zcat.controller.SqlController |table: resinfo2
2020-12-22 20:08:47 |DEBUG |JavaFX Application Thread |SqlController.java:173 |com.zlimbo.zcat.controller.SqlController |table: sc
2020-12-22 20:08:47 |DEBUG |JavaFX Application Thread |SqlController.java:173 |com.zlimbo.zcat.controller.SqlController |table: stu
2020-12-22 20:08:47 |DEBUG |JavaFX Application Thread |SqlController.java:173 |com.zlimbo.zcat.controller.SqlController |table: test
2020-12-22 20:08:47 |DEBUG |JavaFX Application Thread |SqlController.java:173 |com.zlimbo.zcat.controller.SqlController |table: tx
2020-12-22 20:08:47 |DEBUG |JavaFX Application Thread |SqlController.java:173 |com.zlimbo.zcat.controller.SqlController |table: userkey
2020-12-22 20:08:47 |DEBUG |JavaFX Application Thread |SqlController.java:191 |com.zlimbo.zcat.controller.SqlController |[sqlShowTables] end
2020-12-22 20:08:47 |DEBUG |JavaFX Application Thread |MainWindowController.java:531 |com.zlimbo.zcat.controller.MainWindowController |[showDatabase] end
2020-12-22 20:08:47 |DEBUG |JavaFX Application Thread |MainWindowController.java:109 |com.zlimbo.zcat.controller.MainWindowController |[initialize] end
2020-12-22 20:08:48 |DEBUG |JavaFX Application Thread |Main.java:35 |com.zlimbo.zcat.Main |[start] end
2020-12-22 20:08:50 |DEBUG |JavaFX Application Thread |MainWindowController.java:540 |com.zlimbo.zcat.controller.MainWindowController |[newQuery] start
2020-12-22 20:08:51 |DEBUG |JavaFX Application Thread |MainWindowController.java:618 |com.zlimbo.zcat.controller.MainWindowController |[addTab] start [tabName = 查询[1]]
2020-12-22 20:08:51 |DEBUG |JavaFX Application Thread |MainWindowController.java:622 |com.zlimbo.zcat.controller.MainWindowController |[addTab] end
2020-12-22 20:08:51 |DEBUG |JavaFX Application Thread |MainWindowController.java:602 |com.zlimbo.zcat.controller.MainWindowController |[tabAddContextMenu] start [tabName = 查询[1]]
2020-12-22 20:08:51 |DEBUG |JavaFX Application Thread |MainWindowController.java:608 |com.zlimbo.zcat.controller.MainWindowController |[tabAddContextMenu] end
2020-12-22 20:08:51 |DEBUG |JavaFX Application Thread |MainWindowController.java:592 |com.zlimbo.zcat.controller.MainWindowController |[newQuery] end
2020-12-22 20:10:29 |DEBUG |JavaFX Application Thread |MainWindowController.java:184 |com.zlimbo.zcat.controller.MainWindowController |[executeSqlAndShowTableView] start
2020-12-22 20:10:29 |DEBUG |JavaFX Application Thread |MainWindowController.java:185 |com.zlimbo.zcat.controller.MainWindowController |sql: CREATE TABLE `resinfo3` (
  `SYSTEM_ID` varchar(50)  DEFAULT NULL,
  `REQUEST_SN` varchar(50)  DEFAULT NULL,
  `INVOKE_TIME` datetime DEFAULT NULL,
  `BUSINESS_ID` varchar(50)  DEFAULT NULL,
  `CALLBACK_URL` varchar(50)  DEFAULT NULL,
  `KEY_ID` varchar(50)  DEFAULT NULL,
  `ACCOUNT_ID` varchar(50)  DEFAULT NULL,
  `TX_HASH` varchar(50)  NOT NULL,
  `INVOICE_NO` varchar(100)  DEFAULT NULL,
  `TIMESTAMPS` varchar(50)  DEFAULT NULL,
  `CONTRACT_ADDRESS` varchar(100)  DEFAULT NULL,
  `ON_CHAIN` int(11) DEFAULT NULL,
  `BLOCK_HEIGHT` varchar(50)  DEFAULT NULL,
  `BLOCK_TIME` varchar(50)  DEFAULT NULL,
  PRIMARY KEY (`TX_HASH`)
)
2020-12-22 20:10:29 |DEBUG |JavaFX Application Thread |MainWindowController.java:195 |com.zlimbo.zcat.controller.MainWindowController |CREATE TABLE!
2020-12-22 20:10:29 |DEBUG |JavaFX Application Thread |SqlController.java:202 |com.zlimbo.zcat.controller.SqlController |[sqlCreateTable] start
2020-12-22 20:10:29 |DEBUG |JavaFX Application Thread |SqlController.java:203 |com.zlimbo.zcat.controller.SqlController |sql:CREATE TABLE `resinfo3` (   `SYSTEM_ID` varchar(50)  DEFAULT NULL,   `REQUEST_SN` varchar(50)  DEFAULT NULL,   `INVOKE_TIME` datetime DEFAULT NULL,   `BUSINESS_ID` varchar(50)  DEFAULT NULL,   `CALLBACK_URL` varchar(50)  DEFAULT NULL,   `KEY_ID` varchar(50)  DEFAULT NULL,   `ACCOUNT_ID` varchar(50)  DEFAULT NULL,   `TX_HASH` varchar(50)  NOT NULL,   `INVOICE_NO` varchar(100)  DEFAULT NULL,   `TIMESTAMPS` varchar(50)  DEFAULT NULL,   `CONTRACT_ADDRESS` varchar(100)  DEFAULT NULL,   `ON_CHAIN` int(11) DEFAULT NULL,   `BLOCK_HEIGHT` varchar(50)  DEFAULT NULL,   `BLOCK_TIME` varchar(50)  DEFAULT NULL,   PRIMARY KEY (`TX_HASH`) )
2020-12-22 20:10:29 |DEBUG |JavaFX Application Thread |SqlController.java:231 |com.zlimbo.zcat.controller.SqlController |[sqlCreateTable] end
2020-12-22 20:10:29 |DEBUG |JavaFX Application Thread |MainWindowController.java:494 |com.zlimbo.zcat.controller.MainWindowController |[showDatabase] start
2020-12-22 20:10:29 |DEBUG |JavaFX Application Thread |SqlController.java:165 |com.zlimbo.zcat.controller.SqlController |[sqlShowTables] start
2020-12-22 20:10:29 |DEBUG |JavaFX Application Thread |SqlController.java:173 |com.zlimbo.zcat.controller.SqlController |table: invoice
2020-12-22 20:10:29 |DEBUG |JavaFX Application Thread |SqlController.java:173 |com.zlimbo.zcat.controller.SqlController |table: person
2020-12-22 20:10:29 |DEBUG |JavaFX Application Thread |SqlController.java:173 |com.zlimbo.zcat.controller.SqlController |table: privatekey
2020-12-22 20:10:29 |DEBUG |JavaFX Application Thread |SqlController.java:173 |com.zlimbo.zcat.controller.SqlController |table: resinfo
2020-12-22 20:10:29 |DEBUG |JavaFX Application Thread |SqlController.java:173 |com.zlimbo.zcat.controller.SqlController |table: resinfo2
2020-12-22 20:10:29 |DEBUG |JavaFX Application Thread |SqlController.java:173 |com.zlimbo.zcat.controller.SqlController |table: resinfo3
2020-12-22 20:10:29 |DEBUG |JavaFX Application Thread |SqlController.java:173 |com.zlimbo.zcat.controller.SqlController |table: sc
2020-12-22 20:10:29 |DEBUG |JavaFX Application Thread |SqlController.java:173 |com.zlimbo.zcat.controller.SqlController |table: stu
2020-12-22 20:10:29 |DEBUG |JavaFX Application Thread |SqlController.java:173 |com.zlimbo.zcat.controller.SqlController |table: test
2020-12-22 20:10:29 |DEBUG |JavaFX Application Thread |SqlController.java:173 |com.zlimbo.zcat.controller.SqlController |table: tx
2020-12-22 20:10:29 |DEBUG |JavaFX Application Thread |SqlController.java:173 |com.zlimbo.zcat.controller.SqlController |table: userkey
2020-12-22 20:10:29 |DEBUG |JavaFX Application Thread |SqlController.java:191 |com.zlimbo.zcat.controller.SqlController |[sqlShowTables] end
2020-12-22 20:10:29 |DEBUG |JavaFX Application Thread |MainWindowController.java:531 |com.zlimbo.zcat.controller.MainWindowController |[showDatabase] end
2020-12-22 20:10:29 |DEBUG |JavaFX Application Thread |MainWindowController.java:274 |com.zlimbo.zcat.controller.MainWindowController |[showQuerySingle] start
2020-12-22 20:10:29 |DEBUG |JavaFX Application Thread |MainWindowController.java:312 |com.zlimbo.zcat.controller.MainWindowController |[showQuerySingle] end
2020-12-22 20:10:29 |DEBUG |JavaFX Application Thread |MainWindowController.java:261 |com.zlimbo.zcat.controller.MainWindowController |[executeSqlAndShowTableView] end
2020-12-22 20:10:29 |DEBUG |JavaFX Application Thread |MainWindowController.java:581 |com.zlimbo.zcat.controller.MainWindowController |flag: 1
2020-12-22 20:11:47 |DEBUG |JavaFX Application Thread |MainWindowController.java:184 |com.zlimbo.zcat.controller.MainWindowController |[executeSqlAndShowTableView] start
2020-12-22 20:11:47 |DEBUG |JavaFX Application Thread |MainWindowController.java:185 |com.zlimbo.zcat.controller.MainWindowController |sql: CREATE TABLE `resinfo4` (
  `SYSTEM_ID\n` varchar(50)  DEFAULT NULL,
  `REQUEST_SN` varchar(50)  DEFAULT NULL,
  `INVOKE_TIME` datetime DEFAULT NULL,
  `BUSINESS_ID` varchar(50)  DEFAULT NULL,
  `CALLBACK_URL` varchar(50)  DEFAULT NULL,
  `KEY_ID` varchar(50)  DEFAULT NULL,
  `ACCOUNT_ID` varchar(50)  DEFAULT NULL,
  `TX_HASH` varchar(50)  NOT NULL,
  `INVOICE_NO` varchar(100)  DEFAULT NULL,
  `TIMESTAMPS` varchar(50)  DEFAULT NULL,
  `CONTRACT_ADDRESS` varchar(100)  DEFAULT NULL,
  `ON_CHAIN` int(11) DEFAULT NULL,
  `BLOCK_HEIGHT` varchar(50)  DEFAULT NULL,
  `BLOCK_TIME` varchar(50)  DEFAULT NULL,
  PRIMARY KEY (`TX_HASH`)
)
2020-12-22 20:11:47 |DEBUG |JavaFX Application Thread |MainWindowController.java:195 |com.zlimbo.zcat.controller.MainWindowController |CREATE TABLE!
2020-12-22 20:11:47 |DEBUG |JavaFX Application Thread |SqlController.java:202 |com.zlimbo.zcat.controller.SqlController |[sqlCreateTable] start
2020-12-22 20:11:47 |DEBUG |JavaFX Application Thread |SqlController.java:203 |com.zlimbo.zcat.controller.SqlController |sql:CREATE TABLE `resinfo4` (   `SYSTEM_ID\n` varchar(50)  DEFAULT NULL,   `REQUEST_SN` varchar(50)  DEFAULT NULL,   `INVOKE_TIME` datetime DEFAULT NULL,   `BUSINESS_ID` varchar(50)  DEFAULT NULL,   `CALLBACK_URL` varchar(50)  DEFAULT NULL,   `KEY_ID` varchar(50)  DEFAULT NULL,   `ACCOUNT_ID` varchar(50)  DEFAULT NULL,   `TX_HASH` varchar(50)  NOT NULL,   `INVOICE_NO` varchar(100)  DEFAULT NULL,   `TIMESTAMPS` varchar(50)  DEFAULT NULL,   `CONTRACT_ADDRESS` varchar(100)  DEFAULT NULL,   `ON_CHAIN` int(11) DEFAULT NULL,   `BLOCK_HEIGHT` varchar(50)  DEFAULT NULL,   `BLOCK_TIME` varchar(50)  DEFAULT NULL,   PRIMARY KEY (`TX_HASH`) )
2020-12-22 20:11:47 |DEBUG |JavaFX Application Thread |SqlController.java:231 |com.zlimbo.zcat.controller.SqlController |[sqlCreateTable] end
2020-12-22 20:11:47 |DEBUG |JavaFX Application Thread |MainWindowController.java:494 |com.zlimbo.zcat.controller.MainWindowController |[showDatabase] start
2020-12-22 20:11:47 |DEBUG |JavaFX Application Thread |SqlController.java:165 |com.zlimbo.zcat.controller.SqlController |[sqlShowTables] start
2020-12-22 20:11:47 |DEBUG |JavaFX Application Thread |SqlController.java:173 |com.zlimbo.zcat.controller.SqlController |table: invoice
2020-12-22 20:11:47 |DEBUG |JavaFX Application Thread |SqlController.java:173 |com.zlimbo.zcat.controller.SqlController |table: person
2020-12-22 20:11:47 |DEBUG |JavaFX Application Thread |SqlController.java:173 |com.zlimbo.zcat.controller.SqlController |table: privatekey
2020-12-22 20:11:47 |DEBUG |JavaFX Application Thread |SqlController.java:173 |com.zlimbo.zcat.controller.SqlController |table: resinfo
2020-12-22 20:11:47 |DEBUG |JavaFX Application Thread |SqlController.java:173 |com.zlimbo.zcat.controller.SqlController |table: resinfo2
2020-12-22 20:11:47 |DEBUG |JavaFX Application Thread |SqlController.java:173 |com.zlimbo.zcat.controller.SqlController |table: resinfo3
2020-12-22 20:11:47 |DEBUG |JavaFX Application Thread |SqlController.java:173 |com.zlimbo.zcat.controller.SqlController |table: resinfo4
2020-12-22 20:11:47 |DEBUG |JavaFX Application Thread |SqlController.java:173 |com.zlimbo.zcat.controller.SqlController |table: sc
2020-12-22 20:11:47 |DEBUG |JavaFX Application Thread |SqlController.java:173 |com.zlimbo.zcat.controller.SqlController |table: stu
2020-12-22 20:11:47 |DEBUG |JavaFX Application Thread |SqlController.java:173 |com.zlimbo.zcat.controller.SqlController |table: test
2020-12-22 20:11:47 |DEBUG |JavaFX Application Thread |SqlController.java:173 |com.zlimbo.zcat.controller.SqlController |table: tx
2020-12-22 20:11:47 |DEBUG |JavaFX Application Thread |SqlController.java:173 |com.zlimbo.zcat.controller.SqlController |table: userkey
2020-12-22 20:11:47 |DEBUG |JavaFX Application Thread |SqlController.java:191 |com.zlimbo.zcat.controller.SqlController |[sqlShowTables] end
2020-12-22 20:11:47 |DEBUG |JavaFX Application Thread |MainWindowController.java:531 |com.zlimbo.zcat.controller.MainWindowController |[showDatabase] end
2020-12-22 20:11:47 |DEBUG |JavaFX Application Thread |MainWindowController.java:274 |com.zlimbo.zcat.controller.MainWindowController |[showQuerySingle] start
2020-12-22 20:11:47 |DEBUG |JavaFX Application Thread |MainWindowController.java:312 |com.zlimbo.zcat.controller.MainWindowController |[showQuerySingle] end
2020-12-22 20:11:47 |DEBUG |JavaFX Application Thread |MainWindowController.java:261 |com.zlimbo.zcat.controller.MainWindowController |[executeSqlAndShowTableView] end
2020-12-22 20:11:47 |DEBUG |JavaFX Application Thread |MainWindowController.java:581 |com.zlimbo.zcat.controller.MainWindowController |flag: 1
2020-12-22 20:16:22 |DEBUG |JavaFX Application Thread |Main.java:26 |com.zlimbo.zcat.Main |[start] start
2020-12-22 20:16:22 |DEBUG |JavaFX Application Thread |MainWindowController.java:82 |com.zlimbo.zcat.controller.MainWindowController |[initialize] start
2020-12-22 20:16:22 |DEBUG |JavaFX Application Thread |MainWindowController.java:109 |com.zlimbo.zcat.controller.MainWindowController |[initialize] end
2020-12-22 20:16:23 |DEBUG |JavaFX Application Thread |Main.java:35 |com.zlimbo.zcat.Main |[start] end
