2021-01-06 22:41:58 |DEBUG |JavaFX Application Thread |Main.java:26 |com.zlimbo.zcat.Main |[start] start
2021-01-06 22:41:58 |DEBUG |JavaFX Application Thread |MainWindowController.java:90 |com.zlimbo.zcat.controller.MainWindowController |[initialize] start
2021-01-06 22:41:58 |DEBUG |JavaFX Application Thread |SqlController.java:134 |com.zlimbo.zcat.controller.SqlController |[SqlControl] start
2021-01-06 22:41:58 |DEBUG |JavaFX Application Thread |SqlController.java:147 |com.zlimbo.zcat.controller.SqlController |database url: jdbc:mysql://192.168.6.108:3306/ouyeel?useSSL=false&useUnicode=true&characterEncoding=UTF8&serverTimezone=GMT&allowPublicKeyRetrieval=true
2021-01-06 22:41:59 |DEBUG |JavaFX Application Thread |SqlController.java:159 |com.zlimbo.zcat.controller.SqlController |[SqlController] end
2021-01-06 22:41:59 |DEBUG |JavaFX Application Thread |MainWindowController.java:507 |com.zlimbo.zcat.controller.MainWindowController |[showDatabase] start
2021-01-06 22:41:59 |DEBUG |JavaFX Application Thread |SqlController.java:169 |com.zlimbo.zcat.controller.SqlController |[sqlShowTables] start
2021-01-06 22:41:59 |DEBUG |JavaFX Application Thread |SqlController.java:177 |com.zlimbo.zcat.controller.SqlController |table: invoice
2021-01-06 22:41:59 |DEBUG |JavaFX Application Thread |SqlController.java:177 |com.zlimbo.zcat.controller.SqlController |table: invoice2
2021-01-06 22:41:59 |DEBUG |JavaFX Application Thread |SqlController.java:177 |com.zlimbo.zcat.controller.SqlController |table: saleResource
2021-01-06 22:41:59 |DEBUG |JavaFX Application Thread |SqlController.java:195 |com.zlimbo.zcat.controller.SqlController |[sqlShowTables] end
2021-01-06 22:41:59 |DEBUG |JavaFX Application Thread |MainWindowController.java:544 |com.zlimbo.zcat.controller.MainWindowController |[showDatabase] end
2021-01-06 22:41:59 |DEBUG |JavaFX Application Thread |MainWindowController.java:117 |com.zlimbo.zcat.controller.MainWindowController |[initialize] end
2021-01-06 22:41:59 |DEBUG |JavaFX Application Thread |Main.java:35 |com.zlimbo.zcat.Main |[start] end
2021-01-06 22:42:03 |DEBUG |JavaFX Application Thread |MainWindowController.java:526 |com.zlimbo.zcat.controller.MainWindowController |[handle] start

2021-01-06 22:42:03 |DEBUG |JavaFX Application Thread |MainWindowController.java:540 |com.zlimbo.zcat.controller.MainWindowController |[handle] end
2021-01-06 22:42:04 |DEBUG |JavaFX Application Thread |MainWindowController.java:554 |com.zlimbo.zcat.controller.MainWindowController |[newQuery] start
2021-01-06 22:42:04 |DEBUG |JavaFX Application Thread |MainWindowController.java:634 |com.zlimbo.zcat.controller.MainWindowController |[addTab] start [tabName = 查询[1]]
2021-01-06 22:42:04 |DEBUG |JavaFX Application Thread |MainWindowController.java:638 |com.zlimbo.zcat.controller.MainWindowController |[addTab] end
2021-01-06 22:42:04 |DEBUG |JavaFX Application Thread |MainWindowController.java:617 |com.zlimbo.zcat.controller.MainWindowController |[tabAddContextMenu] start [tabName = 查询[1]]
2021-01-06 22:42:04 |DEBUG |JavaFX Application Thread |MainWindowController.java:623 |com.zlimbo.zcat.controller.MainWindowController |[tabAddContextMenu] end
2021-01-06 22:42:04 |DEBUG |JavaFX Application Thread |MainWindowController.java:606 |com.zlimbo.zcat.controller.MainWindowController |[newQuery] end
2021-01-06 22:42:39 |DEBUG |JavaFX Application Thread |MainWindowController.java:194 |com.zlimbo.zcat.controller.MainWindowController |[executeSqlAndShowTableView] start
2021-01-06 22:42:39 |DEBUG |JavaFX Application Thread |MainWindowController.java:195 |com.zlimbo.zcat.controller.MainWindowController |sql: SELECT * FROM invoice WHERE REQUEST_SN = '882d1a0e-19fb-4c30-9b3a-215413334337';
2021-01-06 22:42:39 |DEBUG |JavaFX Application Thread |MainWindowController.java:224 |com.zlimbo.zcat.controller.MainWindowController |Query!
2021-01-06 22:42:39 |DEBUG |JavaFX Application Thread |SqlController.java:248 |com.zlimbo.zcat.controller.SqlController |[sqlQuery] start
2021-01-06 22:42:39 |DEBUG |JavaFX Application Thread |SqlController.java:249 |com.zlimbo.zcat.controller.SqlController |sql:SELECT * FROM invoice WHERE REQUEST_SN = '882d1a0e-19fb-4c30-9b3a-215413334337';
2021-01-06 22:42:39 |DEBUG |JavaFX Application Thread |SqlController.java:262 |com.zlimbo.zcat.controller.SqlController |com.mysql.jdbc.JDBC42PreparedStatement@75be2fb: SELECT * FROM invoice WHERE REQUEST_SN = '882d1a0e-19fb-4c30-9b3a-215413334337';
2021-01-06 22:42:39 |DEBUG |JavaFX Application Thread |SqlController.java:266 |com.zlimbo.zcat.controller.SqlController |jdbc query spend: 0.044s
2021-01-06 22:42:39 |DEBUG |JavaFX Application Thread |SqlController.java:304 |com.zlimbo.zcat.controller.SqlController |[sqlQuery] end
2021-01-06 22:42:39 |DEBUG |JavaFX Application Thread |MainWindowController.java:285 |com.zlimbo.zcat.controller.MainWindowController |[showQuerySingle] start
2021-01-06 22:42:39 |DEBUG |JavaFX Application Thread |MainWindowController.java:323 |com.zlimbo.zcat.controller.MainWindowController |[showQuerySingle] end
2021-01-06 22:42:39 |DEBUG |JavaFX Application Thread |MainWindowController.java:271 |com.zlimbo.zcat.controller.MainWindowController |[executeSqlAndShowTableView] end
2021-01-06 22:42:39 |DEBUG |JavaFX Application Thread |MainWindowController.java:595 |com.zlimbo.zcat.controller.MainWindowController |flag: 3
2021-01-06 22:43:46 |DEBUG |JavaFX Application Thread |MainWindowController.java:554 |com.zlimbo.zcat.controller.MainWindowController |[newQuery] start
2021-01-06 22:43:46 |DEBUG |JavaFX Application Thread |MainWindowController.java:634 |com.zlimbo.zcat.controller.MainWindowController |[addTab] start [tabName = 查询[2]]
2021-01-06 22:43:46 |DEBUG |JavaFX Application Thread |MainWindowController.java:638 |com.zlimbo.zcat.controller.MainWindowController |[addTab] end
2021-01-06 22:43:46 |DEBUG |JavaFX Application Thread |MainWindowController.java:617 |com.zlimbo.zcat.controller.MainWindowController |[tabAddContextMenu] start [tabName = 查询[2]]
2021-01-06 22:43:46 |DEBUG |JavaFX Application Thread |MainWindowController.java:623 |com.zlimbo.zcat.controller.MainWindowController |[tabAddContextMenu] end
2021-01-06 22:43:46 |DEBUG |JavaFX Application Thread |MainWindowController.java:606 |com.zlimbo.zcat.controller.MainWindowController |[newQuery] end
2021-01-06 22:43:57 |DEBUG |JavaFX Application Thread |MainWindowController.java:194 |com.zlimbo.zcat.controller.MainWindowController |[executeSqlAndShowTableView] start
2021-01-06 22:43:57 |DEBUG |JavaFX Application Thread |MainWindowController.java:195 |com.zlimbo.zcat.controller.MainWindowController |sql: SELECT COUTN(*) FROM invoice;
2021-01-06 22:43:57 |DEBUG |JavaFX Application Thread |MainWindowController.java:224 |com.zlimbo.zcat.controller.MainWindowController |Query!
2021-01-06 22:43:57 |DEBUG |JavaFX Application Thread |SqlController.java:248 |com.zlimbo.zcat.controller.SqlController |[sqlQuery] start
2021-01-06 22:43:57 |DEBUG |JavaFX Application Thread |SqlController.java:249 |com.zlimbo.zcat.controller.SqlController |sql:SELECT COUTN(*) FROM invoice;
2021-01-06 22:43:57 |DEBUG |JavaFX Application Thread |SqlController.java:262 |com.zlimbo.zcat.controller.SqlController |com.mysql.jdbc.JDBC42PreparedStatement@225ef009: SELECT COUTN(*) FROM invoice;
2021-01-06 22:43:57 |ERROR |JavaFX Application Thread |SqlController.java:284 |com.zlimbo.zcat.controller.SqlController |You have an error in your SQL syntax; check the manual that corresponds to your MySQL server version for the right syntax to use near '*) FROM invoice' at line 1
2021-01-06 22:43:57 |DEBUG |JavaFX Application Thread |SqlController.java:304 |com.zlimbo.zcat.controller.SqlController |[sqlQuery] end
2021-01-06 22:43:57 |DEBUG |JavaFX Application Thread |MainWindowController.java:271 |com.zlimbo.zcat.controller.MainWindowController |[executeSqlAndShowTableView] end
2021-01-06 22:43:57 |DEBUG |JavaFX Application Thread |MainWindowController.java:595 |com.zlimbo.zcat.controller.MainWindowController |flag: 0
2021-01-06 22:44:06 |DEBUG |JavaFX Application Thread |MainWindowController.java:194 |com.zlimbo.zcat.controller.MainWindowController |[executeSqlAndShowTableView] start
2021-01-06 22:44:06 |DEBUG |JavaFX Application Thread |MainWindowController.java:195 |com.zlimbo.zcat.controller.MainWindowController |sql: SELECT COUNT(*) FROM invoice;
2021-01-06 22:44:06 |DEBUG |JavaFX Application Thread |MainWindowController.java:224 |com.zlimbo.zcat.controller.MainWindowController |Query!
2021-01-06 22:44:06 |DEBUG |JavaFX Application Thread |SqlController.java:248 |com.zlimbo.zcat.controller.SqlController |[sqlQuery] start
2021-01-06 22:44:06 |DEBUG |JavaFX Application Thread |SqlController.java:249 |com.zlimbo.zcat.controller.SqlController |sql:SELECT COUNT(*) FROM invoice;
2021-01-06 22:44:06 |DEBUG |JavaFX Application Thread |SqlController.java:262 |com.zlimbo.zcat.controller.SqlController |com.mysql.jdbc.JDBC42PreparedStatement@59e11706: SELECT COUNT(*) FROM invoice;
2021-01-06 22:44:06 |DEBUG |JavaFX Application Thread |SqlController.java:266 |com.zlimbo.zcat.controller.SqlController |jdbc query spend: 0.054s
2021-01-06 22:44:06 |DEBUG |JavaFX Application Thread |SqlController.java:304 |com.zlimbo.zcat.controller.SqlController |[sqlQuery] end
2021-01-06 22:44:06 |DEBUG |JavaFX Application Thread |MainWindowController.java:285 |com.zlimbo.zcat.controller.MainWindowController |[showQuerySingle] start
2021-01-06 22:44:06 |DEBUG |JavaFX Application Thread |MainWindowController.java:323 |com.zlimbo.zcat.controller.MainWindowController |[showQuerySingle] end
2021-01-06 22:44:06 |DEBUG |JavaFX Application Thread |MainWindowController.java:271 |com.zlimbo.zcat.controller.MainWindowController |[executeSqlAndShowTableView] end
2021-01-06 22:44:06 |DEBUG |JavaFX Application Thread |MainWindowController.java:595 |com.zlimbo.zcat.controller.MainWindowController |flag: 3
2021-01-06 23:23:30 |DEBUG |JavaFX Application Thread |Main.java:26 |com.zlimbo.zcat.Main |[start] start
2021-01-06 23:23:30 |DEBUG |JavaFX Application Thread |MainWindowController.java:90 |com.zlimbo.zcat.controller.MainWindowController |[initialize] start
2021-01-06 23:23:30 |DEBUG |JavaFX Application Thread |SqlController.java:134 |com.zlimbo.zcat.controller.SqlController |[SqlControl] start
2021-01-06 23:23:30 |DEBUG |JavaFX Application Thread |SqlController.java:147 |com.zlimbo.zcat.controller.SqlController |database url: jdbc:mysql://192.168.6.108:3306/ouyeel?useSSL=false&useUnicode=true&characterEncoding=UTF8&serverTimezone=GMT&allowPublicKeyRetrieval=true
2021-01-06 23:23:31 |DEBUG |JavaFX Application Thread |SqlController.java:159 |com.zlimbo.zcat.controller.SqlController |[SqlController] end
2021-01-06 23:23:31 |DEBUG |JavaFX Application Thread |MainWindowController.java:507 |com.zlimbo.zcat.controller.MainWindowController |[showDatabase] start
2021-01-06 23:23:31 |DEBUG |JavaFX Application Thread |SqlController.java:169 |com.zlimbo.zcat.controller.SqlController |[sqlShowTables] start
2021-01-06 23:23:31 |DEBUG |JavaFX Application Thread |SqlController.java:177 |com.zlimbo.zcat.controller.SqlController |table: invoice
2021-01-06 23:23:31 |DEBUG |JavaFX Application Thread |SqlController.java:177 |com.zlimbo.zcat.controller.SqlController |table: invoice2
2021-01-06 23:23:31 |DEBUG |JavaFX Application Thread |SqlController.java:177 |com.zlimbo.zcat.controller.SqlController |table: saleResource
2021-01-06 23:23:31 |DEBUG |JavaFX Application Thread |SqlController.java:195 |com.zlimbo.zcat.controller.SqlController |[sqlShowTables] end
2021-01-06 23:23:31 |DEBUG |JavaFX Application Thread |MainWindowController.java:544 |com.zlimbo.zcat.controller.MainWindowController |[showDatabase] end
2021-01-06 23:23:31 |DEBUG |JavaFX Application Thread |MainWindowController.java:117 |com.zlimbo.zcat.controller.MainWindowController |[initialize] end
2021-01-06 23:23:31 |DEBUG |JavaFX Application Thread |Main.java:35 |com.zlimbo.zcat.Main |[start] end
2021-01-06 23:23:33 |DEBUG |JavaFX Application Thread |MainWindowController.java:554 |com.zlimbo.zcat.controller.MainWindowController |[newQuery] start
2021-01-06 23:23:33 |DEBUG |JavaFX Application Thread |MainWindowController.java:634 |com.zlimbo.zcat.controller.MainWindowController |[addTab] start [tabName = 查询[1]]
2021-01-06 23:23:33 |DEBUG |JavaFX Application Thread |MainWindowController.java:638 |com.zlimbo.zcat.controller.MainWindowController |[addTab] end
2021-01-06 23:23:33 |DEBUG |JavaFX Application Thread |MainWindowController.java:617 |com.zlimbo.zcat.controller.MainWindowController |[tabAddContextMenu] start [tabName = 查询[1]]
2021-01-06 23:23:33 |DEBUG |JavaFX Application Thread |MainWindowController.java:623 |com.zlimbo.zcat.controller.MainWindowController |[tabAddContextMenu] end
2021-01-06 23:23:33 |DEBUG |JavaFX Application Thread |MainWindowController.java:606 |com.zlimbo.zcat.controller.MainWindowController |[newQuery] end
2021-01-06 23:23:46 |DEBUG |JavaFX Application Thread |MainWindowController.java:194 |com.zlimbo.zcat.controller.MainWindowController |[executeSqlAndShowTableView] start
2021-01-06 23:23:46 |DEBUG |JavaFX Application Thread |MainWindowController.java:195 |com.zlimbo.zcat.controller.MainWindowController |sql: select count(*) from invoice;
2021-01-06 23:23:46 |DEBUG |JavaFX Application Thread |MainWindowController.java:224 |com.zlimbo.zcat.controller.MainWindowController |Query!
2021-01-06 23:23:46 |DEBUG |JavaFX Application Thread |SqlController.java:248 |com.zlimbo.zcat.controller.SqlController |[sqlQuery] start
2021-01-06 23:23:46 |DEBUG |JavaFX Application Thread |SqlController.java:249 |com.zlimbo.zcat.controller.SqlController |sql:select count(*) from invoice;
2021-01-06 23:23:46 |DEBUG |JavaFX Application Thread |SqlController.java:262 |com.zlimbo.zcat.controller.SqlController |com.mysql.jdbc.JDBC42PreparedStatement@be218ce: select count(*) from invoice;
2021-01-06 23:23:46 |DEBUG |JavaFX Application Thread |SqlController.java:266 |com.zlimbo.zcat.controller.SqlController |jdbc query spend: 0.27s
2021-01-06 23:23:46 |DEBUG |JavaFX Application Thread |SqlController.java:304 |com.zlimbo.zcat.controller.SqlController |[sqlQuery] end
2021-01-06 23:23:46 |DEBUG |JavaFX Application Thread |MainWindowController.java:285 |com.zlimbo.zcat.controller.MainWindowController |[showQuerySingle] start
2021-01-06 23:23:46 |DEBUG |JavaFX Application Thread |MainWindowController.java:323 |com.zlimbo.zcat.controller.MainWindowController |[showQuerySingle] end
2021-01-06 23:23:46 |DEBUG |JavaFX Application Thread |MainWindowController.java:271 |com.zlimbo.zcat.controller.MainWindowController |[executeSqlAndShowTableView] end
2021-01-06 23:23:46 |DEBUG |JavaFX Application Thread |MainWindowController.java:595 |com.zlimbo.zcat.controller.MainWindowController |flag: 3
2021-01-06 23:38:05 |DEBUG |JavaFX Application Thread |MainWindowController.java:194 |com.zlimbo.zcat.controller.MainWindowController |[executeSqlAndShowTableView] start
2021-01-06 23:38:05 |DEBUG |JavaFX Application Thread |MainWindowController.java:195 |com.zlimbo.zcat.controller.MainWindowController |sql: select * from invoice where REQUEST_SN = '199d1a94-624e-4660-bed9-a3b996d8b080';
2021-01-06 23:38:05 |DEBUG |JavaFX Application Thread |MainWindowController.java:224 |com.zlimbo.zcat.controller.MainWindowController |Query!
2021-01-06 23:38:05 |DEBUG |JavaFX Application Thread |SqlController.java:248 |com.zlimbo.zcat.controller.SqlController |[sqlQuery] start
2021-01-06 23:38:05 |DEBUG |JavaFX Application Thread |SqlController.java:249 |com.zlimbo.zcat.controller.SqlController |sql:select * from invoice where REQUEST_SN = '199d1a94-624e-4660-bed9-a3b996d8b080';
2021-01-06 23:38:05 |DEBUG |JavaFX Application Thread |SqlController.java:262 |com.zlimbo.zcat.controller.SqlController |com.mysql.jdbc.JDBC42PreparedStatement@b1d63a9: select * from invoice where REQUEST_SN = '199d1a94-624e-4660-bed9-a3b996d8b080';
2021-01-06 23:38:05 |DEBUG |JavaFX Application Thread |SqlController.java:266 |com.zlimbo.zcat.controller.SqlController |jdbc query spend: 0.136s
2021-01-06 23:38:05 |DEBUG |JavaFX Application Thread |SqlController.java:304 |com.zlimbo.zcat.controller.SqlController |[sqlQuery] end
2021-01-06 23:38:05 |DEBUG |JavaFX Application Thread |MainWindowController.java:285 |com.zlimbo.zcat.controller.MainWindowController |[showQuerySingle] start
2021-01-06 23:38:05 |DEBUG |JavaFX Application Thread |MainWindowController.java:323 |com.zlimbo.zcat.controller.MainWindowController |[showQuerySingle] end
2021-01-06 23:38:05 |DEBUG |JavaFX Application Thread |MainWindowController.java:271 |com.zlimbo.zcat.controller.MainWindowController |[executeSqlAndShowTableView] end
2021-01-06 23:38:05 |DEBUG |JavaFX Application Thread |MainWindowController.java:595 |com.zlimbo.zcat.controller.MainWindowController |flag: 3
2021-01-06 23:38:08 |DEBUG |JavaFX Application Thread |MainWindowController.java:194 |com.zlimbo.zcat.controller.MainWindowController |[executeSqlAndShowTableView] start
2021-01-06 23:38:08 |DEBUG |JavaFX Application Thread |MainWindowController.java:195 |com.zlimbo.zcat.controller.MainWindowController |sql: select * from invoice where REQUEST_SN = '199d1a94-624e-4660-bed9-a3b996d8b080';
2021-01-06 23:38:08 |DEBUG |JavaFX Application Thread |MainWindowController.java:224 |com.zlimbo.zcat.controller.MainWindowController |Query!
2021-01-06 23:38:08 |DEBUG |JavaFX Application Thread |SqlController.java:248 |com.zlimbo.zcat.controller.SqlController |[sqlQuery] start
2021-01-06 23:38:08 |DEBUG |JavaFX Application Thread |SqlController.java:249 |com.zlimbo.zcat.controller.SqlController |sql:select * from invoice where REQUEST_SN = '199d1a94-624e-4660-bed9-a3b996d8b080';
2021-01-06 23:38:08 |DEBUG |JavaFX Application Thread |SqlController.java:262 |com.zlimbo.zcat.controller.SqlController |com.mysql.jdbc.JDBC42PreparedStatement@1b462113: select * from invoice where REQUEST_SN = '199d1a94-624e-4660-bed9-a3b996d8b080';
2021-01-06 23:38:08 |DEBUG |JavaFX Application Thread |SqlController.java:266 |com.zlimbo.zcat.controller.SqlController |jdbc query spend: 0.243s
2021-01-06 23:38:08 |DEBUG |JavaFX Application Thread |SqlController.java:304 |com.zlimbo.zcat.controller.SqlController |[sqlQuery] end
2021-01-06 23:38:08 |DEBUG |JavaFX Application Thread |MainWindowController.java:285 |com.zlimbo.zcat.controller.MainWindowController |[showQuerySingle] start
2021-01-06 23:38:08 |DEBUG |JavaFX Application Thread |MainWindowController.java:323 |com.zlimbo.zcat.controller.MainWindowController |[showQuerySingle] end
2021-01-06 23:38:08 |DEBUG |JavaFX Application Thread |MainWindowController.java:271 |com.zlimbo.zcat.controller.MainWindowController |[executeSqlAndShowTableView] end
2021-01-06 23:38:08 |DEBUG |JavaFX Application Thread |MainWindowController.java:595 |com.zlimbo.zcat.controller.MainWindowController |flag: 3
2021-01-06 23:38:08 |DEBUG |JavaFX Application Thread |MainWindowController.java:194 |com.zlimbo.zcat.controller.MainWindowController |[executeSqlAndShowTableView] start
2021-01-06 23:38:08 |DEBUG |JavaFX Application Thread |MainWindowController.java:195 |com.zlimbo.zcat.controller.MainWindowController |sql: select * from invoice where REQUEST_SN = '199d1a94-624e-4660-bed9-a3b996d8b080';
2021-01-06 23:38:08 |DEBUG |JavaFX Application Thread |MainWindowController.java:224 |com.zlimbo.zcat.controller.MainWindowController |Query!
2021-01-06 23:38:08 |DEBUG |JavaFX Application Thread |SqlController.java:248 |com.zlimbo.zcat.controller.SqlController |[sqlQuery] start
2021-01-06 23:38:08 |DEBUG |JavaFX Application Thread |SqlController.java:249 |com.zlimbo.zcat.controller.SqlController |sql:select * from invoice where REQUEST_SN = '199d1a94-624e-4660-bed9-a3b996d8b080';
2021-01-06 23:38:08 |DEBUG |JavaFX Application Thread |SqlController.java:262 |com.zlimbo.zcat.controller.SqlController |com.mysql.jdbc.JDBC42PreparedStatement@4a92a737: select * from invoice where REQUEST_SN = '199d1a94-624e-4660-bed9-a3b996d8b080';
2021-01-06 23:38:09 |DEBUG |JavaFX Application Thread |SqlController.java:266 |com.zlimbo.zcat.controller.SqlController |jdbc query spend: 0.123s
2021-01-06 23:38:09 |DEBUG |JavaFX Application Thread |SqlController.java:304 |com.zlimbo.zcat.controller.SqlController |[sqlQuery] end
2021-01-06 23:38:09 |DEBUG |JavaFX Application Thread |MainWindowController.java:285 |com.zlimbo.zcat.controller.MainWindowController |[showQuerySingle] start
2021-01-06 23:38:09 |DEBUG |JavaFX Application Thread |MainWindowController.java:323 |com.zlimbo.zcat.controller.MainWindowController |[showQuerySingle] end
2021-01-06 23:38:09 |DEBUG |JavaFX Application Thread |MainWindowController.java:271 |com.zlimbo.zcat.controller.MainWindowController |[executeSqlAndShowTableView] end
2021-01-06 23:38:09 |DEBUG |JavaFX Application Thread |MainWindowController.java:595 |com.zlimbo.zcat.controller.MainWindowController |flag: 3
2021-01-06 23:38:09 |DEBUG |JavaFX Application Thread |MainWindowController.java:194 |com.zlimbo.zcat.controller.MainWindowController |[executeSqlAndShowTableView] start
2021-01-06 23:38:09 |DEBUG |JavaFX Application Thread |MainWindowController.java:195 |com.zlimbo.zcat.controller.MainWindowController |sql: select * from invoice where REQUEST_SN = '199d1a94-624e-4660-bed9-a3b996d8b080';
2021-01-06 23:38:09 |DEBUG |JavaFX Application Thread |MainWindowController.java:224 |com.zlimbo.zcat.controller.MainWindowController |Query!
2021-01-06 23:38:09 |DEBUG |JavaFX Application Thread |SqlController.java:248 |com.zlimbo.zcat.controller.SqlController |[sqlQuery] start
2021-01-06 23:38:09 |DEBUG |JavaFX Application Thread |SqlController.java:249 |com.zlimbo.zcat.controller.SqlController |sql:select * from invoice where REQUEST_SN = '199d1a94-624e-4660-bed9-a3b996d8b080';
2021-01-06 23:38:09 |DEBUG |JavaFX Application Thread |SqlController.java:262 |com.zlimbo.zcat.controller.SqlController |com.mysql.jdbc.JDBC42PreparedStatement@30899e3d: select * from invoice where REQUEST_SN = '199d1a94-624e-4660-bed9-a3b996d8b080';
2021-01-06 23:38:09 |DEBUG |JavaFX Application Thread |SqlController.java:266 |com.zlimbo.zcat.controller.SqlController |jdbc query spend: 0.227s
2021-01-06 23:38:09 |DEBUG |JavaFX Application Thread |SqlController.java:304 |com.zlimbo.zcat.controller.SqlController |[sqlQuery] end
2021-01-06 23:38:09 |DEBUG |JavaFX Application Thread |MainWindowController.java:285 |com.zlimbo.zcat.controller.MainWindowController |[showQuerySingle] start
2021-01-06 23:38:09 |DEBUG |JavaFX Application Thread |MainWindowController.java:323 |com.zlimbo.zcat.controller.MainWindowController |[showQuerySingle] end
2021-01-06 23:38:09 |DEBUG |JavaFX Application Thread |MainWindowController.java:271 |com.zlimbo.zcat.controller.MainWindowController |[executeSqlAndShowTableView] end
2021-01-06 23:38:09 |DEBUG |JavaFX Application Thread |MainWindowController.java:595 |com.zlimbo.zcat.controller.MainWindowController |flag: 3
2021-01-06 23:38:10 |DEBUG |JavaFX Application Thread |MainWindowController.java:194 |com.zlimbo.zcat.controller.MainWindowController |[executeSqlAndShowTableView] start
2021-01-06 23:38:10 |DEBUG |JavaFX Application Thread |MainWindowController.java:195 |com.zlimbo.zcat.controller.MainWindowController |sql: select * from invoice where REQUEST_SN = '199d1a94-624e-4660-bed9-a3b996d8b080';
2021-01-06 23:38:10 |DEBUG |JavaFX Application Thread |MainWindowController.java:224 |com.zlimbo.zcat.controller.MainWindowController |Query!
2021-01-06 23:38:10 |DEBUG |JavaFX Application Thread |SqlController.java:248 |com.zlimbo.zcat.controller.SqlController |[sqlQuery] start
2021-01-06 23:38:10 |DEBUG |JavaFX Application Thread |SqlController.java:249 |com.zlimbo.zcat.controller.SqlController |sql:select * from invoice where REQUEST_SN = '199d1a94-624e-4660-bed9-a3b996d8b080';
2021-01-06 23:38:10 |DEBUG |JavaFX Application Thread |SqlController.java:262 |com.zlimbo.zcat.controller.SqlController |com.mysql.jdbc.JDBC42PreparedStatement@34cd5639: select * from invoice where REQUEST_SN = '199d1a94-624e-4660-bed9-a3b996d8b080';
2021-01-06 23:38:10 |DEBUG |JavaFX Application Thread |SqlController.java:266 |com.zlimbo.zcat.controller.SqlController |jdbc query spend: 0.156s
2021-01-06 23:38:10 |DEBUG |JavaFX Application Thread |SqlController.java:304 |com.zlimbo.zcat.controller.SqlController |[sqlQuery] end
2021-01-06 23:38:10 |DEBUG |JavaFX Application Thread |MainWindowController.java:285 |com.zlimbo.zcat.controller.MainWindowController |[showQuerySingle] start
2021-01-06 23:38:10 |DEBUG |JavaFX Application Thread |MainWindowController.java:323 |com.zlimbo.zcat.controller.MainWindowController |[showQuerySingle] end
2021-01-06 23:38:10 |DEBUG |JavaFX Application Thread |MainWindowController.java:271 |com.zlimbo.zcat.controller.MainWindowController |[executeSqlAndShowTableView] end
2021-01-06 23:38:10 |DEBUG |JavaFX Application Thread |MainWindowController.java:595 |com.zlimbo.zcat.controller.MainWindowController |flag: 3
2021-01-06 23:38:10 |DEBUG |JavaFX Application Thread |MainWindowController.java:194 |com.zlimbo.zcat.controller.MainWindowController |[executeSqlAndShowTableView] start
2021-01-06 23:38:10 |DEBUG |JavaFX Application Thread |MainWindowController.java:195 |com.zlimbo.zcat.controller.MainWindowController |sql: select * from invoice where REQUEST_SN = '199d1a94-624e-4660-bed9-a3b996d8b080';
2021-01-06 23:38:10 |DEBUG |JavaFX Application Thread |MainWindowController.java:224 |com.zlimbo.zcat.controller.MainWindowController |Query!
2021-01-06 23:38:10 |DEBUG |JavaFX Application Thread |SqlController.java:248 |com.zlimbo.zcat.controller.SqlController |[sqlQuery] start
2021-01-06 23:38:10 |DEBUG |JavaFX Application Thread |SqlController.java:249 |com.zlimbo.zcat.controller.SqlController |sql:select * from invoice where REQUEST_SN = '199d1a94-624e-4660-bed9-a3b996d8b080';
2021-01-06 23:38:10 |DEBUG |JavaFX Application Thread |SqlController.java:262 |com.zlimbo.zcat.controller.SqlController |com.mysql.jdbc.JDBC42PreparedStatement@64b4e40b: select * from invoice where REQUEST_SN = '199d1a94-624e-4660-bed9-a3b996d8b080';
2021-01-06 23:38:10 |DEBUG |JavaFX Application Thread |SqlController.java:266 |com.zlimbo.zcat.controller.SqlController |jdbc query spend: 0.166s
2021-01-06 23:38:10 |DEBUG |JavaFX Application Thread |SqlController.java:304 |com.zlimbo.zcat.controller.SqlController |[sqlQuery] end
2021-01-06 23:38:10 |DEBUG |JavaFX Application Thread |MainWindowController.java:285 |com.zlimbo.zcat.controller.MainWindowController |[showQuerySingle] start
2021-01-06 23:38:10 |DEBUG |JavaFX Application Thread |MainWindowController.java:323 |com.zlimbo.zcat.controller.MainWindowController |[showQuerySingle] end
2021-01-06 23:38:10 |DEBUG |JavaFX Application Thread |MainWindowController.java:271 |com.zlimbo.zcat.controller.MainWindowController |[executeSqlAndShowTableView] end
2021-01-06 23:38:10 |DEBUG |JavaFX Application Thread |MainWindowController.java:595 |com.zlimbo.zcat.controller.MainWindowController |flag: 3
2021-01-06 23:38:11 |DEBUG |JavaFX Application Thread |MainWindowController.java:194 |com.zlimbo.zcat.controller.MainWindowController |[executeSqlAndShowTableView] start
2021-01-06 23:38:11 |DEBUG |JavaFX Application Thread |MainWindowController.java:195 |com.zlimbo.zcat.controller.MainWindowController |sql: select * from invoice where REQUEST_SN = '199d1a94-624e-4660-bed9-a3b996d8b080';
2021-01-06 23:38:11 |DEBUG |JavaFX Application Thread |MainWindowController.java:224 |com.zlimbo.zcat.controller.MainWindowController |Query!
2021-01-06 23:38:11 |DEBUG |JavaFX Application Thread |SqlController.java:248 |com.zlimbo.zcat.controller.SqlController |[sqlQuery] start
2021-01-06 23:38:11 |DEBUG |JavaFX Application Thread |SqlController.java:249 |com.zlimbo.zcat.controller.SqlController |sql:select * from invoice where REQUEST_SN = '199d1a94-624e-4660-bed9-a3b996d8b080';
2021-01-06 23:38:11 |DEBUG |JavaFX Application Thread |SqlController.java:262 |com.zlimbo.zcat.controller.SqlController |com.mysql.jdbc.JDBC42PreparedStatement@66fa97b0: select * from invoice where REQUEST_SN = '199d1a94-624e-4660-bed9-a3b996d8b080';
2021-01-06 23:38:11 |DEBUG |JavaFX Application Thread |SqlController.java:266 |com.zlimbo.zcat.controller.SqlController |jdbc query spend: 0.081s
2021-01-06 23:38:11 |DEBUG |JavaFX Application Thread |SqlController.java:304 |com.zlimbo.zcat.controller.SqlController |[sqlQuery] end
2021-01-06 23:38:11 |DEBUG |JavaFX Application Thread |MainWindowController.java:285 |com.zlimbo.zcat.controller.MainWindowController |[showQuerySingle] start
2021-01-06 23:38:11 |DEBUG |JavaFX Application Thread |MainWindowController.java:323 |com.zlimbo.zcat.controller.MainWindowController |[showQuerySingle] end
2021-01-06 23:38:11 |DEBUG |JavaFX Application Thread |MainWindowController.java:271 |com.zlimbo.zcat.controller.MainWindowController |[executeSqlAndShowTableView] end
2021-01-06 23:38:11 |DEBUG |JavaFX Application Thread |MainWindowController.java:595 |com.zlimbo.zcat.controller.MainWindowController |flag: 3
2021-01-06 23:38:11 |DEBUG |JavaFX Application Thread |MainWindowController.java:194 |com.zlimbo.zcat.controller.MainWindowController |[executeSqlAndShowTableView] start
2021-01-06 23:38:11 |DEBUG |JavaFX Application Thread |MainWindowController.java:195 |com.zlimbo.zcat.controller.MainWindowController |sql: select * from invoice where REQUEST_SN = '199d1a94-624e-4660-bed9-a3b996d8b080';
2021-01-06 23:38:11 |DEBUG |JavaFX Application Thread |MainWindowController.java:224 |com.zlimbo.zcat.controller.MainWindowController |Query!
2021-01-06 23:38:11 |DEBUG |JavaFX Application Thread |SqlController.java:248 |com.zlimbo.zcat.controller.SqlController |[sqlQuery] start
2021-01-06 23:38:11 |DEBUG |JavaFX Application Thread |SqlController.java:249 |com.zlimbo.zcat.controller.SqlController |sql:select * from invoice where REQUEST_SN = '199d1a94-624e-4660-bed9-a3b996d8b080';
2021-01-06 23:38:11 |DEBUG |JavaFX Application Thread |SqlController.java:262 |com.zlimbo.zcat.controller.SqlController |com.mysql.jdbc.JDBC42PreparedStatement@28a78ba0: select * from invoice where REQUEST_SN = '199d1a94-624e-4660-bed9-a3b996d8b080';
2021-01-06 23:38:12 |DEBUG |JavaFX Application Thread |SqlController.java:266 |com.zlimbo.zcat.controller.SqlController |jdbc query spend: 0.292s
2021-01-06 23:38:12 |DEBUG |JavaFX Application Thread |SqlController.java:304 |com.zlimbo.zcat.controller.SqlController |[sqlQuery] end
2021-01-06 23:38:12 |DEBUG |JavaFX Application Thread |MainWindowController.java:285 |com.zlimbo.zcat.controller.MainWindowController |[showQuerySingle] start
2021-01-06 23:38:12 |DEBUG |JavaFX Application Thread |MainWindowController.java:323 |com.zlimbo.zcat.controller.MainWindowController |[showQuerySingle] end
2021-01-06 23:38:12 |DEBUG |JavaFX Application Thread |MainWindowController.java:271 |com.zlimbo.zcat.controller.MainWindowController |[executeSqlAndShowTableView] end
2021-01-06 23:38:12 |DEBUG |JavaFX Application Thread |MainWindowController.java:595 |com.zlimbo.zcat.controller.MainWindowController |flag: 3
2021-01-06 23:38:12 |DEBUG |JavaFX Application Thread |MainWindowController.java:194 |com.zlimbo.zcat.controller.MainWindowController |[executeSqlAndShowTableView] start
2021-01-06 23:38:12 |DEBUG |JavaFX Application Thread |MainWindowController.java:195 |com.zlimbo.zcat.controller.MainWindowController |sql: select * from invoice where REQUEST_SN = '199d1a94-624e-4660-bed9-a3b996d8b080';
2021-01-06 23:38:12 |DEBUG |JavaFX Application Thread |MainWindowController.java:224 |com.zlimbo.zcat.controller.MainWindowController |Query!
2021-01-06 23:38:12 |DEBUG |JavaFX Application Thread |SqlController.java:248 |com.zlimbo.zcat.controller.SqlController |[sqlQuery] start
2021-01-06 23:38:12 |DEBUG |JavaFX Application Thread |SqlController.java:249 |com.zlimbo.zcat.controller.SqlController |sql:select * from invoice where REQUEST_SN = '199d1a94-624e-4660-bed9-a3b996d8b080';
2021-01-06 23:38:12 |DEBUG |JavaFX Application Thread |SqlController.java:262 |com.zlimbo.zcat.controller.SqlController |com.mysql.jdbc.JDBC42PreparedStatement@32a57838: select * from invoice where REQUEST_SN = '199d1a94-624e-4660-bed9-a3b996d8b080';
2021-01-06 23:38:12 |DEBUG |JavaFX Application Thread |SqlController.java:266 |com.zlimbo.zcat.controller.SqlController |jdbc query spend: 0.085s
2021-01-06 23:38:12 |DEBUG |JavaFX Application Thread |SqlController.java:304 |com.zlimbo.zcat.controller.SqlController |[sqlQuery] end
2021-01-06 23:38:12 |DEBUG |JavaFX Application Thread |MainWindowController.java:285 |com.zlimbo.zcat.controller.MainWindowController |[showQuerySingle] start
2021-01-06 23:38:12 |DEBUG |JavaFX Application Thread |MainWindowController.java:323 |com.zlimbo.zcat.controller.MainWindowController |[showQuerySingle] end
2021-01-06 23:38:12 |DEBUG |JavaFX Application Thread |MainWindowController.java:271 |com.zlimbo.zcat.controller.MainWindowController |[executeSqlAndShowTableView] end
2021-01-06 23:38:12 |DEBUG |JavaFX Application Thread |MainWindowController.java:595 |com.zlimbo.zcat.controller.MainWindowController |flag: 3
2021-01-06 23:38:13 |DEBUG |JavaFX Application Thread |MainWindowController.java:194 |com.zlimbo.zcat.controller.MainWindowController |[executeSqlAndShowTableView] start
2021-01-06 23:38:13 |DEBUG |JavaFX Application Thread |MainWindowController.java:195 |com.zlimbo.zcat.controller.MainWindowController |sql: select * from invoice where REQUEST_SN = '199d1a94-624e-4660-bed9-a3b996d8b080';
2021-01-06 23:38:13 |DEBUG |JavaFX Application Thread |MainWindowController.java:224 |com.zlimbo.zcat.controller.MainWindowController |Query!
2021-01-06 23:38:13 |DEBUG |JavaFX Application Thread |SqlController.java:248 |com.zlimbo.zcat.controller.SqlController |[sqlQuery] start
2021-01-06 23:38:13 |DEBUG |JavaFX Application Thread |SqlController.java:249 |com.zlimbo.zcat.controller.SqlController |sql:select * from invoice where REQUEST_SN = '199d1a94-624e-4660-bed9-a3b996d8b080';
2021-01-06 23:38:13 |DEBUG |JavaFX Application Thread |SqlController.java:262 |com.zlimbo.zcat.controller.SqlController |com.mysql.jdbc.JDBC42PreparedStatement@d3d0afa: select * from invoice where REQUEST_SN = '199d1a94-624e-4660-bed9-a3b996d8b080';
2021-01-06 23:38:13 |DEBUG |JavaFX Application Thread |SqlController.java:266 |com.zlimbo.zcat.controller.SqlController |jdbc query spend: 0.213s
2021-01-06 23:38:13 |DEBUG |JavaFX Application Thread |SqlController.java:304 |com.zlimbo.zcat.controller.SqlController |[sqlQuery] end
2021-01-06 23:38:13 |DEBUG |JavaFX Application Thread |MainWindowController.java:285 |com.zlimbo.zcat.controller.MainWindowController |[showQuerySingle] start
2021-01-06 23:38:13 |DEBUG |JavaFX Application Thread |MainWindowController.java:323 |com.zlimbo.zcat.controller.MainWindowController |[showQuerySingle] end
2021-01-06 23:38:13 |DEBUG |JavaFX Application Thread |MainWindowController.java:271 |com.zlimbo.zcat.controller.MainWindowController |[executeSqlAndShowTableView] end
2021-01-06 23:38:13 |DEBUG |JavaFX Application Thread |MainWindowController.java:595 |com.zlimbo.zcat.controller.MainWindowController |flag: 3
2021-01-06 23:38:13 |DEBUG |JavaFX Application Thread |MainWindowController.java:194 |com.zlimbo.zcat.controller.MainWindowController |[executeSqlAndShowTableView] start
2021-01-06 23:38:13 |DEBUG |JavaFX Application Thread |MainWindowController.java:195 |com.zlimbo.zcat.controller.MainWindowController |sql: select * from invoice where REQUEST_SN = '199d1a94-624e-4660-bed9-a3b996d8b080';
2021-01-06 23:38:13 |DEBUG |JavaFX Application Thread |MainWindowController.java:224 |com.zlimbo.zcat.controller.MainWindowController |Query!
2021-01-06 23:38:13 |DEBUG |JavaFX Application Thread |SqlController.java:248 |com.zlimbo.zcat.controller.SqlController |[sqlQuery] start
2021-01-06 23:38:13 |DEBUG |JavaFX Application Thread |SqlController.java:249 |com.zlimbo.zcat.controller.SqlController |sql:select * from invoice where REQUEST_SN = '199d1a94-624e-4660-bed9-a3b996d8b080';
2021-01-06 23:38:13 |DEBUG |JavaFX Application Thread |SqlController.java:262 |com.zlimbo.zcat.controller.SqlController |com.mysql.jdbc.JDBC42PreparedStatement@1a8637e6: select * from invoice where REQUEST_SN = '199d1a94-624e-4660-bed9-a3b996d8b080';
2021-01-06 23:38:13 |DEBUG |JavaFX Application Thread |SqlController.java:266 |com.zlimbo.zcat.controller.SqlController |jdbc query spend: 0.232s
2021-01-06 23:38:13 |DEBUG |JavaFX Application Thread |SqlController.java:304 |com.zlimbo.zcat.controller.SqlController |[sqlQuery] end
2021-01-06 23:38:13 |DEBUG |JavaFX Application Thread |MainWindowController.java:285 |com.zlimbo.zcat.controller.MainWindowController |[showQuerySingle] start
2021-01-06 23:38:13 |DEBUG |JavaFX Application Thread |MainWindowController.java:323 |com.zlimbo.zcat.controller.MainWindowController |[showQuerySingle] end
2021-01-06 23:38:13 |DEBUG |JavaFX Application Thread |MainWindowController.java:271 |com.zlimbo.zcat.controller.MainWindowController |[executeSqlAndShowTableView] end
2021-01-06 23:38:13 |DEBUG |JavaFX Application Thread |MainWindowController.java:595 |com.zlimbo.zcat.controller.MainWindowController |flag: 3
2021-01-06 23:38:14 |DEBUG |JavaFX Application Thread |MainWindowController.java:194 |com.zlimbo.zcat.controller.MainWindowController |[executeSqlAndShowTableView] start
2021-01-06 23:38:14 |DEBUG |JavaFX Application Thread |MainWindowController.java:195 |com.zlimbo.zcat.controller.MainWindowController |sql: select * from invoice where REQUEST_SN = '199d1a94-624e-4660-bed9-a3b996d8b080';
2021-01-06 23:38:14 |DEBUG |JavaFX Application Thread |MainWindowController.java:224 |com.zlimbo.zcat.controller.MainWindowController |Query!
2021-01-06 23:38:14 |DEBUG |JavaFX Application Thread |SqlController.java:248 |com.zlimbo.zcat.controller.SqlController |[sqlQuery] start
2021-01-06 23:38:14 |DEBUG |JavaFX Application Thread |SqlController.java:249 |com.zlimbo.zcat.controller.SqlController |sql:select * from invoice where REQUEST_SN = '199d1a94-624e-4660-bed9-a3b996d8b080';
2021-01-06 23:38:14 |DEBUG |JavaFX Application Thread |SqlController.java:262 |com.zlimbo.zcat.controller.SqlController |com.mysql.jdbc.JDBC42PreparedStatement@4af08ae5: select * from invoice where REQUEST_SN = '199d1a94-624e-4660-bed9-a3b996d8b080';
2021-01-06 23:38:14 |DEBUG |JavaFX Application Thread |SqlController.java:266 |com.zlimbo.zcat.controller.SqlController |jdbc query spend: 0.219s
2021-01-06 23:38:14 |DEBUG |JavaFX Application Thread |SqlController.java:304 |com.zlimbo.zcat.controller.SqlController |[sqlQuery] end
2021-01-06 23:38:14 |DEBUG |JavaFX Application Thread |MainWindowController.java:285 |com.zlimbo.zcat.controller.MainWindowController |[showQuerySingle] start
2021-01-06 23:38:14 |DEBUG |JavaFX Application Thread |MainWindowController.java:323 |com.zlimbo.zcat.controller.MainWindowController |[showQuerySingle] end
2021-01-06 23:38:14 |DEBUG |JavaFX Application Thread |MainWindowController.java:271 |com.zlimbo.zcat.controller.MainWindowController |[executeSqlAndShowTableView] end
2021-01-06 23:38:14 |DEBUG |JavaFX Application Thread |MainWindowController.java:595 |com.zlimbo.zcat.controller.MainWindowController |flag: 3
2021-01-06 23:38:15 |DEBUG |JavaFX Application Thread |MainWindowController.java:194 |com.zlimbo.zcat.controller.MainWindowController |[executeSqlAndShowTableView] start
2021-01-06 23:38:15 |DEBUG |JavaFX Application Thread |MainWindowController.java:195 |com.zlimbo.zcat.controller.MainWindowController |sql: select * from invoice where REQUEST_SN = '199d1a94-624e-4660-bed9-a3b996d8b080';
2021-01-06 23:38:15 |DEBUG |JavaFX Application Thread |MainWindowController.java:224 |com.zlimbo.zcat.controller.MainWindowController |Query!
2021-01-06 23:38:15 |DEBUG |JavaFX Application Thread |SqlController.java:248 |com.zlimbo.zcat.controller.SqlController |[sqlQuery] start
2021-01-06 23:38:15 |DEBUG |JavaFX Application Thread |SqlController.java:249 |com.zlimbo.zcat.controller.SqlController |sql:select * from invoice where REQUEST_SN = '199d1a94-624e-4660-bed9-a3b996d8b080';
2021-01-06 23:38:15 |DEBUG |JavaFX Application Thread |SqlController.java:262 |com.zlimbo.zcat.controller.SqlController |com.mysql.jdbc.JDBC42PreparedStatement@43891efa: select * from invoice where REQUEST_SN = '199d1a94-624e-4660-bed9-a3b996d8b080';
2021-01-06 23:38:15 |DEBUG |JavaFX Application Thread |SqlController.java:266 |com.zlimbo.zcat.controller.SqlController |jdbc query spend: 0.264s
2021-01-06 23:38:15 |DEBUG |JavaFX Application Thread |SqlController.java:304 |com.zlimbo.zcat.controller.SqlController |[sqlQuery] end
2021-01-06 23:38:15 |DEBUG |JavaFX Application Thread |MainWindowController.java:285 |com.zlimbo.zcat.controller.MainWindowController |[showQuerySingle] start
2021-01-06 23:38:15 |DEBUG |JavaFX Application Thread |MainWindowController.java:323 |com.zlimbo.zcat.controller.MainWindowController |[showQuerySingle] end
2021-01-06 23:38:15 |DEBUG |JavaFX Application Thread |MainWindowController.java:271 |com.zlimbo.zcat.controller.MainWindowController |[executeSqlAndShowTableView] end
2021-01-06 23:38:15 |DEBUG |JavaFX Application Thread |MainWindowController.java:595 |com.zlimbo.zcat.controller.MainWindowController |flag: 3
2021-01-06 23:38:16 |DEBUG |JavaFX Application Thread |MainWindowController.java:194 |com.zlimbo.zcat.controller.MainWindowController |[executeSqlAndShowTableView] start
2021-01-06 23:38:16 |DEBUG |JavaFX Application Thread |MainWindowController.java:195 |com.zlimbo.zcat.controller.MainWindowController |sql: select * from invoice where REQUEST_SN = '199d1a94-624e-4660-bed9-a3b996d8b080';
2021-01-06 23:38:16 |DEBUG |JavaFX Application Thread |MainWindowController.java:224 |com.zlimbo.zcat.controller.MainWindowController |Query!
2021-01-06 23:38:16 |DEBUG |JavaFX Application Thread |SqlController.java:248 |com.zlimbo.zcat.controller.SqlController |[sqlQuery] start
2021-01-06 23:38:16 |DEBUG |JavaFX Application Thread |SqlController.java:249 |com.zlimbo.zcat.controller.SqlController |sql:select * from invoice where REQUEST_SN = '199d1a94-624e-4660-bed9-a3b996d8b080';
2021-01-06 23:38:16 |DEBUG |JavaFX Application Thread |SqlController.java:262 |com.zlimbo.zcat.controller.SqlController |com.mysql.jdbc.JDBC42PreparedStatement@44fce89f: select * from invoice where REQUEST_SN = '199d1a94-624e-4660-bed9-a3b996d8b080';
2021-01-06 23:38:16 |DEBUG |JavaFX Application Thread |SqlController.java:266 |com.zlimbo.zcat.controller.SqlController |jdbc query spend: 0.233s
2021-01-06 23:38:16 |DEBUG |JavaFX Application Thread |SqlController.java:304 |com.zlimbo.zcat.controller.SqlController |[sqlQuery] end
2021-01-06 23:38:16 |DEBUG |JavaFX Application Thread |MainWindowController.java:285 |com.zlimbo.zcat.controller.MainWindowController |[showQuerySingle] start
2021-01-06 23:38:16 |DEBUG |JavaFX Application Thread |MainWindowController.java:323 |com.zlimbo.zcat.controller.MainWindowController |[showQuerySingle] end
2021-01-06 23:38:16 |DEBUG |JavaFX Application Thread |MainWindowController.java:271 |com.zlimbo.zcat.controller.MainWindowController |[executeSqlAndShowTableView] end
2021-01-06 23:38:16 |DEBUG |JavaFX Application Thread |MainWindowController.java:595 |com.zlimbo.zcat.controller.MainWindowController |flag: 3
2021-01-06 23:38:37 |DEBUG |JavaFX Application Thread |Main.java:26 |com.zlimbo.zcat.Main |[start] start
2021-01-06 23:38:38 |DEBUG |JavaFX Application Thread |MainWindowController.java:90 |com.zlimbo.zcat.controller.MainWindowController |[initialize] start
2021-01-06 23:38:38 |DEBUG |JavaFX Application Thread |SqlController.java:134 |com.zlimbo.zcat.controller.SqlController |[SqlControl] start
2021-01-06 23:38:38 |DEBUG |JavaFX Application Thread |SqlController.java:147 |com.zlimbo.zcat.controller.SqlController |database url: jdbc:mysql://192.168.6.108:3306/ouyeel?useSSL=false&useUnicode=true&characterEncoding=UTF8&serverTimezone=GMT&allowPublicKeyRetrieval=true
2021-01-06 23:38:38 |DEBUG |JavaFX Application Thread |SqlController.java:159 |com.zlimbo.zcat.controller.SqlController |[SqlController] end
2021-01-06 23:38:38 |DEBUG |JavaFX Application Thread |MainWindowController.java:507 |com.zlimbo.zcat.controller.MainWindowController |[showDatabase] start
2021-01-06 23:38:38 |DEBUG |JavaFX Application Thread |SqlController.java:169 |com.zlimbo.zcat.controller.SqlController |[sqlShowTables] start
2021-01-06 23:38:38 |DEBUG |JavaFX Application Thread |SqlController.java:177 |com.zlimbo.zcat.controller.SqlController |table: invoice
2021-01-06 23:38:38 |DEBUG |JavaFX Application Thread |SqlController.java:177 |com.zlimbo.zcat.controller.SqlController |table: invoice2
2021-01-06 23:38:38 |DEBUG |JavaFX Application Thread |SqlController.java:177 |com.zlimbo.zcat.controller.SqlController |table: saleResource
2021-01-06 23:38:38 |DEBUG |JavaFX Application Thread |SqlController.java:195 |com.zlimbo.zcat.controller.SqlController |[sqlShowTables] end
2021-01-06 23:38:38 |DEBUG |JavaFX Application Thread |MainWindowController.java:544 |com.zlimbo.zcat.controller.MainWindowController |[showDatabase] end
2021-01-06 23:38:38 |DEBUG |JavaFX Application Thread |MainWindowController.java:117 |com.zlimbo.zcat.controller.MainWindowController |[initialize] end
2021-01-06 23:38:38 |DEBUG |JavaFX Application Thread |Main.java:35 |com.zlimbo.zcat.Main |[start] end
2021-01-06 23:38:51 |DEBUG |JavaFX Application Thread |MainWindowController.java:526 |com.zlimbo.zcat.controller.MainWindowController |[handle] start

2021-01-06 23:38:51 |DEBUG |JavaFX Application Thread |MainWindowController.java:540 |com.zlimbo.zcat.controller.MainWindowController |[handle] end
2021-01-06 23:38:51 |DEBUG |JavaFX Application Thread |MainWindowController.java:526 |com.zlimbo.zcat.controller.MainWindowController |[handle] start

2021-01-06 23:38:51 |DEBUG |JavaFX Application Thread |MainWindowController.java:530 |com.zlimbo.zcat.controller.MainWindowController |item name: invoice
2021-01-06 23:38:51 |DEBUG |JavaFX Application Thread |MainWindowController.java:127 |com.zlimbo.zcat.controller.MainWindowController |[showTable] start
2021-01-06 23:38:51 |DEBUG |JavaFX Application Thread |MainWindowController.java:634 |com.zlimbo.zcat.controller.MainWindowController |[addTab] start [tabName = invoice]
2021-01-06 23:38:51 |DEBUG |JavaFX Application Thread |MainWindowController.java:638 |com.zlimbo.zcat.controller.MainWindowController |[addTab] end
2021-01-06 23:38:51 |DEBUG |JavaFX Application Thread |MainWindowController.java:617 |com.zlimbo.zcat.controller.MainWindowController |[tabAddContextMenu] start [tabName = invoice]
2021-01-06 23:38:51 |DEBUG |JavaFX Application Thread |MainWindowController.java:623 |com.zlimbo.zcat.controller.MainWindowController |[tabAddContextMenu] end
2021-01-06 23:38:51 |DEBUG |JavaFX Application Thread |MainWindowController.java:194 |com.zlimbo.zcat.controller.MainWindowController |[executeSqlAndShowTableView] start
2021-01-06 23:38:51 |DEBUG |JavaFX Application Thread |MainWindowController.java:195 |com.zlimbo.zcat.controller.MainWindowController |sql: SELECT * FROM invoice
2021-01-06 23:38:51 |DEBUG |JavaFX Application Thread |MainWindowController.java:224 |com.zlimbo.zcat.controller.MainWindowController |Query!
2021-01-06 23:38:51 |DEBUG |JavaFX Application Thread |SqlController.java:248 |com.zlimbo.zcat.controller.SqlController |[sqlQuery] start
2021-01-06 23:38:51 |DEBUG |JavaFX Application Thread |SqlController.java:249 |com.zlimbo.zcat.controller.SqlController |sql:SELECT * FROM invoice
2021-01-06 23:38:51 |DEBUG |JavaFX Application Thread |SqlController.java:262 |com.zlimbo.zcat.controller.SqlController |com.mysql.jdbc.JDBC42PreparedStatement@67b8a063: SELECT * FROM invoice
2021-01-06 23:38:54 |DEBUG |JavaFX Application Thread |SqlController.java:266 |com.zlimbo.zcat.controller.SqlController |jdbc query spend: 2.564s
2021-01-06 23:38:55 |DEBUG |JavaFX Application Thread |SqlController.java:304 |com.zlimbo.zcat.controller.SqlController |[sqlQuery] end
2021-01-06 23:38:55 |DEBUG |JavaFX Application Thread |MainWindowController.java:285 |com.zlimbo.zcat.controller.MainWindowController |[showQuerySingle] start
2021-01-06 23:38:55 |DEBUG |JavaFX Application Thread |MainWindowController.java:323 |com.zlimbo.zcat.controller.MainWindowController |[showQuerySingle] end
2021-01-06 23:38:55 |DEBUG |JavaFX Application Thread |MainWindowController.java:271 |com.zlimbo.zcat.controller.MainWindowController |[executeSqlAndShowTableView] end
2021-01-06 23:38:55 |DEBUG |JavaFX Application Thread |MainWindowController.java:181 |com.zlimbo.zcat.controller.MainWindowController |[showTable] end
2021-01-06 23:38:55 |DEBUG |JavaFX Application Thread |MainWindowController.java:540 |com.zlimbo.zcat.controller.MainWindowController |[handle] end
2021-01-06 23:38:55 |DEBUG |JavaFX Application Thread |MainWindowController.java:526 |com.zlimbo.zcat.controller.MainWindowController |[handle] start

2021-01-06 23:38:55 |DEBUG |JavaFX Application Thread |MainWindowController.java:540 |com.zlimbo.zcat.controller.MainWindowController |[handle] end
