2021-03-22 20:47:54 |DEBUG |main |ConnectionLog.java:70 |com.zlimbo.zcat.connect.ConnectionLog |load connectionParams...
2021-03-22 20:47:55 |DEBUG |JavaFX Application Thread |Main.java:29 |com.zlimbo.zcat.Main |[start] start
2021-03-22 20:47:55 |DEBUG |JavaFX Application Thread |SqlConnector.java:82 |com.zlimbo.zcat.connect.SqlConnector |[SqlControl] start
2021-03-22 20:47:55 |DEBUG |JavaFX Application Thread |SqlConnector.java:86 |com.zlimbo.zcat.connect.SqlConnector |[SqlConnector] end
2021-03-22 20:47:55 |DEBUG |JavaFX Application Thread |SqlConnector.java:82 |com.zlimbo.zcat.connect.SqlConnector |[SqlControl] start
2021-03-22 20:47:55 |DEBUG |JavaFX Application Thread |SqlConnector.java:86 |com.zlimbo.zcat.connect.SqlConnector |[SqlConnector] end
2021-03-22 20:47:55 |DEBUG |JavaFX Application Thread |SqlConnector.java:82 |com.zlimbo.zcat.connect.SqlConnector |[SqlControl] start
2021-03-22 20:47:55 |DEBUG |JavaFX Application Thread |SqlConnector.java:86 |com.zlimbo.zcat.connect.SqlConnector |[SqlConnector] end
2021-03-22 20:47:55 |DEBUG |JavaFX Application Thread |Main.java:45 |com.zlimbo.zcat.Main |[start] end
2021-03-22 20:48:00 |DEBUG |main |ConnectionLog.java:39 |com.zlimbo.zcat.connect.ConnectionLog |save connectionParams...
2021-03-22 20:48:13 |DEBUG |main |ConnectionLog.java:70 |com.zlimbo.zcat.connect.ConnectionLog |load connectionParams...
2021-03-22 20:48:13 |DEBUG |JavaFX Application Thread |Main.java:29 |com.zlimbo.zcat.Main |[start] start
2021-03-22 20:48:13 |DEBUG |JavaFX Application Thread |SqlConnector.java:82 |com.zlimbo.zcat.connect.SqlConnector |[SqlControl] start
2021-03-22 20:48:13 |DEBUG |JavaFX Application Thread |SqlConnector.java:86 |com.zlimbo.zcat.connect.SqlConnector |[SqlConnector] end
2021-03-22 20:48:13 |DEBUG |JavaFX Application Thread |SqlConnector.java:82 |com.zlimbo.zcat.connect.SqlConnector |[SqlControl] start
2021-03-22 20:48:13 |DEBUG |JavaFX Application Thread |SqlConnector.java:86 |com.zlimbo.zcat.connect.SqlConnector |[SqlConnector] end
2021-03-22 20:48:13 |DEBUG |JavaFX Application Thread |SqlConnector.java:82 |com.zlimbo.zcat.connect.SqlConnector |[SqlControl] start
2021-03-22 20:48:13 |DEBUG |JavaFX Application Thread |SqlConnector.java:86 |com.zlimbo.zcat.connect.SqlConnector |[SqlConnector] end
2021-03-22 20:48:14 |DEBUG |JavaFX Application Thread |Main.java:45 |com.zlimbo.zcat.Main |[start] end
2021-03-22 20:48:21 |DEBUG |JavaFX Application Thread |MainWindow.java:649 |com.zlimbo.zcat.window.MainWindow |[connectDatabase] start
2021-03-22 20:48:23 |DEBUG |JavaFX Application Thread |MainWindow.java:739 |com.zlimbo.zcat.window.MainWindow |[connectDatabase] end
2021-03-22 20:48:29 |DEBUG |main |ConnectionLog.java:39 |com.zlimbo.zcat.connect.ConnectionLog |save connectionParams...
2021-03-22 20:57:09 |DEBUG |main |ConnectionLog.java:70 |com.zlimbo.zcat.connect.ConnectionLog |load connectionParams...
2021-03-22 20:57:09 |DEBUG |JavaFX Application Thread |Main.java:29 |com.zlimbo.zcat.Main |[start] start
2021-03-22 20:57:09 |DEBUG |JavaFX Application Thread |SqlConnector.java:82 |com.zlimbo.zcat.connect.SqlConnector |[SqlControl] start
2021-03-22 20:57:09 |DEBUG |JavaFX Application Thread |SqlConnector.java:86 |com.zlimbo.zcat.connect.SqlConnector |[SqlConnector] end
2021-03-22 20:57:09 |DEBUG |JavaFX Application Thread |SqlConnector.java:82 |com.zlimbo.zcat.connect.SqlConnector |[SqlControl] start
2021-03-22 20:57:09 |DEBUG |JavaFX Application Thread |SqlConnector.java:86 |com.zlimbo.zcat.connect.SqlConnector |[SqlConnector] end
2021-03-22 20:57:09 |DEBUG |JavaFX Application Thread |SqlConnector.java:82 |com.zlimbo.zcat.connect.SqlConnector |[SqlControl] start
2021-03-22 20:57:09 |DEBUG |JavaFX Application Thread |SqlConnector.java:86 |com.zlimbo.zcat.connect.SqlConnector |[SqlConnector] end
2021-03-22 20:57:10 |DEBUG |JavaFX Application Thread |Main.java:45 |com.zlimbo.zcat.Main |[start] end
2021-03-22 20:57:11 |DEBUG |JavaFX Application Thread |MainWindow.java:174 |com.zlimbo.zcat.window.MainWindow |[handle] start

2021-03-22 20:57:11 |DEBUG |JavaFX Application Thread |MainWindow.java:211 |com.zlimbo.zcat.window.MainWindow |[handle] end
2021-03-22 20:57:11 |DEBUG |JavaFX Application Thread |MainWindow.java:174 |com.zlimbo.zcat.window.MainWindow |[handle] start

2021-03-22 20:57:11 |DEBUG |JavaFX Application Thread |MainWindow.java:179 |com.zlimbo.zcat.window.MainWindow |item name: ouyeel [localhost:3306]
2021-03-22 20:57:11 |DEBUG |JavaFX Application Thread |SqlConnector.java:99 |com.zlimbo.zcat.connect.SqlConnector |database url: jdbc:mysql://localhost:3306/ouyeel?useSSL=false&useUnicode=true&characterEncoding=UTF8&serverTimezone=GMT&allowPublicKeyRetrieval=true
2021-03-22 20:57:11 |DEBUG |JavaFX Application Thread |MainWindow.java:619 |com.zlimbo.zcat.window.MainWindow |[showDatabaseTableTree] start
2021-03-22 20:57:11 |DEBUG |JavaFX Application Thread |SqlConnector.java:134 |com.zlimbo.zcat.connect.SqlConnector |[sqlShowTables] start
2021-03-22 20:57:11 |DEBUG |JavaFX Application Thread |SqlConnector.java:142 |com.zlimbo.zcat.connect.SqlConnector |table: invoice
2021-03-22 20:57:11 |DEBUG |JavaFX Application Thread |SqlConnector.java:142 |com.zlimbo.zcat.connect.SqlConnector |table: person
2021-03-22 20:57:11 |DEBUG |JavaFX Application Thread |SqlConnector.java:142 |com.zlimbo.zcat.connect.SqlConnector |table: privatekey
2021-03-22 20:57:11 |DEBUG |JavaFX Application Thread |SqlConnector.java:142 |com.zlimbo.zcat.connect.SqlConnector |table: resinfo
2021-03-22 20:57:11 |DEBUG |JavaFX Application Thread |SqlConnector.java:142 |com.zlimbo.zcat.connect.SqlConnector |table: resinfo2
2021-03-22 20:57:11 |DEBUG |JavaFX Application Thread |SqlConnector.java:142 |com.zlimbo.zcat.connect.SqlConnector |table: resinfo3
2021-03-22 20:57:11 |DEBUG |JavaFX Application Thread |SqlConnector.java:142 |com.zlimbo.zcat.connect.SqlConnector |table: resinfo4
2021-03-22 20:57:11 |DEBUG |JavaFX Application Thread |SqlConnector.java:142 |com.zlimbo.zcat.connect.SqlConnector |table: saleresource
2021-03-22 20:57:11 |DEBUG |JavaFX Application Thread |SqlConnector.java:142 |com.zlimbo.zcat.connect.SqlConnector |table: sc
2021-03-22 20:57:11 |DEBUG |JavaFX Application Thread |SqlConnector.java:142 |com.zlimbo.zcat.connect.SqlConnector |table: stu
2021-03-22 20:57:11 |DEBUG |JavaFX Application Thread |SqlConnector.java:142 |com.zlimbo.zcat.connect.SqlConnector |table: userkey
2021-03-22 20:57:11 |DEBUG |JavaFX Application Thread |SqlConnector.java:160 |com.zlimbo.zcat.connect.SqlConnector |[sqlShowTables] end
2021-03-22 20:57:11 |DEBUG |JavaFX Application Thread |MainWindow.java:644 |com.zlimbo.zcat.window.MainWindow |[showDatabaseTableTree] end
2021-03-22 20:57:11 |DEBUG |JavaFX Application Thread |MainWindow.java:211 |com.zlimbo.zcat.window.MainWindow |[handle] end
2021-03-22 20:57:12 |DEBUG |JavaFX Application Thread |MainWindow.java:174 |com.zlimbo.zcat.window.MainWindow |[handle] start

2021-03-22 20:57:12 |DEBUG |JavaFX Application Thread |MainWindow.java:211 |com.zlimbo.zcat.window.MainWindow |[handle] end
2021-03-22 20:57:12 |DEBUG |JavaFX Application Thread |MainWindow.java:174 |com.zlimbo.zcat.window.MainWindow |[handle] start

2021-03-22 20:57:12 |DEBUG |JavaFX Application Thread |MainWindow.java:211 |com.zlimbo.zcat.window.MainWindow |[handle] end
2021-03-22 20:57:13 |DEBUG |JavaFX Application Thread |MainWindow.java:174 |com.zlimbo.zcat.window.MainWindow |[handle] start

2021-03-22 20:57:13 |DEBUG |JavaFX Application Thread |MainWindow.java:211 |com.zlimbo.zcat.window.MainWindow |[handle] end
2021-03-22 20:57:14 |DEBUG |JavaFX Application Thread |MainWindow.java:174 |com.zlimbo.zcat.window.MainWindow |[handle] start

2021-03-22 20:57:14 |DEBUG |JavaFX Application Thread |MainWindow.java:179 |com.zlimbo.zcat.window.MainWindow |item name: invoice
2021-03-22 20:57:14 |DEBUG |JavaFX Application Thread |MainWindow.java:557 |com.zlimbo.zcat.window.MainWindow |[showTable] start
2021-03-22 20:57:14 |DEBUG |JavaFX Application Thread |MainWindow.java:241 |com.zlimbo.zcat.window.MainWindow |[addTab] start [tabName = invoice]
2021-03-22 20:57:14 |DEBUG |JavaFX Application Thread |MainWindow.java:245 |com.zlimbo.zcat.window.MainWindow |[addTab] end
2021-03-22 20:57:14 |DEBUG |JavaFX Application Thread |MainWindow.java:224 |com.zlimbo.zcat.window.MainWindow |[tabAddContextMenu] start [tabName = invoice]
2021-03-22 20:57:14 |DEBUG |JavaFX Application Thread |MainWindow.java:230 |com.zlimbo.zcat.window.MainWindow |[tabAddContextMenu] end
2021-03-22 20:57:14 |DEBUG |JavaFX Application Thread |MainWindow.java:396 |com.zlimbo.zcat.window.MainWindow |[executeSqlAndShowTableView] start
2021-03-22 20:57:14 |DEBUG |JavaFX Application Thread |MainWindow.java:397 |com.zlimbo.zcat.window.MainWindow |sql: SELECT * FROM invoice
2021-03-22 20:57:14 |DEBUG |JavaFX Application Thread |MainWindow.java:436 |com.zlimbo.zcat.window.MainWindow |SELECT
2021-03-22 20:57:14 |DEBUG |JavaFX Application Thread |SqlConnector.java:213 |com.zlimbo.zcat.connect.SqlConnector |[sqlQuery] start
2021-03-22 20:57:14 |DEBUG |JavaFX Application Thread |SqlConnector.java:214 |com.zlimbo.zcat.connect.SqlConnector |sql:SELECT * FROM invoice
2021-03-22 20:57:14 |DEBUG |JavaFX Application Thread |SqlConnector.java:227 |com.zlimbo.zcat.connect.SqlConnector |com.mysql.jdbc.JDBC42PreparedStatement@6f3040d3: SELECT * FROM invoice
2021-03-22 20:57:14 |DEBUG |JavaFX Application Thread |SqlConnector.java:231 |com.zlimbo.zcat.connect.SqlConnector |jdbc query spend: 0.005s
2021-03-22 20:57:14 |DEBUG |JavaFX Application Thread |SqlConnector.java:269 |com.zlimbo.zcat.connect.SqlConnector |[sqlQuery] end
2021-03-22 20:57:14 |DEBUG |JavaFX Application Thread |MainWindow.java:345 |com.zlimbo.zcat.window.MainWindow |[showQuerySingle] start
2021-03-22 20:57:14 |DEBUG |JavaFX Application Thread |MainWindow.java:383 |com.zlimbo.zcat.window.MainWindow |[showQuerySingle] end
2021-03-22 20:57:14 |DEBUG |JavaFX Application Thread |MainWindow.java:485 |com.zlimbo.zcat.window.MainWindow |[executeSqlAndShowTableView] end
2021-03-22 20:57:14 |DEBUG |JavaFX Application Thread |MainWindow.java:611 |com.zlimbo.zcat.window.MainWindow |[showTable] end
2021-03-22 20:57:14 |DEBUG |JavaFX Application Thread |MainWindow.java:211 |com.zlimbo.zcat.window.MainWindow |[handle] end
2021-03-22 20:57:16 |DEBUG |JavaFX Application Thread |MainWindow.java:495 |com.zlimbo.zcat.window.MainWindow |[newQuery] start
2021-03-22 20:57:16 |DEBUG |JavaFX Application Thread |MainWindow.java:241 |com.zlimbo.zcat.window.MainWindow |[addTab] start [tabName = Query[1]]
2021-03-22 20:57:16 |DEBUG |JavaFX Application Thread |MainWindow.java:245 |com.zlimbo.zcat.window.MainWindow |[addTab] end
2021-03-22 20:57:16 |DEBUG |JavaFX Application Thread |MainWindow.java:224 |com.zlimbo.zcat.window.MainWindow |[tabAddContextMenu] start [tabName = Query[1]]
2021-03-22 20:57:16 |DEBUG |JavaFX Application Thread |MainWindow.java:230 |com.zlimbo.zcat.window.MainWindow |[tabAddContextMenu] end
2021-03-22 20:57:16 |DEBUG |JavaFX Application Thread |MainWindow.java:547 |com.zlimbo.zcat.window.MainWindow |[newQuery] end
2021-03-22 20:57:26 |DEBUG |JavaFX Application Thread |MainWindow.java:396 |com.zlimbo.zcat.window.MainWindow |[executeSqlAndShowTableView] start
2021-03-22 20:57:26 |DEBUG |JavaFX Application Thread |MainWindow.java:397 |com.zlimbo.zcat.window.MainWindow |sql: SELECT * FROM invoice;
2021-03-22 20:57:26 |DEBUG |JavaFX Application Thread |MainWindow.java:436 |com.zlimbo.zcat.window.MainWindow |SELECT
2021-03-22 20:57:26 |DEBUG |JavaFX Application Thread |SqlConnector.java:213 |com.zlimbo.zcat.connect.SqlConnector |[sqlQuery] start
2021-03-22 20:57:26 |DEBUG |JavaFX Application Thread |SqlConnector.java:214 |com.zlimbo.zcat.connect.SqlConnector |sql:SELECT * FROM invoice;
2021-03-22 20:57:26 |DEBUG |JavaFX Application Thread |SqlConnector.java:227 |com.zlimbo.zcat.connect.SqlConnector |com.mysql.jdbc.JDBC42PreparedStatement@44c74662: SELECT * FROM invoice;
2021-03-22 20:57:26 |DEBUG |JavaFX Application Thread |SqlConnector.java:231 |com.zlimbo.zcat.connect.SqlConnector |jdbc query spend: 0.0s
2021-03-22 20:57:26 |DEBUG |JavaFX Application Thread |SqlConnector.java:269 |com.zlimbo.zcat.connect.SqlConnector |[sqlQuery] end
2021-03-22 20:57:26 |DEBUG |JavaFX Application Thread |MainWindow.java:345 |com.zlimbo.zcat.window.MainWindow |[showQuerySingle] start
2021-03-22 20:57:26 |DEBUG |JavaFX Application Thread |MainWindow.java:383 |com.zlimbo.zcat.window.MainWindow |[showQuerySingle] end
2021-03-22 20:57:26 |DEBUG |JavaFX Application Thread |MainWindow.java:485 |com.zlimbo.zcat.window.MainWindow |[executeSqlAndShowTableView] end
2021-03-22 20:57:26 |DEBUG |JavaFX Application Thread |MainWindow.java:536 |com.zlimbo.zcat.window.MainWindow |flag: 3
2021-03-22 20:57:28 |DEBUG |JavaFX Application Thread |MainWindow.java:174 |com.zlimbo.zcat.window.MainWindow |[handle] start

2021-03-22 20:57:28 |DEBUG |JavaFX Application Thread |MainWindow.java:211 |com.zlimbo.zcat.window.MainWindow |[handle] end
2021-03-22 20:57:28 |DEBUG |JavaFX Application Thread |MainWindow.java:174 |com.zlimbo.zcat.window.MainWindow |[handle] start

2021-03-22 20:57:28 |DEBUG |JavaFX Application Thread |MainWindow.java:179 |com.zlimbo.zcat.window.MainWindow |item name: resinfo
2021-03-22 20:57:28 |DEBUG |JavaFX Application Thread |MainWindow.java:557 |com.zlimbo.zcat.window.MainWindow |[showTable] start
2021-03-22 20:57:28 |DEBUG |JavaFX Application Thread |MainWindow.java:241 |com.zlimbo.zcat.window.MainWindow |[addTab] start [tabName = resinfo]
2021-03-22 20:57:28 |DEBUG |JavaFX Application Thread |MainWindow.java:245 |com.zlimbo.zcat.window.MainWindow |[addTab] end
2021-03-22 20:57:28 |DEBUG |JavaFX Application Thread |MainWindow.java:224 |com.zlimbo.zcat.window.MainWindow |[tabAddContextMenu] start [tabName = resinfo]
2021-03-22 20:57:28 |DEBUG |JavaFX Application Thread |MainWindow.java:230 |com.zlimbo.zcat.window.MainWindow |[tabAddContextMenu] end
2021-03-22 20:57:28 |DEBUG |JavaFX Application Thread |MainWindow.java:396 |com.zlimbo.zcat.window.MainWindow |[executeSqlAndShowTableView] start
2021-03-22 20:57:28 |DEBUG |JavaFX Application Thread |MainWindow.java:397 |com.zlimbo.zcat.window.MainWindow |sql: SELECT * FROM resinfo
2021-03-22 20:57:28 |DEBUG |JavaFX Application Thread |MainWindow.java:436 |com.zlimbo.zcat.window.MainWindow |SELECT
2021-03-22 20:57:28 |DEBUG |JavaFX Application Thread |SqlConnector.java:213 |com.zlimbo.zcat.connect.SqlConnector |[sqlQuery] start
2021-03-22 20:57:28 |DEBUG |JavaFX Application Thread |SqlConnector.java:214 |com.zlimbo.zcat.connect.SqlConnector |sql:SELECT * FROM resinfo
2021-03-22 20:57:28 |DEBUG |JavaFX Application Thread |SqlConnector.java:227 |com.zlimbo.zcat.connect.SqlConnector |com.mysql.jdbc.JDBC42PreparedStatement@6638aac1: SELECT * FROM resinfo
2021-03-22 20:57:28 |DEBUG |JavaFX Application Thread |SqlConnector.java:231 |com.zlimbo.zcat.connect.SqlConnector |jdbc query spend: 0.009s
2021-03-22 20:57:28 |DEBUG |JavaFX Application Thread |SqlConnector.java:269 |com.zlimbo.zcat.connect.SqlConnector |[sqlQuery] end
2021-03-22 20:57:28 |DEBUG |JavaFX Application Thread |MainWindow.java:345 |com.zlimbo.zcat.window.MainWindow |[showQuerySingle] start
2021-03-22 20:57:28 |DEBUG |JavaFX Application Thread |MainWindow.java:383 |com.zlimbo.zcat.window.MainWindow |[showQuerySingle] end
2021-03-22 20:57:28 |DEBUG |JavaFX Application Thread |MainWindow.java:485 |com.zlimbo.zcat.window.MainWindow |[executeSqlAndShowTableView] end
2021-03-22 20:57:28 |DEBUG |JavaFX Application Thread |MainWindow.java:611 |com.zlimbo.zcat.window.MainWindow |[showTable] end
2021-03-22 20:57:28 |DEBUG |JavaFX Application Thread |MainWindow.java:211 |com.zlimbo.zcat.window.MainWindow |[handle] end
2021-03-22 20:57:29 |DEBUG |JavaFX Application Thread |MainWindow.java:174 |com.zlimbo.zcat.window.MainWindow |[handle] start

2021-03-22 20:57:29 |DEBUG |JavaFX Application Thread |MainWindow.java:211 |com.zlimbo.zcat.window.MainWindow |[handle] end
2021-03-22 20:57:29 |DEBUG |JavaFX Application Thread |MainWindow.java:174 |com.zlimbo.zcat.window.MainWindow |[handle] start

2021-03-22 20:57:29 |DEBUG |JavaFX Application Thread |MainWindow.java:179 |com.zlimbo.zcat.window.MainWindow |item name: privatekey
2021-03-22 20:57:29 |DEBUG |JavaFX Application Thread |MainWindow.java:557 |com.zlimbo.zcat.window.MainWindow |[showTable] start
2021-03-22 20:57:29 |DEBUG |JavaFX Application Thread |MainWindow.java:241 |com.zlimbo.zcat.window.MainWindow |[addTab] start [tabName = privatekey]
2021-03-22 20:57:29 |DEBUG |JavaFX Application Thread |MainWindow.java:245 |com.zlimbo.zcat.window.MainWindow |[addTab] end
2021-03-22 20:57:29 |DEBUG |JavaFX Application Thread |MainWindow.java:224 |com.zlimbo.zcat.window.MainWindow |[tabAddContextMenu] start [tabName = privatekey]
2021-03-22 20:57:29 |DEBUG |JavaFX Application Thread |MainWindow.java:230 |com.zlimbo.zcat.window.MainWindow |[tabAddContextMenu] end
2021-03-22 20:57:29 |DEBUG |JavaFX Application Thread |MainWindow.java:396 |com.zlimbo.zcat.window.MainWindow |[executeSqlAndShowTableView] start
2021-03-22 20:57:29 |DEBUG |JavaFX Application Thread |MainWindow.java:397 |com.zlimbo.zcat.window.MainWindow |sql: SELECT * FROM privatekey
2021-03-22 20:57:29 |DEBUG |JavaFX Application Thread |MainWindow.java:436 |com.zlimbo.zcat.window.MainWindow |SELECT
2021-03-22 20:57:29 |DEBUG |JavaFX Application Thread |SqlConnector.java:213 |com.zlimbo.zcat.connect.SqlConnector |[sqlQuery] start
2021-03-22 20:57:29 |DEBUG |JavaFX Application Thread |SqlConnector.java:214 |com.zlimbo.zcat.connect.SqlConnector |sql:SELECT * FROM privatekey
2021-03-22 20:57:29 |DEBUG |JavaFX Application Thread |SqlConnector.java:227 |com.zlimbo.zcat.connect.SqlConnector |com.mysql.jdbc.JDBC42PreparedStatement@c2d1df7: SELECT * FROM privatekey
2021-03-22 20:57:29 |DEBUG |JavaFX Application Thread |SqlConnector.java:231 |com.zlimbo.zcat.connect.SqlConnector |jdbc query spend: 0.006s
2021-03-22 20:57:29 |DEBUG |JavaFX Application Thread |SqlConnector.java:269 |com.zlimbo.zcat.connect.SqlConnector |[sqlQuery] end
2021-03-22 20:57:29 |DEBUG |JavaFX Application Thread |MainWindow.java:345 |com.zlimbo.zcat.window.MainWindow |[showQuerySingle] start
2021-03-22 20:57:29 |DEBUG |JavaFX Application Thread |MainWindow.java:383 |com.zlimbo.zcat.window.MainWindow |[showQuerySingle] end
2021-03-22 20:57:29 |DEBUG |JavaFX Application Thread |MainWindow.java:485 |com.zlimbo.zcat.window.MainWindow |[executeSqlAndShowTableView] end
2021-03-22 20:57:29 |DEBUG |JavaFX Application Thread |MainWindow.java:611 |com.zlimbo.zcat.window.MainWindow |[showTable] end
2021-03-22 20:57:29 |DEBUG |JavaFX Application Thread |MainWindow.java:211 |com.zlimbo.zcat.window.MainWindow |[handle] end
2021-03-22 20:57:29 |DEBUG |JavaFX Application Thread |MainWindow.java:174 |com.zlimbo.zcat.window.MainWindow |[handle] start

2021-03-22 20:57:29 |DEBUG |JavaFX Application Thread |MainWindow.java:211 |com.zlimbo.zcat.window.MainWindow |[handle] end
2021-03-22 20:57:30 |DEBUG |JavaFX Application Thread |MainWindow.java:174 |com.zlimbo.zcat.window.MainWindow |[handle] start

2021-03-22 20:57:30 |DEBUG |JavaFX Application Thread |MainWindow.java:179 |com.zlimbo.zcat.window.MainWindow |item name: person
2021-03-22 20:57:30 |DEBUG |JavaFX Application Thread |MainWindow.java:557 |com.zlimbo.zcat.window.MainWindow |[showTable] start
2021-03-22 20:57:30 |DEBUG |JavaFX Application Thread |MainWindow.java:241 |com.zlimbo.zcat.window.MainWindow |[addTab] start [tabName = person]
2021-03-22 20:57:30 |DEBUG |JavaFX Application Thread |MainWindow.java:245 |com.zlimbo.zcat.window.MainWindow |[addTab] end
2021-03-22 20:57:30 |DEBUG |JavaFX Application Thread |MainWindow.java:224 |com.zlimbo.zcat.window.MainWindow |[tabAddContextMenu] start [tabName = person]
2021-03-22 20:57:30 |DEBUG |JavaFX Application Thread |MainWindow.java:230 |com.zlimbo.zcat.window.MainWindow |[tabAddContextMenu] end
2021-03-22 20:57:30 |DEBUG |JavaFX Application Thread |MainWindow.java:396 |com.zlimbo.zcat.window.MainWindow |[executeSqlAndShowTableView] start
2021-03-22 20:57:30 |DEBUG |JavaFX Application Thread |MainWindow.java:397 |com.zlimbo.zcat.window.MainWindow |sql: SELECT * FROM person
2021-03-22 20:57:30 |DEBUG |JavaFX Application Thread |MainWindow.java:436 |com.zlimbo.zcat.window.MainWindow |SELECT
2021-03-22 20:57:30 |DEBUG |JavaFX Application Thread |SqlConnector.java:213 |com.zlimbo.zcat.connect.SqlConnector |[sqlQuery] start
2021-03-22 20:57:30 |DEBUG |JavaFX Application Thread |SqlConnector.java:214 |com.zlimbo.zcat.connect.SqlConnector |sql:SELECT * FROM person
2021-03-22 20:57:30 |DEBUG |JavaFX Application Thread |SqlConnector.java:227 |com.zlimbo.zcat.connect.SqlConnector |com.mysql.jdbc.JDBC42PreparedStatement@cc76f8d: SELECT * FROM person
2021-03-22 20:57:30 |DEBUG |JavaFX Application Thread |SqlConnector.java:231 |com.zlimbo.zcat.connect.SqlConnector |jdbc query spend: 0.003s
2021-03-22 20:57:30 |DEBUG |JavaFX Application Thread |SqlConnector.java:269 |com.zlimbo.zcat.connect.SqlConnector |[sqlQuery] end
2021-03-22 20:57:30 |DEBUG |JavaFX Application Thread |MainWindow.java:345 |com.zlimbo.zcat.window.MainWindow |[showQuerySingle] start
2021-03-22 20:57:30 |DEBUG |JavaFX Application Thread |MainWindow.java:383 |com.zlimbo.zcat.window.MainWindow |[showQuerySingle] end
2021-03-22 20:57:30 |DEBUG |JavaFX Application Thread |MainWindow.java:485 |com.zlimbo.zcat.window.MainWindow |[executeSqlAndShowTableView] end
2021-03-22 20:57:30 |DEBUG |JavaFX Application Thread |MainWindow.java:611 |com.zlimbo.zcat.window.MainWindow |[showTable] end
2021-03-22 20:57:30 |DEBUG |JavaFX Application Thread |MainWindow.java:211 |com.zlimbo.zcat.window.MainWindow |[handle] end
2021-03-22 20:57:31 |DEBUG |main |ConnectionLog.java:39 |com.zlimbo.zcat.connect.ConnectionLog |save connectionParams...
2021-03-22 20:58:32 |DEBUG |main |ConnectionLog.java:70 |com.zlimbo.zcat.connect.ConnectionLog |load connectionParams...
2021-03-22 20:58:32 |DEBUG |JavaFX Application Thread |Main.java:29 |com.zlimbo.zcat.Main |[start] start
2021-03-22 20:58:32 |DEBUG |JavaFX Application Thread |SqlConnector.java:82 |com.zlimbo.zcat.connect.SqlConnector |[SqlControl] start
2021-03-22 20:58:32 |DEBUG |JavaFX Application Thread |SqlConnector.java:86 |com.zlimbo.zcat.connect.SqlConnector |[SqlConnector] end
2021-03-22 20:58:32 |DEBUG |JavaFX Application Thread |SqlConnector.java:82 |com.zlimbo.zcat.connect.SqlConnector |[SqlControl] start
2021-03-22 20:58:32 |DEBUG |JavaFX Application Thread |SqlConnector.java:86 |com.zlimbo.zcat.connect.SqlConnector |[SqlConnector] end
2021-03-22 20:58:32 |DEBUG |JavaFX Application Thread |SqlConnector.java:82 |com.zlimbo.zcat.connect.SqlConnector |[SqlControl] start
2021-03-22 20:58:32 |DEBUG |JavaFX Application Thread |SqlConnector.java:86 |com.zlimbo.zcat.connect.SqlConnector |[SqlConnector] end
2021-03-22 20:58:32 |DEBUG |JavaFX Application Thread |Main.java:45 |com.zlimbo.zcat.Main |[start] end
2021-03-22 20:58:33 |DEBUG |main |ConnectionLog.java:39 |com.zlimbo.zcat.connect.ConnectionLog |save connectionParams...
2021-03-22 21:02:18 |DEBUG |main |ConnectionLog.java:70 |com.zlimbo.zcat.connect.ConnectionLog |load connectionParams...
2021-03-22 21:02:18 |DEBUG |JavaFX Application Thread |Main.java:29 |com.zlimbo.zcat.Main |[start] start
2021-03-22 21:02:18 |DEBUG |JavaFX Application Thread |SqlConnector.java:82 |com.zlimbo.zcat.connect.SqlConnector |[SqlControl] start
2021-03-22 21:02:18 |DEBUG |JavaFX Application Thread |SqlConnector.java:86 |com.zlimbo.zcat.connect.SqlConnector |[SqlConnector] end
2021-03-22 21:02:18 |DEBUG |JavaFX Application Thread |SqlConnector.java:82 |com.zlimbo.zcat.connect.SqlConnector |[SqlControl] start
2021-03-22 21:02:18 |DEBUG |JavaFX Application Thread |SqlConnector.java:86 |com.zlimbo.zcat.connect.SqlConnector |[SqlConnector] end
2021-03-22 21:02:18 |DEBUG |JavaFX Application Thread |SqlConnector.java:82 |com.zlimbo.zcat.connect.SqlConnector |[SqlControl] start
2021-03-22 21:02:18 |DEBUG |JavaFX Application Thread |SqlConnector.java:86 |com.zlimbo.zcat.connect.SqlConnector |[SqlConnector] end
2021-03-22 21:02:19 |DEBUG |JavaFX Application Thread |Main.java:45 |com.zlimbo.zcat.Main |[start] end
2021-03-22 21:02:25 |DEBUG |JavaFX Application Thread |MainWindow.java:174 |com.zlimbo.zcat.window.MainWindow |[handle] start

2021-03-22 21:02:25 |DEBUG |JavaFX Application Thread |MainWindow.java:211 |com.zlimbo.zcat.window.MainWindow |[handle] end
2021-03-22 21:02:25 |DEBUG |JavaFX Application Thread |MainWindow.java:174 |com.zlimbo.zcat.window.MainWindow |[handle] start

2021-03-22 21:02:25 |DEBUG |JavaFX Application Thread |MainWindow.java:179 |com.zlimbo.zcat.window.MainWindow |item name: ouyeel [localhost:3306]
2021-03-22 21:02:25 |DEBUG |JavaFX Application Thread |SqlConnector.java:99 |com.zlimbo.zcat.connect.SqlConnector |database url: jdbc:mysql://localhost:3306/ouyeel?useSSL=false&useUnicode=true&characterEncoding=UTF8&serverTimezone=GMT&allowPublicKeyRetrieval=true
2021-03-22 21:02:25 |DEBUG |JavaFX Application Thread |MainWindow.java:619 |com.zlimbo.zcat.window.MainWindow |[showDatabaseTableTree] start
2021-03-22 21:02:25 |DEBUG |JavaFX Application Thread |SqlConnector.java:134 |com.zlimbo.zcat.connect.SqlConnector |[sqlShowTables] start
2021-03-22 21:02:25 |DEBUG |JavaFX Application Thread |SqlConnector.java:142 |com.zlimbo.zcat.connect.SqlConnector |table: invoice
2021-03-22 21:02:25 |DEBUG |JavaFX Application Thread |SqlConnector.java:142 |com.zlimbo.zcat.connect.SqlConnector |table: person
2021-03-22 21:02:25 |DEBUG |JavaFX Application Thread |SqlConnector.java:142 |com.zlimbo.zcat.connect.SqlConnector |table: privatekey
2021-03-22 21:02:25 |DEBUG |JavaFX Application Thread |SqlConnector.java:142 |com.zlimbo.zcat.connect.SqlConnector |table: resinfo
2021-03-22 21:02:25 |DEBUG |JavaFX Application Thread |SqlConnector.java:142 |com.zlimbo.zcat.connect.SqlConnector |table: resinfo2
2021-03-22 21:02:25 |DEBUG |JavaFX Application Thread |SqlConnector.java:142 |com.zlimbo.zcat.connect.SqlConnector |table: resinfo3
2021-03-22 21:02:25 |DEBUG |JavaFX Application Thread |SqlConnector.java:142 |com.zlimbo.zcat.connect.SqlConnector |table: resinfo4
2021-03-22 21:02:25 |DEBUG |JavaFX Application Thread |SqlConnector.java:142 |com.zlimbo.zcat.connect.SqlConnector |table: saleresource
2021-03-22 21:02:25 |DEBUG |JavaFX Application Thread |SqlConnector.java:142 |com.zlimbo.zcat.connect.SqlConnector |table: sc
2021-03-22 21:02:25 |DEBUG |JavaFX Application Thread |SqlConnector.java:142 |com.zlimbo.zcat.connect.SqlConnector |table: stu
2021-03-22 21:02:25 |DEBUG |JavaFX Application Thread |SqlConnector.java:142 |com.zlimbo.zcat.connect.SqlConnector |table: userkey
2021-03-22 21:02:25 |DEBUG |JavaFX Application Thread |SqlConnector.java:160 |com.zlimbo.zcat.connect.SqlConnector |[sqlShowTables] end
2021-03-22 21:02:25 |DEBUG |JavaFX Application Thread |MainWindow.java:644 |com.zlimbo.zcat.window.MainWindow |[showDatabaseTableTree] end
2021-03-22 21:02:25 |DEBUG |JavaFX Application Thread |MainWindow.java:211 |com.zlimbo.zcat.window.MainWindow |[handle] end
2021-03-22 21:02:26 |DEBUG |JavaFX Application Thread |MainWindow.java:174 |com.zlimbo.zcat.window.MainWindow |[handle] start

2021-03-22 21:02:26 |DEBUG |JavaFX Application Thread |MainWindow.java:211 |com.zlimbo.zcat.window.MainWindow |[handle] end
2021-03-22 21:02:26 |DEBUG |JavaFX Application Thread |MainWindow.java:174 |com.zlimbo.zcat.window.MainWindow |[handle] start

2021-03-22 21:02:26 |DEBUG |JavaFX Application Thread |MainWindow.java:179 |com.zlimbo.zcat.window.MainWindow |item name: invoice
2021-03-22 21:02:26 |DEBUG |JavaFX Application Thread |MainWindow.java:557 |com.zlimbo.zcat.window.MainWindow |[showTable] start
2021-03-22 21:02:26 |DEBUG |JavaFX Application Thread |MainWindow.java:241 |com.zlimbo.zcat.window.MainWindow |[addTab] start [tabName = invoice]
2021-03-22 21:02:26 |DEBUG |JavaFX Application Thread |MainWindow.java:245 |com.zlimbo.zcat.window.MainWindow |[addTab] end
2021-03-22 21:02:26 |DEBUG |JavaFX Application Thread |MainWindow.java:224 |com.zlimbo.zcat.window.MainWindow |[tabAddContextMenu] start [tabName = invoice]
2021-03-22 21:02:26 |DEBUG |JavaFX Application Thread |MainWindow.java:230 |com.zlimbo.zcat.window.MainWindow |[tabAddContextMenu] end
2021-03-22 21:02:26 |DEBUG |JavaFX Application Thread |MainWindow.java:396 |com.zlimbo.zcat.window.MainWindow |[executeSqlAndShowTableView] start
2021-03-22 21:02:26 |DEBUG |JavaFX Application Thread |MainWindow.java:397 |com.zlimbo.zcat.window.MainWindow |sql: SELECT * FROM invoice
2021-03-22 21:02:26 |DEBUG |JavaFX Application Thread |MainWindow.java:436 |com.zlimbo.zcat.window.MainWindow |SELECT
2021-03-22 21:02:26 |DEBUG |JavaFX Application Thread |SqlConnector.java:213 |com.zlimbo.zcat.connect.SqlConnector |[sqlQuery] start
2021-03-22 21:02:26 |DEBUG |JavaFX Application Thread |SqlConnector.java:214 |com.zlimbo.zcat.connect.SqlConnector |sql:SELECT * FROM invoice
2021-03-22 21:02:26 |DEBUG |JavaFX Application Thread |SqlConnector.java:227 |com.zlimbo.zcat.connect.SqlConnector |com.mysql.jdbc.JDBC42PreparedStatement@4acf7761: SELECT * FROM invoice
2021-03-22 21:02:26 |DEBUG |JavaFX Application Thread |SqlConnector.java:231 |com.zlimbo.zcat.connect.SqlConnector |jdbc query spend: 0.002s
2021-03-22 21:02:26 |DEBUG |JavaFX Application Thread |SqlConnector.java:269 |com.zlimbo.zcat.connect.SqlConnector |[sqlQuery] end
2021-03-22 21:02:26 |DEBUG |JavaFX Application Thread |MainWindow.java:345 |com.zlimbo.zcat.window.MainWindow |[showQuerySingle] start
2021-03-22 21:02:26 |DEBUG |JavaFX Application Thread |MainWindow.java:383 |com.zlimbo.zcat.window.MainWindow |[showQuerySingle] end
2021-03-22 21:02:26 |DEBUG |JavaFX Application Thread |MainWindow.java:485 |com.zlimbo.zcat.window.MainWindow |[executeSqlAndShowTableView] end
2021-03-22 21:02:26 |DEBUG |JavaFX Application Thread |MainWindow.java:611 |com.zlimbo.zcat.window.MainWindow |[showTable] end
2021-03-22 21:02:26 |DEBUG |JavaFX Application Thread |MainWindow.java:211 |com.zlimbo.zcat.window.MainWindow |[handle] end
2021-03-22 21:02:27 |DEBUG |JavaFX Application Thread |MainWindow.java:495 |com.zlimbo.zcat.window.MainWindow |[newQuery] start
2021-03-22 21:02:27 |DEBUG |JavaFX Application Thread |MainWindow.java:241 |com.zlimbo.zcat.window.MainWindow |[addTab] start [tabName = Query[1]]
2021-03-22 21:02:27 |DEBUG |JavaFX Application Thread |MainWindow.java:245 |com.zlimbo.zcat.window.MainWindow |[addTab] end
2021-03-22 21:02:27 |DEBUG |JavaFX Application Thread |MainWindow.java:224 |com.zlimbo.zcat.window.MainWindow |[tabAddContextMenu] start [tabName = Query[1]]
2021-03-22 21:02:27 |DEBUG |JavaFX Application Thread |MainWindow.java:230 |com.zlimbo.zcat.window.MainWindow |[tabAddContextMenu] end
2021-03-22 21:02:27 |DEBUG |JavaFX Application Thread |MainWindow.java:547 |com.zlimbo.zcat.window.MainWindow |[newQuery] end
2021-03-22 21:02:38 |DEBUG |JavaFX Application Thread |MainWindow.java:396 |com.zlimbo.zcat.window.MainWindow |[executeSqlAndShowTableView] start
2021-03-22 21:02:38 |DEBUG |JavaFX Application Thread |MainWindow.java:397 |com.zlimbo.zcat.window.MainWindow |sql: SELECT * FROM invoice;
2021-03-22 21:02:38 |DEBUG |JavaFX Application Thread |MainWindow.java:436 |com.zlimbo.zcat.window.MainWindow |SELECT
2021-03-22 21:02:38 |DEBUG |JavaFX Application Thread |SqlConnector.java:213 |com.zlimbo.zcat.connect.SqlConnector |[sqlQuery] start
2021-03-22 21:02:38 |DEBUG |JavaFX Application Thread |SqlConnector.java:214 |com.zlimbo.zcat.connect.SqlConnector |sql:SELECT * FROM invoice;
2021-03-22 21:02:38 |DEBUG |JavaFX Application Thread |SqlConnector.java:227 |com.zlimbo.zcat.connect.SqlConnector |com.mysql.jdbc.JDBC42PreparedStatement@44c74662: SELECT * FROM invoice;
2021-03-22 21:02:38 |DEBUG |JavaFX Application Thread |SqlConnector.java:231 |com.zlimbo.zcat.connect.SqlConnector |jdbc query spend: 0.0s
2021-03-22 21:02:38 |DEBUG |JavaFX Application Thread |SqlConnector.java:269 |com.zlimbo.zcat.connect.SqlConnector |[sqlQuery] end
2021-03-22 21:02:38 |DEBUG |JavaFX Application Thread |MainWindow.java:345 |com.zlimbo.zcat.window.MainWindow |[showQuerySingle] start
2021-03-22 21:02:38 |DEBUG |JavaFX Application Thread |MainWindow.java:383 |com.zlimbo.zcat.window.MainWindow |[showQuerySingle] end
2021-03-22 21:02:38 |DEBUG |JavaFX Application Thread |MainWindow.java:485 |com.zlimbo.zcat.window.MainWindow |[executeSqlAndShowTableView] end
2021-03-22 21:02:38 |DEBUG |JavaFX Application Thread |MainWindow.java:536 |com.zlimbo.zcat.window.MainWindow |flag: 3
2021-03-22 21:03:16 |DEBUG |JavaFX Application Thread |MainWindow.java:396 |com.zlimbo.zcat.window.MainWindow |[executeSqlAndShowTableView] start
2021-03-22 21:03:16 |DEBUG |JavaFX Application Thread |MainWindow.java:397 |com.zlimbo.zcat.window.MainWindow |sql: SELECT * FROM invoice using state;
2021-03-22 21:03:16 |DEBUG |JavaFX Application Thread |MainWindow.java:432 |com.zlimbo.zcat.window.MainWindow |USING STATE
2021-03-22 21:03:16 |DEBUG |JavaFX Application Thread |SqlConnector.java:285 |com.zlimbo.zcat.connect.SqlConnector |[sqlQueryForState] start
2021-03-22 21:03:16 |DEBUG |JavaFX Application Thread |SqlConnector.java:286 |com.zlimbo.zcat.connect.SqlConnector |sql:SELECT * FROM invoice using state;
2021-03-22 21:03:16 |ERROR |JavaFX Application Thread |SqlConnector.java:359 |com.zlimbo.zcat.connect.SqlConnector |null
2021-03-22 21:03:16 |DEBUG |JavaFX Application Thread |SqlConnector.java:379 |com.zlimbo.zcat.connect.SqlConnector |[sqlQuery] end
2021-03-22 21:03:16 |DEBUG |JavaFX Application Thread |MainWindow.java:345 |com.zlimbo.zcat.window.MainWindow |[showQuerySingle] start
2021-03-22 21:03:16 |DEBUG |JavaFX Application Thread |MainWindow.java:383 |com.zlimbo.zcat.window.MainWindow |[showQuerySingle] end
2021-03-22 21:03:16 |DEBUG |JavaFX Application Thread |MainWindow.java:485 |com.zlimbo.zcat.window.MainWindow |[executeSqlAndShowTableView] end
2021-03-22 21:03:16 |DEBUG |JavaFX Application Thread |MainWindow.java:536 |com.zlimbo.zcat.window.MainWindow |flag: 3
2021-03-22 21:03:22 |DEBUG |main |ConnectionLog.java:39 |com.zlimbo.zcat.connect.ConnectionLog |save connectionParams...
