2020-12-30 09:18:32 |DEBUG |JavaFX Application Thread |Main.java:26 |com.zlimbo.zcat.Main |[start] start
2020-12-30 09:18:32 |DEBUG |JavaFX Application Thread |MainWindowController.java:82 |com.zlimbo.zcat.controller.MainWindowController |[initialize] start
2020-12-30 09:18:32 |DEBUG |JavaFX Application Thread |SqlController.java:131 |com.zlimbo.zcat.controller.SqlController |[SqlControl] start
2020-12-30 09:18:32 |DEBUG |JavaFX Application Thread |SqlController.java:144 |com.zlimbo.zcat.controller.SqlController |database url: jdbc:mysql://192.168.6.108:3100/ouyeel?useSSL=false&useUnicode=true&characterEncoding=UTF8&serverTimezone=GMT&allowPublicKeyRetrieval=true
2020-12-30 09:18:33 |DEBUG |JavaFX Application Thread |SqlController.java:156 |com.zlimbo.zcat.controller.SqlController |[SqlController] end
2020-12-30 09:18:33 |DEBUG |JavaFX Application Thread |MainWindowController.java:494 |com.zlimbo.zcat.controller.MainWindowController |[showDatabase] start
2020-12-30 09:18:33 |DEBUG |JavaFX Application Thread |SqlController.java:165 |com.zlimbo.zcat.controller.SqlController |[sqlShowTables] start
2020-12-30 09:18:33 |DEBUG |JavaFX Application Thread |SqlController.java:173 |com.zlimbo.zcat.controller.SqlController |table: invoice
2020-12-30 09:18:33 |DEBUG |JavaFX Application Thread |SqlController.java:191 |com.zlimbo.zcat.controller.SqlController |[sqlShowTables] end
2020-12-30 09:18:33 |DEBUG |JavaFX Application Thread |MainWindowController.java:531 |com.zlimbo.zcat.controller.MainWindowController |[showDatabase] end
2020-12-30 09:18:33 |DEBUG |JavaFX Application Thread |MainWindowController.java:109 |com.zlimbo.zcat.controller.MainWindowController |[initialize] end
2020-12-30 09:18:33 |DEBUG |JavaFX Application Thread |Main.java:35 |com.zlimbo.zcat.Main |[start] end
2020-12-30 09:18:36 |DEBUG |JavaFX Application Thread |MainWindowController.java:513 |com.zlimbo.zcat.controller.MainWindowController |[handle] start

2020-12-30 09:18:36 |DEBUG |JavaFX Application Thread |MainWindowController.java:527 |com.zlimbo.zcat.controller.MainWindowController |[handle] end
2020-12-30 09:18:36 |DEBUG |JavaFX Application Thread |MainWindowController.java:513 |com.zlimbo.zcat.controller.MainWindowController |[handle] start

2020-12-30 09:18:36 |DEBUG |JavaFX Application Thread |MainWindowController.java:517 |com.zlimbo.zcat.controller.MainWindowController |item name: invoice
2020-12-30 09:18:36 |DEBUG |JavaFX Application Thread |MainWindowController.java:118 |com.zlimbo.zcat.controller.MainWindowController |[showTable] start
2020-12-30 09:18:36 |DEBUG |JavaFX Application Thread |MainWindowController.java:618 |com.zlimbo.zcat.controller.MainWindowController |[addTab] start [tabName = invoice]
2020-12-30 09:18:36 |DEBUG |JavaFX Application Thread |MainWindowController.java:622 |com.zlimbo.zcat.controller.MainWindowController |[addTab] end
2020-12-30 09:18:36 |DEBUG |JavaFX Application Thread |MainWindowController.java:602 |com.zlimbo.zcat.controller.MainWindowController |[tabAddContextMenu] start [tabName = invoice]
2020-12-30 09:18:36 |DEBUG |JavaFX Application Thread |MainWindowController.java:608 |com.zlimbo.zcat.controller.MainWindowController |[tabAddContextMenu] end
2020-12-30 09:18:36 |DEBUG |JavaFX Application Thread |MainWindowController.java:184 |com.zlimbo.zcat.controller.MainWindowController |[executeSqlAndShowTableView] start
2020-12-30 09:18:36 |DEBUG |JavaFX Application Thread |MainWindowController.java:185 |com.zlimbo.zcat.controller.MainWindowController |sql: SELECT * FROM invoice
2020-12-30 09:18:36 |DEBUG |JavaFX Application Thread |MainWindowController.java:214 |com.zlimbo.zcat.controller.MainWindowController |Query!
2020-12-30 09:18:36 |DEBUG |JavaFX Application Thread |SqlController.java:242 |com.zlimbo.zcat.controller.SqlController |[sqlQuery] start
2020-12-30 09:18:36 |DEBUG |JavaFX Application Thread |SqlController.java:243 |com.zlimbo.zcat.controller.SqlController |sql:SELECT * FROM invoice
2020-12-30 09:18:36 |DEBUG |JavaFX Application Thread |SqlController.java:255 |com.zlimbo.zcat.controller.SqlController |com.mysql.jdbc.JDBC42PreparedStatement@13cb9255: SELECT * FROM invoice
2020-12-30 09:18:36 |DEBUG |JavaFX Application Thread |SqlController.java:295 |com.zlimbo.zcat.controller.SqlController |[sqlQuery] end
2020-12-30 09:18:36 |DEBUG |JavaFX Application Thread |MainWindowController.java:274 |com.zlimbo.zcat.controller.MainWindowController |[showQuerySingle] start
2020-12-30 09:18:36 |DEBUG |JavaFX Application Thread |MainWindowController.java:312 |com.zlimbo.zcat.controller.MainWindowController |[showQuerySingle] end
2020-12-30 09:18:36 |DEBUG |JavaFX Application Thread |MainWindowController.java:261 |com.zlimbo.zcat.controller.MainWindowController |[executeSqlAndShowTableView] end
2020-12-30 09:18:36 |DEBUG |JavaFX Application Thread |MainWindowController.java:172 |com.zlimbo.zcat.controller.MainWindowController |[showTable] end
2020-12-30 09:18:36 |DEBUG |JavaFX Application Thread |MainWindowController.java:527 |com.zlimbo.zcat.controller.MainWindowController |[handle] end
2020-12-30 09:40:38 |DEBUG |JavaFX Application Thread |Main.java:26 |com.zlimbo.zcat.Main |[start] start
2020-12-30 09:40:38 |DEBUG |JavaFX Application Thread |MainWindowController.java:82 |com.zlimbo.zcat.controller.MainWindowController |[initialize] start
2020-12-30 09:40:38 |DEBUG |JavaFX Application Thread |SqlController.java:131 |com.zlimbo.zcat.controller.SqlController |[SqlControl] start
2020-12-30 09:40:38 |DEBUG |JavaFX Application Thread |SqlController.java:144 |com.zlimbo.zcat.controller.SqlController |database url: jdbc:mysql://192.168.6.108:3100/ouyeel?useSSL=false&useUnicode=true&characterEncoding=UTF8&serverTimezone=GMT&allowPublicKeyRetrieval=true
2020-12-30 09:40:39 |DEBUG |JavaFX Application Thread |SqlController.java:156 |com.zlimbo.zcat.controller.SqlController |[SqlController] end
2020-12-30 09:40:39 |DEBUG |JavaFX Application Thread |MainWindowController.java:494 |com.zlimbo.zcat.controller.MainWindowController |[showDatabase] start
2020-12-30 09:40:39 |DEBUG |JavaFX Application Thread |SqlController.java:165 |com.zlimbo.zcat.controller.SqlController |[sqlShowTables] start
2020-12-30 09:40:39 |DEBUG |JavaFX Application Thread |SqlController.java:173 |com.zlimbo.zcat.controller.SqlController |table: invoice
2020-12-30 09:40:39 |DEBUG |JavaFX Application Thread |SqlController.java:191 |com.zlimbo.zcat.controller.SqlController |[sqlShowTables] end
2020-12-30 09:40:39 |DEBUG |JavaFX Application Thread |MainWindowController.java:531 |com.zlimbo.zcat.controller.MainWindowController |[showDatabase] end
2020-12-30 09:40:39 |DEBUG |JavaFX Application Thread |MainWindowController.java:109 |com.zlimbo.zcat.controller.MainWindowController |[initialize] end
2020-12-30 09:40:39 |DEBUG |JavaFX Application Thread |Main.java:35 |com.zlimbo.zcat.Main |[start] end
2020-12-30 09:40:40 |DEBUG |JavaFX Application Thread |MainWindowController.java:513 |com.zlimbo.zcat.controller.MainWindowController |[handle] start

2020-12-30 09:40:40 |DEBUG |JavaFX Application Thread |MainWindowController.java:527 |com.zlimbo.zcat.controller.MainWindowController |[handle] end
2020-12-30 09:40:40 |DEBUG |JavaFX Application Thread |MainWindowController.java:513 |com.zlimbo.zcat.controller.MainWindowController |[handle] start

2020-12-30 09:40:40 |DEBUG |JavaFX Application Thread |MainWindowController.java:517 |com.zlimbo.zcat.controller.MainWindowController |item name: invoice
2020-12-30 09:40:40 |DEBUG |JavaFX Application Thread |MainWindowController.java:118 |com.zlimbo.zcat.controller.MainWindowController |[showTable] start
2020-12-30 09:40:40 |DEBUG |JavaFX Application Thread |MainWindowController.java:618 |com.zlimbo.zcat.controller.MainWindowController |[addTab] start [tabName = invoice]
2020-12-30 09:40:40 |DEBUG |JavaFX Application Thread |MainWindowController.java:622 |com.zlimbo.zcat.controller.MainWindowController |[addTab] end
2020-12-30 09:40:40 |DEBUG |JavaFX Application Thread |MainWindowController.java:602 |com.zlimbo.zcat.controller.MainWindowController |[tabAddContextMenu] start [tabName = invoice]
2020-12-30 09:40:40 |DEBUG |JavaFX Application Thread |MainWindowController.java:608 |com.zlimbo.zcat.controller.MainWindowController |[tabAddContextMenu] end
2020-12-30 09:40:40 |DEBUG |JavaFX Application Thread |MainWindowController.java:184 |com.zlimbo.zcat.controller.MainWindowController |[executeSqlAndShowTableView] start
2020-12-30 09:40:40 |DEBUG |JavaFX Application Thread |MainWindowController.java:185 |com.zlimbo.zcat.controller.MainWindowController |sql: SELECT * FROM invoice
2020-12-30 09:40:40 |DEBUG |JavaFX Application Thread |MainWindowController.java:214 |com.zlimbo.zcat.controller.MainWindowController |Query!
2020-12-30 09:40:40 |DEBUG |JavaFX Application Thread |SqlController.java:242 |com.zlimbo.zcat.controller.SqlController |[sqlQuery] start
2020-12-30 09:40:40 |DEBUG |JavaFX Application Thread |SqlController.java:243 |com.zlimbo.zcat.controller.SqlController |sql:SELECT * FROM invoice
2020-12-30 09:40:40 |DEBUG |JavaFX Application Thread |SqlController.java:255 |com.zlimbo.zcat.controller.SqlController |com.mysql.jdbc.JDBC42PreparedStatement@7cac217f: SELECT * FROM invoice
2020-12-30 09:40:42 |DEBUG |JavaFX Application Thread |SqlController.java:295 |com.zlimbo.zcat.controller.SqlController |[sqlQuery] end
2020-12-30 09:40:42 |DEBUG |JavaFX Application Thread |MainWindowController.java:274 |com.zlimbo.zcat.controller.MainWindowController |[showQuerySingle] start
2020-12-30 09:40:42 |DEBUG |JavaFX Application Thread |MainWindowController.java:312 |com.zlimbo.zcat.controller.MainWindowController |[showQuerySingle] end
2020-12-30 09:40:42 |DEBUG |JavaFX Application Thread |MainWindowController.java:261 |com.zlimbo.zcat.controller.MainWindowController |[executeSqlAndShowTableView] end
2020-12-30 09:40:42 |DEBUG |JavaFX Application Thread |MainWindowController.java:172 |com.zlimbo.zcat.controller.MainWindowController |[showTable] end
2020-12-30 09:40:42 |DEBUG |JavaFX Application Thread |MainWindowController.java:527 |com.zlimbo.zcat.controller.MainWindowController |[handle] end
2020-12-30 09:40:45 |DEBUG |JavaFX Application Thread |MainWindowController.java:540 |com.zlimbo.zcat.controller.MainWindowController |[newQuery] start
2020-12-30 09:40:45 |DEBUG |JavaFX Application Thread |MainWindowController.java:618 |com.zlimbo.zcat.controller.MainWindowController |[addTab] start [tabName = 查询[1]]
2020-12-30 09:40:45 |DEBUG |JavaFX Application Thread |MainWindowController.java:622 |com.zlimbo.zcat.controller.MainWindowController |[addTab] end
2020-12-30 09:40:45 |DEBUG |JavaFX Application Thread |MainWindowController.java:602 |com.zlimbo.zcat.controller.MainWindowController |[tabAddContextMenu] start [tabName = 查询[1]]
2020-12-30 09:40:45 |DEBUG |JavaFX Application Thread |MainWindowController.java:608 |com.zlimbo.zcat.controller.MainWindowController |[tabAddContextMenu] end
2020-12-30 09:40:45 |DEBUG |JavaFX Application Thread |MainWindowController.java:592 |com.zlimbo.zcat.controller.MainWindowController |[newQuery] end
2020-12-30 09:41:43 |DEBUG |JavaFX Application Thread |MainWindowController.java:184 |com.zlimbo.zcat.controller.MainWindowController |[executeSqlAndShowTableView] start
2020-12-30 09:41:43 |DEBUG |JavaFX Application Thread |MainWindowController.java:185 |com.zlimbo.zcat.controller.MainWindowController |sql: select * from invoice where REQUEST_SN="f4da33f8-8890-4b61-8c29-627d3a8ac248";

2020-12-30 09:41:43 |DEBUG |JavaFX Application Thread |MainWindowController.java:214 |com.zlimbo.zcat.controller.MainWindowController |Query!
2020-12-30 09:41:43 |DEBUG |JavaFX Application Thread |SqlController.java:242 |com.zlimbo.zcat.controller.SqlController |[sqlQuery] start
2020-12-30 09:41:43 |DEBUG |JavaFX Application Thread |SqlController.java:243 |com.zlimbo.zcat.controller.SqlController |sql:select * from invoice where REQUEST_SN="f4da33f8-8890-4b61-8c29-627d3a8ac248"; 
2020-12-30 09:41:43 |DEBUG |JavaFX Application Thread |SqlController.java:255 |com.zlimbo.zcat.controller.SqlController |com.mysql.jdbc.JDBC42PreparedStatement@134b6317: select * from invoice where REQUEST_SN="f4da33f8-8890-4b61-8c29-627d3a8ac248"; 
2020-12-30 09:41:43 |ERROR |JavaFX Application Thread |SqlController.java:275 |com.zlimbo.zcat.controller.SqlController |Communications link failure

The last packet successfully received from the server was 61,960 milliseconds ago.  The last packet sent successfully to the server was 6 milliseconds ago.
2020-12-30 09:41:43 |DEBUG |JavaFX Application Thread |SqlController.java:295 |com.zlimbo.zcat.controller.SqlController |[sqlQuery] end
2020-12-30 09:41:43 |DEBUG |JavaFX Application Thread |MainWindowController.java:261 |com.zlimbo.zcat.controller.MainWindowController |[executeSqlAndShowTableView] end
2020-12-30 09:41:43 |DEBUG |JavaFX Application Thread |MainWindowController.java:581 |com.zlimbo.zcat.controller.MainWindowController |flag: 0
2020-12-30 12:49:14 |DEBUG |JavaFX Application Thread |Main.java:26 |com.zlimbo.zcat.Main |[start] start
2020-12-30 12:49:14 |DEBUG |JavaFX Application Thread |MainWindowController.java:82 |com.zlimbo.zcat.controller.MainWindowController |[initialize] start
2020-12-30 12:49:14 |DEBUG |JavaFX Application Thread |SqlController.java:131 |com.zlimbo.zcat.controller.SqlController |[SqlControl] start
2020-12-30 12:49:14 |DEBUG |JavaFX Application Thread |SqlController.java:144 |com.zlimbo.zcat.controller.SqlController |database url: jdbc:mysql://192.168.6.108:3100/ouyeel?useSSL=false&useUnicode=true&characterEncoding=UTF8&serverTimezone=GMT&allowPublicKeyRetrieval=true
2020-12-30 12:49:24 |ERROR |JavaFX Application Thread |SqlController.java:150 |com.zlimbo.zcat.controller.SqlController |database connect fail: Communications link failure

The last packet sent successfully to the server was 0 milliseconds ago. The driver has not received any packets from the server.
2020-12-30 12:49:24 |DEBUG |JavaFX Application Thread |SqlController.java:156 |com.zlimbo.zcat.controller.SqlController |[SqlController] end
2020-12-30 12:49:24 |DEBUG |JavaFX Application Thread |MainWindowController.java:494 |com.zlimbo.zcat.controller.MainWindowController |[showDatabase] start
2020-12-30 12:49:24 |DEBUG |JavaFX Application Thread |SqlController.java:165 |com.zlimbo.zcat.controller.SqlController |[sqlShowTables] start
2020-12-30 12:49:24 |ERROR |JavaFX Application Thread |SqlController.java:177 |com.zlimbo.zcat.controller.SqlController |null
2020-12-30 12:49:24 |DEBUG |JavaFX Application Thread |SqlController.java:191 |com.zlimbo.zcat.controller.SqlController |[sqlShowTables] end
2020-12-30 12:49:24 |DEBUG |JavaFX Application Thread |MainWindowController.java:531 |com.zlimbo.zcat.controller.MainWindowController |[showDatabase] end
2020-12-30 12:49:24 |DEBUG |JavaFX Application Thread |MainWindowController.java:109 |com.zlimbo.zcat.controller.MainWindowController |[initialize] end
2020-12-30 12:49:25 |DEBUG |JavaFX Application Thread |Main.java:35 |com.zlimbo.zcat.Main |[start] end
2020-12-30 12:49:30 |DEBUG |JavaFX Application Thread |MainWindowController.java:513 |com.zlimbo.zcat.controller.MainWindowController |[handle] start

2020-12-30 12:49:30 |DEBUG |JavaFX Application Thread |MainWindowController.java:527 |com.zlimbo.zcat.controller.MainWindowController |[handle] end
2020-12-30 12:49:30 |DEBUG |JavaFX Application Thread |MainWindowController.java:513 |com.zlimbo.zcat.controller.MainWindowController |[handle] start

2020-12-30 12:49:30 |DEBUG |JavaFX Application Thread |MainWindowController.java:517 |com.zlimbo.zcat.controller.MainWindowController |item name: ouyeel
2020-12-30 12:49:30 |DEBUG |JavaFX Application Thread |MainWindowController.java:494 |com.zlimbo.zcat.controller.MainWindowController |[showDatabase] start
2020-12-30 12:49:30 |DEBUG |JavaFX Application Thread |SqlController.java:165 |com.zlimbo.zcat.controller.SqlController |[sqlShowTables] start
2020-12-30 12:49:30 |ERROR |JavaFX Application Thread |SqlController.java:177 |com.zlimbo.zcat.controller.SqlController |null
2020-12-30 12:49:30 |DEBUG |JavaFX Application Thread |SqlController.java:191 |com.zlimbo.zcat.controller.SqlController |[sqlShowTables] end
2020-12-30 12:49:30 |DEBUG |JavaFX Application Thread |MainWindowController.java:531 |com.zlimbo.zcat.controller.MainWindowController |[showDatabase] end
2020-12-30 12:49:30 |DEBUG |JavaFX Application Thread |MainWindowController.java:527 |com.zlimbo.zcat.controller.MainWindowController |[handle] end
2020-12-30 12:49:44 |DEBUG |JavaFX Application Thread |Main.java:26 |com.zlimbo.zcat.Main |[start] start
2020-12-30 12:49:44 |DEBUG |JavaFX Application Thread |MainWindowController.java:82 |com.zlimbo.zcat.controller.MainWindowController |[initialize] start
2020-12-30 12:49:45 |DEBUG |JavaFX Application Thread |SqlController.java:131 |com.zlimbo.zcat.controller.SqlController |[SqlControl] start
2020-12-30 12:49:45 |DEBUG |JavaFX Application Thread |SqlController.java:144 |com.zlimbo.zcat.controller.SqlController |database url: jdbc:mysql://localhost:3306/ouyeel?useSSL=false&useUnicode=true&characterEncoding=UTF8&serverTimezone=GMT&allowPublicKeyRetrieval=true
2020-12-30 12:49:45 |DEBUG |JavaFX Application Thread |SqlController.java:156 |com.zlimbo.zcat.controller.SqlController |[SqlController] end
2020-12-30 12:49:45 |DEBUG |JavaFX Application Thread |MainWindowController.java:494 |com.zlimbo.zcat.controller.MainWindowController |[showDatabase] start
2020-12-30 12:49:45 |DEBUG |JavaFX Application Thread |SqlController.java:165 |com.zlimbo.zcat.controller.SqlController |[sqlShowTables] start
2020-12-30 12:49:45 |DEBUG |JavaFX Application Thread |SqlController.java:173 |com.zlimbo.zcat.controller.SqlController |table: invoice
2020-12-30 12:49:45 |DEBUG |JavaFX Application Thread |SqlController.java:173 |com.zlimbo.zcat.controller.SqlController |table: person
2020-12-30 12:49:45 |DEBUG |JavaFX Application Thread |SqlController.java:173 |com.zlimbo.zcat.controller.SqlController |table: privatekey
2020-12-30 12:49:45 |DEBUG |JavaFX Application Thread |SqlController.java:173 |com.zlimbo.zcat.controller.SqlController |table: resinfo
2020-12-30 12:49:45 |DEBUG |JavaFX Application Thread |SqlController.java:173 |com.zlimbo.zcat.controller.SqlController |table: resinfo2
2020-12-30 12:49:45 |DEBUG |JavaFX Application Thread |SqlController.java:173 |com.zlimbo.zcat.controller.SqlController |table: resinfo3
2020-12-30 12:49:45 |DEBUG |JavaFX Application Thread |SqlController.java:173 |com.zlimbo.zcat.controller.SqlController |table: resinfo4
2020-12-30 12:49:45 |DEBUG |JavaFX Application Thread |SqlController.java:173 |com.zlimbo.zcat.controller.SqlController |table: sc
2020-12-30 12:49:45 |DEBUG |JavaFX Application Thread |SqlController.java:173 |com.zlimbo.zcat.controller.SqlController |table: stu
2020-12-30 12:49:45 |DEBUG |JavaFX Application Thread |SqlController.java:173 |com.zlimbo.zcat.controller.SqlController |table: test
2020-12-30 12:49:45 |DEBUG |JavaFX Application Thread |SqlController.java:173 |com.zlimbo.zcat.controller.SqlController |table: tx
2020-12-30 12:49:45 |DEBUG |JavaFX Application Thread |SqlController.java:173 |com.zlimbo.zcat.controller.SqlController |table: userkey
2020-12-30 12:49:45 |DEBUG |JavaFX Application Thread |SqlController.java:191 |com.zlimbo.zcat.controller.SqlController |[sqlShowTables] end
2020-12-30 12:49:45 |DEBUG |JavaFX Application Thread |MainWindowController.java:531 |com.zlimbo.zcat.controller.MainWindowController |[showDatabase] end
2020-12-30 12:49:45 |DEBUG |JavaFX Application Thread |MainWindowController.java:109 |com.zlimbo.zcat.controller.MainWindowController |[initialize] end
2020-12-30 12:49:45 |DEBUG |JavaFX Application Thread |Main.java:35 |com.zlimbo.zcat.Main |[start] end
2020-12-30 12:49:47 |DEBUG |JavaFX Application Thread |MainWindowController.java:513 |com.zlimbo.zcat.controller.MainWindowController |[handle] start

2020-12-30 12:49:47 |DEBUG |JavaFX Application Thread |MainWindowController.java:527 |com.zlimbo.zcat.controller.MainWindowController |[handle] end
2020-12-30 12:49:47 |DEBUG |JavaFX Application Thread |MainWindowController.java:513 |com.zlimbo.zcat.controller.MainWindowController |[handle] start

2020-12-30 12:49:47 |DEBUG |JavaFX Application Thread |MainWindowController.java:517 |com.zlimbo.zcat.controller.MainWindowController |item name: invoice
2020-12-30 12:49:47 |DEBUG |JavaFX Application Thread |MainWindowController.java:118 |com.zlimbo.zcat.controller.MainWindowController |[showTable] start
2020-12-30 12:49:47 |DEBUG |JavaFX Application Thread |MainWindowController.java:618 |com.zlimbo.zcat.controller.MainWindowController |[addTab] start [tabName = invoice]
2020-12-30 12:49:47 |DEBUG |JavaFX Application Thread |MainWindowController.java:622 |com.zlimbo.zcat.controller.MainWindowController |[addTab] end
2020-12-30 12:49:47 |DEBUG |JavaFX Application Thread |MainWindowController.java:602 |com.zlimbo.zcat.controller.MainWindowController |[tabAddContextMenu] start [tabName = invoice]
2020-12-30 12:49:47 |DEBUG |JavaFX Application Thread |MainWindowController.java:608 |com.zlimbo.zcat.controller.MainWindowController |[tabAddContextMenu] end
2020-12-30 12:49:47 |DEBUG |JavaFX Application Thread |MainWindowController.java:184 |com.zlimbo.zcat.controller.MainWindowController |[executeSqlAndShowTableView] start
2020-12-30 12:49:47 |DEBUG |JavaFX Application Thread |MainWindowController.java:185 |com.zlimbo.zcat.controller.MainWindowController |sql: SELECT * FROM invoice
2020-12-30 12:49:47 |DEBUG |JavaFX Application Thread |MainWindowController.java:214 |com.zlimbo.zcat.controller.MainWindowController |Query!
2020-12-30 12:49:47 |DEBUG |JavaFX Application Thread |SqlController.java:242 |com.zlimbo.zcat.controller.SqlController |[sqlQuery] start
2020-12-30 12:49:47 |DEBUG |JavaFX Application Thread |SqlController.java:243 |com.zlimbo.zcat.controller.SqlController |sql:SELECT * FROM invoice
2020-12-30 12:49:47 |DEBUG |JavaFX Application Thread |SqlController.java:255 |com.zlimbo.zcat.controller.SqlController |com.mysql.jdbc.JDBC42PreparedStatement@75a0decb: SELECT * FROM invoice
2020-12-30 12:49:47 |DEBUG |JavaFX Application Thread |SqlController.java:295 |com.zlimbo.zcat.controller.SqlController |[sqlQuery] end
2020-12-30 12:49:47 |DEBUG |JavaFX Application Thread |MainWindowController.java:274 |com.zlimbo.zcat.controller.MainWindowController |[showQuerySingle] start
2020-12-30 12:49:47 |DEBUG |JavaFX Application Thread |MainWindowController.java:312 |com.zlimbo.zcat.controller.MainWindowController |[showQuerySingle] end
2020-12-30 12:49:47 |DEBUG |JavaFX Application Thread |MainWindowController.java:261 |com.zlimbo.zcat.controller.MainWindowController |[executeSqlAndShowTableView] end
2020-12-30 12:49:47 |DEBUG |JavaFX Application Thread |MainWindowController.java:172 |com.zlimbo.zcat.controller.MainWindowController |[showTable] end
2020-12-30 12:49:47 |DEBUG |JavaFX Application Thread |MainWindowController.java:527 |com.zlimbo.zcat.controller.MainWindowController |[handle] end
